Namespace(batch_size=32, beta1=0.5, cuda=False, dataroot='./cifar10', dataset='cifar10', image_size=64, learning_rate=0.0002, local_rank=0, max_workers=1, ndf=64, ngf=64, num_epochs=1, nz=100, out_folder='.', seed=0) 
Using GPU: False 
Rank: 0. World Size: 4 
Rank: 0, Initialize time: 65.0108 s 
Rank: 0, Epoch: 0, Training ... 
[epoch: 0/1][iteration: 0/391][rank: 0] Loss_D: 1.4350, Loss_G: 4.2139, D(x): 0.5977, D(G(z)): 0.5917 / 0.0155, iteration time: 1.3269s 
Rank: 0, Epoch: 0, iteration: 0/391, It. time: 1.3269s, Elapsed time: 66.3715 s 
[epoch: 0/1][iteration: 1/391][rank: 0] Loss_D: 0.9309, Loss_G: 3.3999, D(x): 0.5895, D(G(z)): 0.3032 / 0.0345, iteration time: 1.2314s 
Rank: 0, Epoch: 0, iteration: 1/391, It. time: 1.2314s, Elapsed time: 67.8628 s 
[epoch: 0/1][iteration: 2/391][rank: 0] Loss_D: 0.8047, Loss_G: 4.3079, D(x): 0.7339, D(G(z)): 0.3680 / 0.0138, iteration time: 1.2032s 
Rank: 0, Epoch: 0, iteration: 2/391, It. time: 1.2032s, Elapsed time: 69.0672 s 
[epoch: 0/1][iteration: 3/391][rank: 0] Loss_D: 0.6059, Loss_G: 4.7905, D(x): 0.7876, D(G(z)): 0.2739 / 0.0087, iteration time: 1.1940s 
Rank: 0, Epoch: 0, iteration: 3/391, It. time: 1.1940s, Elapsed time: 70.2624 s 
[epoch: 0/1][iteration: 4/391][rank: 0] Loss_D: 0.5619, Loss_G: 5.2550, D(x): 0.7967, D(G(z)): 0.2669 / 0.0055, iteration time: 1.1980s 
Rank: 0, Epoch: 0, iteration: 4/391, It. time: 1.1980s, Elapsed time: 71.4636 s 
[epoch: 0/1][iteration: 5/391][rank: 0] Loss_D: 0.6119, Loss_G: 6.0653, D(x): 0.7662, D(G(z)): 0.2673 / 0.0024, iteration time: 1.2004s 
Rank: 0, Epoch: 0, iteration: 5/391, It. time: 1.2004s, Elapsed time: 72.6670 s 
[epoch: 0/1][iteration: 6/391][rank: 0] Loss_D: 0.4273, Loss_G: 6.5178, D(x): 0.8424, D(G(z)): 0.2106 / 0.0016, iteration time: 1.1980s 
Rank: 0, Epoch: 0, iteration: 6/391, It. time: 1.1980s, Elapsed time: 73.8661 s 
[epoch: 0/1][iteration: 7/391][rank: 0] Loss_D: 0.5004, Loss_G: 7.0632, D(x): 0.8111, D(G(z)): 0.2283 / 0.0009, iteration time: 1.2042s 
Rank: 0, Epoch: 0, iteration: 7/391, It. time: 1.2042s, Elapsed time: 75.0716 s 
[epoch: 0/1][iteration: 8/391][rank: 0] Loss_D: 0.6092, Loss_G: 7.4523, D(x): 0.7381, D(G(z)): 0.1743 / 0.0006, iteration time: 1.2097s 
Rank: 0, Epoch: 0, iteration: 8/391, It. time: 1.2097s, Elapsed time: 76.2826 s 
[epoch: 0/1][iteration: 9/391][rank: 0] Loss_D: 0.3852, Loss_G: 8.3350, D(x): 0.8788, D(G(z)): 0.1729 / 0.0003, iteration time: 1.2113s 
Rank: 0, Epoch: 0, iteration: 9/391, It. time: 1.2113s, Elapsed time: 77.4953 s 
[epoch: 0/1][iteration: 10/391][rank: 0] Loss_D: 0.3527, Loss_G: 7.2010, D(x): 0.8266, D(G(z)): 0.0793 / 0.0008, iteration time: 1.2109s 
Rank: 0, Epoch: 0, iteration: 10/391, It. time: 1.2109s, Elapsed time: 78.7075 s 
[epoch: 0/1][iteration: 11/391][rank: 0] Loss_D: 0.5259, Loss_G: 10.8698, D(x): 0.9343, D(G(z)): 0.3585 / 0.0000, iteration time: 1.2064s 
Rank: 0, Epoch: 0, iteration: 11/391, It. time: 1.2064s, Elapsed time: 79.9151 s 
[epoch: 0/1][iteration: 12/391][rank: 0] Loss_D: 0.2204, Loss_G: 9.0487, D(x): 0.8289, D(G(z)): 0.0039 / 0.0001, iteration time: 1.2022s 
Rank: 0, Epoch: 0, iteration: 12/391, It. time: 1.2022s, Elapsed time: 81.1185 s 
[epoch: 0/1][iteration: 13/391][rank: 0] Loss_D: 0.4381, Loss_G: 10.6154, D(x): 0.9119, D(G(z)): 0.2772 / 0.0000, iteration time: 1.2089s 
Rank: 0, Epoch: 0, iteration: 13/391, It. time: 1.2089s, Elapsed time: 82.3287 s 
[epoch: 0/1][iteration: 14/391][rank: 0] Loss_D: 0.1710, Loss_G: 9.1189, D(x): 0.8642, D(G(z)): 0.0069 / 0.0001, iteration time: 1.2119s 
Rank: 0, Epoch: 0, iteration: 14/391, It. time: 1.2119s, Elapsed time: 83.5418 s 
[epoch: 0/1][iteration: 15/391][rank: 0] Loss_D: 0.3025, Loss_G: 10.8583, D(x): 0.9281, D(G(z)): 0.1850 / 0.0000, iteration time: 1.2310s 
Rank: 0, Epoch: 0, iteration: 15/391, It. time: 1.2310s, Elapsed time: 84.7740 s 
[epoch: 0/1][iteration: 16/391][rank: 0] Loss_D: 0.1256, Loss_G: 9.1918, D(x): 0.8980, D(G(z)): 0.0048 / 0.0001, iteration time: 1.2002s 
Rank: 0, Epoch: 0, iteration: 16/391, It. time: 1.2002s, Elapsed time: 85.9753 s 
[epoch: 0/1][iteration: 17/391][rank: 0] Loss_D: 0.3395, Loss_G: 12.6243, D(x): 0.9323, D(G(z)): 0.2277 / 0.0000, iteration time: 1.2104s 
Rank: 0, Epoch: 0, iteration: 17/391, It. time: 1.2104s, Elapsed time: 87.1870 s 
[epoch: 0/1][iteration: 18/391][rank: 0] Loss_D: 0.1113, Loss_G: 11.9692, D(x): 0.9018, D(G(z)): 0.0003 / 0.0000, iteration time: 1.1890s 
Rank: 0, Epoch: 0, iteration: 18/391, It. time: 1.1890s, Elapsed time: 88.3784 s 
[epoch: 0/1][iteration: 19/391][rank: 0] Loss_D: 0.0949, Loss_G: 7.2045, D(x): 0.9179, D(G(z)): 0.0036 / 0.0009, iteration time: 1.1949s 
Rank: 0, Epoch: 0, iteration: 19/391, It. time: 1.1949s, Elapsed time: 89.5745 s 
[epoch: 0/1][iteration: 20/391][rank: 0] Loss_D: 1.6579, Loss_G: 15.1877, D(x): 0.9745, D(G(z)): 0.7851 / 0.0000, iteration time: 1.1933s 
Rank: 0, Epoch: 0, iteration: 20/391, It. time: 1.1933s, Elapsed time: 90.7690 s 
[epoch: 0/1][iteration: 21/391][rank: 0] Loss_D: 0.2446, Loss_G: 16.2140, D(x): 0.8335, D(G(z)): 0.0000 / 0.0000, iteration time: 1.2118s 
Rank: 0, Epoch: 0, iteration: 21/391, It. time: 1.2118s, Elapsed time: 91.9820 s 
[epoch: 0/1][iteration: 22/391][rank: 0] Loss_D: 0.2429, Loss_G: 15.7223, D(x): 0.8206, D(G(z)): 0.0000 / 0.0000, iteration time: 1.2126s 
Rank: 0, Epoch: 0, iteration: 22/391, It. time: 1.2126s, Elapsed time: 93.1958 s 
[epoch: 0/1][iteration: 23/391][rank: 0] Loss_D: 0.1086, Loss_G: 14.3895, D(x): 0.9104, D(G(z)): 0.0000 / 0.0000, iteration time: 1.2179s 
Rank: 0, Epoch: 0, iteration: 23/391, It. time: 1.2179s, Elapsed time: 94.4149 s 
[epoch: 0/1][iteration: 24/391][rank: 0] Loss_D: 0.0386, Loss_G: 11.8782, D(x): 0.9638, D(G(z)): 0.0000 / 0.0000, iteration time: 1.2038s 
Rank: 0, Epoch: 0, iteration: 24/391, It. time: 1.2038s, Elapsed time: 95.6199 s 
[epoch: 0/1][iteration: 25/391][rank: 0] Loss_D: 0.0420, Loss_G: 6.9543, D(x): 0.9644, D(G(z)): 0.0010 / 0.0011, iteration time: 1.2264s 
Rank: 0, Epoch: 0, iteration: 25/391, It. time: 1.2264s, Elapsed time: 96.8476 s 
[epoch: 0/1][iteration: 26/391][rank: 0] Loss_D: 2.1101, Loss_G: 14.8956, D(x): 0.9923, D(G(z)): 0.8685 / 0.0000, iteration time: 1.1846s 
Rank: 0, Epoch: 0, iteration: 26/391, It. time: 1.1846s, Elapsed time: 98.0335 s 
[epoch: 0/1][iteration: 27/391][rank: 0] Loss_D: 0.1175, Loss_G: 16.2542, D(x): 0.9147, D(G(z)): 0.0000 / 0.0000, iteration time: 1.1887s 
Rank: 0, Epoch: 0, iteration: 27/391, It. time: 1.1887s, Elapsed time: 99.2234 s 
[epoch: 0/1][iteration: 28/391][rank: 0] Loss_D: 0.2978, Loss_G: 15.8876, D(x): 0.7846, D(G(z)): 0.0000 / 0.0000, iteration time: 1.2026s 
Rank: 0, Epoch: 0, iteration: 28/391, It. time: 1.2026s, Elapsed time: 100.4273 s 
[epoch: 0/1][iteration: 29/391][rank: 0] Loss_D: 0.1936, Loss_G: 14.8850, D(x): 0.8559, D(G(z)): 0.0000 / 0.0000, iteration time: 1.2022s 
Rank: 0, Epoch: 0, iteration: 29/391, It. time: 1.2022s, Elapsed time: 101.6308 s 
[epoch: 0/1][iteration: 30/391][rank: 0] Loss_D: 0.0870, Loss_G: 13.2491, D(x): 0.9207, D(G(z)): 0.0000 / 0.0000, iteration time: 1.1981s 
Rank: 0, Epoch: 0, iteration: 30/391, It. time: 1.1981s, Elapsed time: 102.8300 s 
[epoch: 0/1][iteration: 31/391][rank: 0] Loss_D: 0.0358, Loss_G: 10.6407, D(x): 0.9659, D(G(z)): 0.0000 / 0.0000, iteration time: 1.2025s 
Rank: 0, Epoch: 0, iteration: 31/391, It. time: 1.2025s, Elapsed time: 104.0338 s 
[epoch: 0/1][iteration: 32/391][rank: 0] Loss_D: 0.0293, Loss_G: 5.6737, D(x): 0.9757, D(G(z)): 0.0040 / 0.0040, iteration time: 1.2037s 
Rank: 0, Epoch: 0, iteration: 32/391, It. time: 1.2037s, Elapsed time: 105.2388 s 
[epoch: 0/1][iteration: 33/391][rank: 0] Loss_D: 3.0220, Loss_G: 14.4830, D(x): 0.9884, D(G(z)): 0.9475 / 0.0000, iteration time: 1.2117s 
Rank: 0, Epoch: 0, iteration: 33/391, It. time: 1.2117s, Elapsed time: 106.4519 s 
[epoch: 0/1][iteration: 34/391][rank: 0] Loss_D: 0.1137, Loss_G: 15.8174, D(x): 0.9010, D(G(z)): 0.0000 / 0.0000, iteration time: 1.1928s 
Rank: 0, Epoch: 0, iteration: 34/391, It. time: 1.1928s, Elapsed time: 107.6460 s 
[epoch: 0/1][iteration: 35/391][rank: 0] Loss_D: 0.1724, Loss_G: 15.5786, D(x): 0.8541, D(G(z)): 0.0000 / 0.0000, iteration time: 1.2055s 
Rank: 0, Epoch: 0, iteration: 35/391, It. time: 1.2055s, Elapsed time: 108.8528 s 
[epoch: 0/1][iteration: 36/391][rank: 0] Loss_D: 0.1972, Loss_G: 14.7183, D(x): 0.8740, D(G(z)): 0.0000 / 0.0000, iteration time: 1.2194s 
Rank: 0, Epoch: 0, iteration: 36/391, It. time: 1.2194s, Elapsed time: 110.0736 s 
[epoch: 0/1][iteration: 37/391][rank: 0] Loss_D: 0.1046, Loss_G: 13.3479, D(x): 0.9194, D(G(z)): 0.0000 / 0.0000, iteration time: 1.2052s 
Rank: 0, Epoch: 0, iteration: 37/391, It. time: 1.2052s, Elapsed time: 111.2802 s 
[epoch: 0/1][iteration: 38/391][rank: 0] Loss_D: 0.0486, Loss_G: 11.0268, D(x): 0.9573, D(G(z)): 0.0000 / 0.0000, iteration time: 1.2075s 
Rank: 0, Epoch: 0, iteration: 38/391, It. time: 1.2075s, Elapsed time: 112.4891 s 
[epoch: 0/1][iteration: 39/391][rank: 0] Loss_D: 0.0309, Loss_G: 7.5870, D(x): 0.9713, D(G(z)): 0.0005 / 0.0006, iteration time: 1.1945s 
Rank: 0, Epoch: 0, iteration: 39/391, It. time: 1.1945s, Elapsed time: 113.6850 s 
[epoch: 0/1][iteration: 40/391][rank: 0] Loss_D: 0.2507, Loss_G: 9.1060, D(x): 0.9717, D(G(z)): 0.1925 / 0.0001, iteration time: 1.1877s 
Rank: 0, Epoch: 0, iteration: 40/391, It. time: 1.1877s, Elapsed time: 114.8741 s 
[epoch: 0/1][iteration: 41/391][rank: 0] Loss_D: 0.0480, Loss_G: 8.2035, D(x): 0.9745, D(G(z)): 0.0196 / 0.0004, iteration time: 1.2122s 
Rank: 0, Epoch: 0, iteration: 41/391, It. time: 1.2122s, Elapsed time: 116.0877 s 
[epoch: 0/1][iteration: 42/391][rank: 0] Loss_D: 0.2759, Loss_G: 11.2451, D(x): 0.9806, D(G(z)): 0.2185 / 0.0000, iteration time: 1.2004s 
Rank: 0, Epoch: 0, iteration: 42/391, It. time: 1.2004s, Elapsed time: 117.2894 s 
[epoch: 0/1][iteration: 43/391][rank: 0] Loss_D: 0.0417, Loss_G: 10.9270, D(x): 0.9606, D(G(z)): 0.0006 / 0.0000, iteration time: 1.2158s 
Rank: 0, Epoch: 0, iteration: 43/391, It. time: 1.2158s, Elapsed time: 118.5065 s 
[epoch: 0/1][iteration: 44/391][rank: 0] Loss_D: 0.1193, Loss_G: 7.4933, D(x): 0.9019, D(G(z)): 0.0032 / 0.0007, iteration time: 1.2015s 
Rank: 0, Epoch: 0, iteration: 44/391, It. time: 1.2015s, Elapsed time: 119.7093 s 
[epoch: 0/1][iteration: 45/391][rank: 0] Loss_D: 1.3030, Loss_G: 16.1961, D(x): 0.9634, D(G(z)): 0.7008 / 0.0000, iteration time: 1.2090s 
Rank: 0, Epoch: 0, iteration: 45/391, It. time: 1.2090s, Elapsed time: 120.9198 s 
[epoch: 0/1][iteration: 46/391][rank: 0] Loss_D: 0.4871, Loss_G: 17.2328, D(x): 0.6836, D(G(z)): 0.0000 / 0.0000, iteration time: 1.2424s 
Rank: 0, Epoch: 0, iteration: 46/391, It. time: 1.2424s, Elapsed time: 122.1635 s 
[epoch: 0/1][iteration: 47/391][rank: 0] Loss_D: 0.3365, Loss_G: 16.5183, D(x): 0.7607, D(G(z)): 0.0000 / 0.0000, iteration time: 1.2142s 
Rank: 0, Epoch: 0, iteration: 47/391, It. time: 1.2142s, Elapsed time: 123.3789 s 
[epoch: 0/1][iteration: 48/391][rank: 0] Loss_D: 0.1503, Loss_G: 14.9457, D(x): 0.8740, D(G(z)): 0.0000 / 0.0000, iteration time: 1.2067s 
Rank: 0, Epoch: 0, iteration: 48/391, It. time: 1.2067s, Elapsed time: 124.5869 s 
[epoch: 0/1][iteration: 49/391][rank: 0] Loss_D: 0.1256, Loss_G: 12.8236, D(x): 0.8947, D(G(z)): 0.0000 / 0.0000, iteration time: 1.1997s 
Rank: 0, Epoch: 0, iteration: 49/391, It. time: 1.1997s, Elapsed time: 125.7879 s 
[epoch: 0/1][iteration: 50/391][rank: 0] Loss_D: 0.0119, Loss_G: 9.3282, D(x): 0.9884, D(G(z)): 0.0001 / 0.0001, iteration time: 1.2006s 
Rank: 0, Epoch: 0, iteration: 50/391, It. time: 1.2006s, Elapsed time: 126.9898 s 
[epoch: 0/1][iteration: 51/391][rank: 0] Loss_D: 0.0394, Loss_G: 4.6891, D(x): 0.9918, D(G(z)): 0.0304 / 0.0121, iteration time: 1.1985s 
Rank: 0, Epoch: 0, iteration: 51/391, It. time: 1.1985s, Elapsed time: 128.1894 s 
[epoch: 0/1][iteration: 52/391][rank: 0] Loss_D: 2.5802, Loss_G: 14.6479, D(x): 0.9855, D(G(z)): 0.9046 / 0.0000, iteration time: 1.2205s 
Rank: 0, Epoch: 0, iteration: 52/391, It. time: 1.2205s, Elapsed time: 129.4111 s 
[epoch: 0/1][iteration: 53/391][rank: 0] Loss_D: 0.2116, Loss_G: 15.5955, D(x): 0.8313, D(G(z)): 0.0000 / 0.0000, iteration time: 1.1975s 
Rank: 0, Epoch: 0, iteration: 53/391, It. time: 1.1975s, Elapsed time: 130.6098 s 
[epoch: 0/1][iteration: 54/391][rank: 0] Loss_D: 0.3275, Loss_G: 14.5449, D(x): 0.7521, D(G(z)): 0.0000 / 0.0000, iteration time: 1.1966s 
Rank: 0, Epoch: 0, iteration: 54/391, It. time: 1.1966s, Elapsed time: 131.8077 s 
[epoch: 0/1][iteration: 55/391][rank: 0] Loss_D: 0.1366, Loss_G: 12.5480, D(x): 0.8844, D(G(z)): 0.0000 / 0.0000, iteration time: 1.1989s 
Rank: 0, Epoch: 0, iteration: 55/391, It. time: 1.1989s, Elapsed time: 133.0078 s 
[epoch: 0/1][iteration: 56/391][rank: 0] Loss_D: 0.0394, Loss_G: 9.6207, D(x): 0.9627, D(G(z)): 0.0002 / 0.0002, iteration time: 1.2035s 
Rank: 0, Epoch: 0, iteration: 56/391, It. time: 1.2035s, Elapsed time: 134.2125 s 
[epoch: 0/1][iteration: 57/391][rank: 0] Loss_D: 0.0544, Loss_G: 4.6614, D(x): 0.9668, D(G(z)): 0.0197 / 0.0155, iteration time: 1.1907s 
Rank: 0, Epoch: 0, iteration: 57/391, It. time: 1.1907s, Elapsed time: 135.4044 s 
[epoch: 0/1][iteration: 58/391][rank: 0] Loss_D: 1.6632, Loss_G: 9.5520, D(x): 0.9847, D(G(z)): 0.7567 / 0.0001, iteration time: 1.2097s 
Rank: 0, Epoch: 0, iteration: 58/391, It. time: 1.2097s, Elapsed time: 136.6153 s 
[epoch: 0/1][iteration: 59/391][rank: 0] Loss_D: 0.2574, Loss_G: 9.7882, D(x): 0.8055, D(G(z)): 0.0016 / 0.0001, iteration time: 1.2130s 
Rank: 0, Epoch: 0, iteration: 59/391, It. time: 1.2130s, Elapsed time: 137.8295 s 
[epoch: 0/1][iteration: 60/391][rank: 0] Loss_D: 0.1410, Loss_G: 7.3605, D(x): 0.8765, D(G(z)): 0.0026 / 0.0013, iteration time: 1.2145s 
Rank: 0, Epoch: 0, iteration: 60/391, It. time: 1.2145s, Elapsed time: 139.0452 s 
[epoch: 0/1][iteration: 61/391][rank: 0] Loss_D: 0.2668, Loss_G: 4.6207, D(x): 0.8323, D(G(z)): 0.0311 / 0.0193, iteration time: 1.2239s 
Rank: 0, Epoch: 0, iteration: 61/391, It. time: 1.2239s, Elapsed time: 140.2705 s 
[epoch: 0/1][iteration: 62/391][rank: 0] Loss_D: 0.8486, Loss_G: 6.6794, D(x): 0.9552, D(G(z)): 0.4928 / 0.0016, iteration time: 1.2053s 
Rank: 0, Epoch: 0, iteration: 62/391, It. time: 1.2053s, Elapsed time: 141.4771 s 
[epoch: 0/1][iteration: 63/391][rank: 0] Loss_D: 0.2133, Loss_G: 6.5676, D(x): 0.8488, D(G(z)): 0.0259 / 0.0023, iteration time: 1.2051s 
Rank: 0, Epoch: 0, iteration: 63/391, It. time: 1.2051s, Elapsed time: 142.6836 s 
[epoch: 0/1][iteration: 64/391][rank: 0] Loss_D: 0.2293, Loss_G: 4.9975, D(x): 0.8474, D(G(z)): 0.0395 / 0.0091, iteration time: 1.2261s 
Rank: 0, Epoch: 0, iteration: 64/391, It. time: 1.2261s, Elapsed time: 143.9110 s 
[epoch: 0/1][iteration: 65/391][rank: 0] Loss_D: 0.3019, Loss_G: 4.9939, D(x): 0.9155, D(G(z)): 0.1756 / 0.0096, iteration time: 1.2117s 
Rank: 0, Epoch: 0, iteration: 65/391, It. time: 1.2117s, Elapsed time: 145.1239 s 
[epoch: 0/1][iteration: 66/391][rank: 0] Loss_D: 0.4232, Loss_G: 6.0777, D(x): 0.9089, D(G(z)): 0.2510 / 0.0031, iteration time: 1.1947s 
Rank: 0, Epoch: 0, iteration: 66/391, It. time: 1.1947s, Elapsed time: 146.3198 s 
[epoch: 0/1][iteration: 67/391][rank: 0] Loss_D: 0.5851, Loss_G: 5.4062, D(x): 0.6271, D(G(z)): 0.0225 / 0.0053, iteration time: 1.2359s 
Rank: 0, Epoch: 0, iteration: 67/391, It. time: 1.2359s, Elapsed time: 147.5569 s 
[epoch: 0/1][iteration: 68/391][rank: 0] Loss_D: 0.2202, Loss_G: 4.8453, D(x): 0.9364, D(G(z)): 0.1344 / 0.0092, iteration time: 1.2066s 
Rank: 0, Epoch: 0, iteration: 68/391, It. time: 1.2066s, Elapsed time: 148.7648 s 
[epoch: 0/1][iteration: 69/391][rank: 0] Loss_D: 0.3382, Loss_G: 6.2015, D(x): 0.9012, D(G(z)): 0.1944 / 0.0022, iteration time: 1.2091s 
Rank: 0, Epoch: 0, iteration: 69/391, It. time: 1.2091s, Elapsed time: 149.9751 s 
[epoch: 0/1][iteration: 70/391][rank: 0] Loss_D: 0.1111, Loss_G: 5.5021, D(x): 0.9246, D(G(z)): 0.0282 / 0.0048, iteration time: 1.2145s 
Rank: 0, Epoch: 0, iteration: 70/391, It. time: 1.2145s, Elapsed time: 151.1909 s 
[epoch: 0/1][iteration: 71/391][rank: 0] Loss_D: 0.3390, Loss_G: 5.6057, D(x): 0.8752, D(G(z)): 0.1733 / 0.0040, iteration time: 1.2091s 
Rank: 0, Epoch: 0, iteration: 71/391, It. time: 1.2091s, Elapsed time: 152.4012 s 
[epoch: 0/1][iteration: 72/391][rank: 0] Loss_D: 0.1724, Loss_G: 6.0373, D(x): 0.9400, D(G(z)): 0.1009 / 0.0026, iteration time: 1.2236s 
Rank: 0, Epoch: 0, iteration: 72/391, It. time: 1.2236s, Elapsed time: 153.6260 s 
[epoch: 0/1][iteration: 73/391][rank: 0] Loss_D: 0.2920, Loss_G: 5.5749, D(x): 0.8474, D(G(z)): 0.1009 / 0.0043, iteration time: 1.2198s 
Rank: 0, Epoch: 0, iteration: 73/391, It. time: 1.2198s, Elapsed time: 154.8471 s 
[epoch: 0/1][iteration: 74/391][rank: 0] Loss_D: 0.2741, Loss_G: 6.4044, D(x): 0.9258, D(G(z)): 0.1668 / 0.0018, iteration time: 1.2162s 
Rank: 0, Epoch: 0, iteration: 74/391, It. time: 1.2162s, Elapsed time: 156.0645 s 
[epoch: 0/1][iteration: 75/391][rank: 0] Loss_D: 0.1713, Loss_G: 5.6806, D(x): 0.8862, D(G(z)): 0.0438 / 0.0038, iteration time: 1.2017s 
Rank: 0, Epoch: 0, iteration: 75/391, It. time: 1.2017s, Elapsed time: 157.2678 s 
[epoch: 0/1][iteration: 76/391][rank: 0] Loss_D: 0.2184, Loss_G: 6.2088, D(x): 0.9188, D(G(z)): 0.1160 / 0.0025, iteration time: 1.1991s 
Rank: 0, Epoch: 0, iteration: 76/391, It. time: 1.1991s, Elapsed time: 158.4681 s 
[epoch: 0/1][iteration: 77/391][rank: 0] Loss_D: 0.1142, Loss_G: 5.9956, D(x): 0.9649, D(G(z)): 0.0742 / 0.0027, iteration time: 1.2097s 
Rank: 0, Epoch: 0, iteration: 77/391, It. time: 1.2097s, Elapsed time: 159.6792 s 
[epoch: 0/1][iteration: 78/391][rank: 0] Loss_D: 0.1780, Loss_G: 6.3939, D(x): 0.9347, D(G(z)): 0.1000 / 0.0019, iteration time: 1.2131s 
Rank: 0, Epoch: 0, iteration: 78/391, It. time: 1.2131s, Elapsed time: 160.8935 s 
[epoch: 0/1][iteration: 79/391][rank: 0] Loss_D: 0.1574, Loss_G: 4.9560, D(x): 0.9052, D(G(z)): 0.0366 / 0.0079, iteration time: 1.2062s 
Rank: 0, Epoch: 0, iteration: 79/391, It. time: 1.2062s, Elapsed time: 162.1010 s 
[epoch: 0/1][iteration: 80/391][rank: 0] Loss_D: 0.2896, Loss_G: 7.8405, D(x): 0.9769, D(G(z)): 0.2256 / 0.0004, iteration time: 1.2096s 
Rank: 0, Epoch: 0, iteration: 80/391, It. time: 1.2096s, Elapsed time: 163.3119 s 
[epoch: 0/1][iteration: 81/391][rank: 0] Loss_D: 0.2196, Loss_G: 6.8459, D(x): 0.8381, D(G(z)): 0.0049 / 0.0012, iteration time: 1.2091s 
Rank: 0, Epoch: 0, iteration: 81/391, It. time: 1.2091s, Elapsed time: 164.5223 s 
[epoch: 0/1][iteration: 82/391][rank: 0] Loss_D: 0.0926, Loss_G: 4.5664, D(x): 0.9295, D(G(z)): 0.0168 / 0.0119, iteration time: 1.2098s 
Rank: 0, Epoch: 0, iteration: 82/391, It. time: 1.2098s, Elapsed time: 165.7334 s 
[epoch: 0/1][iteration: 83/391][rank: 0] Loss_D: 0.3067, Loss_G: 7.2839, D(x): 0.9775, D(G(z)): 0.2417 / 0.0009, iteration time: 1.2177s 
Rank: 0, Epoch: 0, iteration: 83/391, It. time: 1.2177s, Elapsed time: 166.9523 s 
[epoch: 0/1][iteration: 84/391][rank: 0] Loss_D: 0.2750, Loss_G: 5.7285, D(x): 0.7985, D(G(z)): 0.0174 / 0.0037, iteration time: 1.2080s 
Rank: 0, Epoch: 0, iteration: 84/391, It. time: 1.2080s, Elapsed time: 168.1615 s 
[epoch: 0/1][iteration: 85/391][rank: 0] Loss_D: 0.1349, Loss_G: 4.3196, D(x): 0.9234, D(G(z)): 0.0473 / 0.0148, iteration time: 1.1967s 
Rank: 0, Epoch: 0, iteration: 85/391, It. time: 1.1967s, Elapsed time: 169.3594 s 
[epoch: 0/1][iteration: 86/391][rank: 0] Loss_D: 0.5448, Loss_G: 8.3544, D(x): 0.9322, D(G(z)): 0.3475 / 0.0003, iteration time: 1.2210s 
Rank: 0, Epoch: 0, iteration: 86/391, It. time: 1.2210s, Elapsed time: 170.5817 s 
[epoch: 0/1][iteration: 87/391][rank: 0] Loss_D: 0.9384, Loss_G: 5.0580, D(x): 0.4696, D(G(z)): 0.0016 / 0.0219, iteration time: 1.2000s 
Rank: 0, Epoch: 0, iteration: 87/391, It. time: 1.2000s, Elapsed time: 171.7829 s 
[epoch: 0/1][iteration: 88/391][rank: 0] Loss_D: 0.7017, Loss_G: 2.9909, D(x): 0.6857, D(G(z)): 0.1607 / 0.1001, iteration time: 1.2181s 
Rank: 0, Epoch: 0, iteration: 88/391, It. time: 1.2181s, Elapsed time: 173.0022 s 
[epoch: 0/1][iteration: 89/391][rank: 0] Loss_D: 1.3633, Loss_G: 9.3772, D(x): 0.9472, D(G(z)): 0.6565 / 0.0002, iteration time: 1.2213s 
Rank: 0, Epoch: 0, iteration: 89/391, It. time: 1.2213s, Elapsed time: 174.2246 s 
[epoch: 0/1][iteration: 90/391][rank: 0] Loss_D: 3.5547, Loss_G: 5.9451, D(x): 0.0838, D(G(z)): 0.0010 / 0.0102, iteration time: 1.2376s 
Rank: 0, Epoch: 0, iteration: 90/391, It. time: 1.2376s, Elapsed time: 175.4634 s 
[epoch: 0/1][iteration: 91/391][rank: 0] Loss_D: 0.5906, Loss_G: 3.5587, D(x): 0.6774, D(G(z)): 0.0266 / 0.1179, iteration time: 1.1972s 
Rank: 0, Epoch: 0, iteration: 91/391, It. time: 1.1972s, Elapsed time: 176.6619 s 
[epoch: 0/1][iteration: 92/391][rank: 0] Loss_D: 0.6299, Loss_G: 2.8684, D(x): 0.9119, D(G(z)): 0.3509 / 0.0686, iteration time: 1.2060s 
Rank: 0, Epoch: 0, iteration: 92/391, It. time: 1.2060s, Elapsed time: 177.8693 s 
[epoch: 0/1][iteration: 93/391][rank: 0] Loss_D: 0.4314, Loss_G: 3.2728, D(x): 0.8974, D(G(z)): 0.2586 / 0.0400, iteration time: 1.2266s 
Rank: 0, Epoch: 0, iteration: 93/391, It. time: 1.2266s, Elapsed time: 179.0971 s 
[epoch: 0/1][iteration: 94/391][rank: 0] Loss_D: 0.6908, Loss_G: 3.8231, D(x): 0.7229, D(G(z)): 0.2254 / 0.0316, iteration time: 1.2379s 
Rank: 0, Epoch: 0, iteration: 94/391, It. time: 1.2379s, Elapsed time: 180.3362 s 
[epoch: 0/1][iteration: 95/391][rank: 0] Loss_D: 0.4357, Loss_G: 3.7439, D(x): 0.8137, D(G(z)): 0.1835 / 0.0340, iteration time: 1.2108s 
Rank: 0, Epoch: 0, iteration: 95/391, It. time: 1.2108s, Elapsed time: 181.5483 s 
[epoch: 0/1][iteration: 96/391][rank: 0] Loss_D: 0.4891, Loss_G: 4.2668, D(x): 0.8093, D(G(z)): 0.2017 / 0.0187, iteration time: 1.1891s 
Rank: 0, Epoch: 0, iteration: 96/391, It. time: 1.1891s, Elapsed time: 182.7385 s 
[epoch: 0/1][iteration: 97/391][rank: 0] Loss_D: 0.2994, Loss_G: 4.1018, D(x): 0.8682, D(G(z)): 0.1280 / 0.0203, iteration time: 1.2021s 
Rank: 0, Epoch: 0, iteration: 97/391, It. time: 1.2021s, Elapsed time: 183.9419 s 
[epoch: 0/1][iteration: 98/391][rank: 0] Loss_D: 0.4527, Loss_G: 4.6130, D(x): 0.8186, D(G(z)): 0.2001 / 0.0200, iteration time: 1.2003s 
Rank: 0, Epoch: 0, iteration: 98/391, It. time: 1.2003s, Elapsed time: 185.1434 s 
[epoch: 0/1][iteration: 99/391][rank: 0] Loss_D: 0.5289, Loss_G: 4.3443, D(x): 0.7584, D(G(z)): 0.1631 / 0.0194, iteration time: 1.2170s 
Rank: 0, Epoch: 0, iteration: 99/391, It. time: 1.2170s, Elapsed time: 186.3616 s 
[epoch: 0/1][iteration: 100/391][rank: 0] Loss_D: 0.5799, Loss_G: 5.0511, D(x): 0.8020, D(G(z)): 0.2286 / 0.0143, iteration time: 1.2115s 
Rank: 0, Epoch: 0, iteration: 100/391, It. time: 1.2115s, Elapsed time: 187.5744 s 
[epoch: 0/1][iteration: 101/391][rank: 0] Loss_D: 0.8193, Loss_G: 4.2137, D(x): 0.6551, D(G(z)): 0.1424 / 0.0420, iteration time: 1.2149s 
Rank: 0, Epoch: 0, iteration: 101/391, It. time: 1.2149s, Elapsed time: 189.0281 s 
[epoch: 0/1][iteration: 102/391][rank: 0] Loss_D: 0.6798, Loss_G: 6.2434, D(x): 0.8549, D(G(z)): 0.3222 / 0.0024, iteration time: 1.2009s 
Rank: 0, Epoch: 0, iteration: 102/391, It. time: 1.2009s, Elapsed time: 190.2303 s 
[epoch: 0/1][iteration: 103/391][rank: 0] Loss_D: 0.6157, Loss_G: 3.6275, D(x): 0.6386, D(G(z)): 0.0229 / 0.0534, iteration time: 1.2088s 
Rank: 0, Epoch: 0, iteration: 103/391, It. time: 1.2088s, Elapsed time: 191.4403 s 
[epoch: 0/1][iteration: 104/391][rank: 0] Loss_D: 0.9156, Loss_G: 7.3409, D(x): 0.8864, D(G(z)): 0.4432 / 0.0089, iteration time: 1.2175s 
Rank: 0, Epoch: 0, iteration: 104/391, It. time: 1.2175s, Elapsed time: 192.6589 s 
[epoch: 0/1][iteration: 105/391][rank: 0] Loss_D: 1.2319, Loss_G: 4.5991, D(x): 0.5171, D(G(z)): 0.0565 / 0.0273, iteration time: 1.2193s 
Rank: 0, Epoch: 0, iteration: 105/391, It. time: 1.2193s, Elapsed time: 193.8796 s 
[epoch: 0/1][iteration: 106/391][rank: 0] Loss_D: 0.3443, Loss_G: 4.2354, D(x): 0.9101, D(G(z)): 0.1972 / 0.0221, iteration time: 1.2024s 
Rank: 0, Epoch: 0, iteration: 106/391, It. time: 1.2024s, Elapsed time: 195.0833 s 
[epoch: 0/1][iteration: 107/391][rank: 0] Loss_D: 0.5600, Loss_G: 3.9291, D(x): 0.8009, D(G(z)): 0.2192 / 0.0277, iteration time: 1.2151s 
Rank: 0, Epoch: 0, iteration: 107/391, It. time: 1.2151s, Elapsed time: 196.2996 s 
[epoch: 0/1][iteration: 108/391][rank: 0] Loss_D: 0.5116, Loss_G: 5.8979, D(x): 0.8916, D(G(z)): 0.2945 / 0.0052, iteration time: 1.2107s 
Rank: 0, Epoch: 0, iteration: 108/391, It. time: 1.2107s, Elapsed time: 197.5115 s 
[epoch: 0/1][iteration: 109/391][rank: 0] Loss_D: 0.5451, Loss_G: 2.8671, D(x): 0.6587, D(G(z)): 0.0486 / 0.1151, iteration time: 1.1947s 
Rank: 0, Epoch: 0, iteration: 109/391, It. time: 1.1947s, Elapsed time: 198.7074 s 
[epoch: 0/1][iteration: 110/391][rank: 0] Loss_D: 0.9680, Loss_G: 6.5080, D(x): 0.9463, D(G(z)): 0.5530 / 0.0019, iteration time: 1.2052s 
Rank: 0, Epoch: 0, iteration: 110/391, It. time: 1.2052s, Elapsed time: 199.9139 s 
[epoch: 0/1][iteration: 111/391][rank: 0] Loss_D: 1.0050, Loss_G: 4.7017, D(x): 0.4504, D(G(z)): 0.0110 / 0.0135, iteration time: 1.2057s 
Rank: 0, Epoch: 0, iteration: 111/391, It. time: 1.2057s, Elapsed time: 201.1208 s 
[epoch: 0/1][iteration: 112/391][rank: 0] Loss_D: 0.1760, Loss_G: 3.1953, D(x): 0.9150, D(G(z)): 0.0732 / 0.0591, iteration time: 1.2056s 
Rank: 0, Epoch: 0, iteration: 112/391, It. time: 1.2056s, Elapsed time: 202.3276 s 
[epoch: 0/1][iteration: 113/391][rank: 0] Loss_D: 0.4823, Loss_G: 4.5212, D(x): 0.9378, D(G(z)): 0.3337 / 0.0165, iteration time: 1.2048s 
Rank: 0, Epoch: 0, iteration: 113/391, It. time: 1.2048s, Elapsed time: 203.5337 s 
[epoch: 0/1][iteration: 114/391][rank: 0] Loss_D: 0.5102, Loss_G: 3.3521, D(x): 0.7064, D(G(z)): 0.0935 / 0.0375, iteration time: 1.2127s 
Rank: 0, Epoch: 0, iteration: 114/391, It. time: 1.2127s, Elapsed time: 204.7478 s 
[epoch: 0/1][iteration: 115/391][rank: 0] Loss_D: 0.6462, Loss_G: 5.9683, D(x): 0.8769, D(G(z)): 0.3641 / 0.0070, iteration time: 1.2041s 
Rank: 0, Epoch: 0, iteration: 115/391, It. time: 1.2041s, Elapsed time: 205.9532 s 
[epoch: 0/1][iteration: 116/391][rank: 0] Loss_D: 0.6365, Loss_G: 2.3381, D(x): 0.6255, D(G(z)): 0.0423 / 0.1357, iteration time: 1.2049s 
Rank: 0, Epoch: 0, iteration: 116/391, It. time: 1.2049s, Elapsed time: 207.1595 s 
[epoch: 0/1][iteration: 117/391][rank: 0] Loss_D: 0.8928, Loss_G: 5.9068, D(x): 0.9001, D(G(z)): 0.5109 / 0.0044, iteration time: 1.2165s 
Rank: 0, Epoch: 0, iteration: 117/391, It. time: 1.2165s, Elapsed time: 208.3772 s 
[epoch: 0/1][iteration: 118/391][rank: 0] Loss_D: 1.0363, Loss_G: 3.2659, D(x): 0.4455, D(G(z)): 0.0187 / 0.0533, iteration time: 1.1952s 
Rank: 0, Epoch: 0, iteration: 118/391, It. time: 1.1952s, Elapsed time: 209.5736 s 
[epoch: 0/1][iteration: 119/391][rank: 0] Loss_D: 0.5681, Loss_G: 4.2746, D(x): 0.8959, D(G(z)): 0.3134 / 0.0191, iteration time: 1.1883s 
Rank: 0, Epoch: 0, iteration: 119/391, It. time: 1.1883s, Elapsed time: 210.7631 s 
[epoch: 0/1][iteration: 120/391][rank: 0] Loss_D: 0.4195, Loss_G: 3.9250, D(x): 0.8098, D(G(z)): 0.1606 / 0.0223, iteration time: 1.1999s 
Rank: 0, Epoch: 0, iteration: 120/391, It. time: 1.1999s, Elapsed time: 211.9642 s 
[epoch: 0/1][iteration: 121/391][rank: 0] Loss_D: 0.4250, Loss_G: 3.9541, D(x): 0.8715, D(G(z)): 0.2143 / 0.0232, iteration time: 1.1989s 
Rank: 0, Epoch: 0, iteration: 121/391, It. time: 1.1989s, Elapsed time: 213.1644 s 
[epoch: 0/1][iteration: 122/391][rank: 0] Loss_D: 0.7030, Loss_G: 3.0719, D(x): 0.6892, D(G(z)): 0.1948 / 0.0508, iteration time: 1.1990s 
Rank: 0, Epoch: 0, iteration: 122/391, It. time: 1.1990s, Elapsed time: 214.3647 s 
[epoch: 0/1][iteration: 123/391][rank: 0] Loss_D: 0.6420, Loss_G: 6.3372, D(x): 0.9232, D(G(z)): 0.4082 / 0.0020, iteration time: 1.2012s 
Rank: 0, Epoch: 0, iteration: 123/391, It. time: 1.2012s, Elapsed time: 215.5672 s 
[epoch: 0/1][iteration: 124/391][rank: 0] Loss_D: 1.7773, Loss_G: 1.8433, D(x): 0.2472, D(G(z)): 0.0085 / 0.1988, iteration time: 1.1989s 
Rank: 0, Epoch: 0, iteration: 124/391, It. time: 1.1989s, Elapsed time: 216.7673 s 
[epoch: 0/1][iteration: 125/391][rank: 0] Loss_D: 1.0544, Loss_G: 5.7385, D(x): 0.9672, D(G(z)): 0.6084 / 0.0052, iteration time: 1.2079s 
Rank: 0, Epoch: 0, iteration: 125/391, It. time: 1.2079s, Elapsed time: 217.9765 s 
[epoch: 0/1][iteration: 126/391][rank: 0] Loss_D: 1.1206, Loss_G: 3.2010, D(x): 0.4382, D(G(z)): 0.0189 / 0.0549, iteration time: 1.2084s 
Rank: 0, Epoch: 0, iteration: 126/391, It. time: 1.2084s, Elapsed time: 219.1861 s 
[epoch: 0/1][iteration: 127/391][rank: 0] Loss_D: 0.4393, Loss_G: 3.1794, D(x): 0.8953, D(G(z)): 0.2516 / 0.0511, iteration time: 1.2028s 
Rank: 0, Epoch: 0, iteration: 127/391, It. time: 1.2028s, Elapsed time: 220.3901 s 
[epoch: 0/1][iteration: 128/391][rank: 0] Loss_D: 0.3812, Loss_G: 3.3418, D(x): 0.8649, D(G(z)): 0.1930 / 0.0460, iteration time: 1.2086s 
Rank: 0, Epoch: 0, iteration: 128/391, It. time: 1.2086s, Elapsed time: 221.6001 s 
[epoch: 0/1][iteration: 129/391][rank: 0] Loss_D: 0.4587, Loss_G: 3.2632, D(x): 0.8005, D(G(z)): 0.1695 / 0.0439, iteration time: 1.2129s 
Rank: 0, Epoch: 0, iteration: 129/391, It. time: 1.2129s, Elapsed time: 222.8141 s 
[epoch: 0/1][iteration: 130/391][rank: 0] Loss_D: 0.2897, Loss_G: 3.0052, D(x): 0.8900, D(G(z)): 0.1464 / 0.0557, iteration time: 1.2076s 
Rank: 0, Epoch: 0, iteration: 130/391, It. time: 1.2076s, Elapsed time: 224.0231 s 
[epoch: 0/1][iteration: 131/391][rank: 0] Loss_D: 0.6395, Loss_G: 5.2976, D(x): 0.8880, D(G(z)): 0.3655 / 0.0121, iteration time: 1.2000s 
Rank: 0, Epoch: 0, iteration: 131/391, It. time: 1.2000s, Elapsed time: 225.2245 s 
[epoch: 0/1][iteration: 132/391][rank: 0] Loss_D: 1.2931, Loss_G: 2.3005, D(x): 0.4392, D(G(z)): 0.0403 / 0.1214, iteration time: 1.2272s 
Rank: 0, Epoch: 0, iteration: 132/391, It. time: 1.2272s, Elapsed time: 226.4531 s 
[epoch: 0/1][iteration: 133/391][rank: 0] Loss_D: 0.4657, Loss_G: 3.6243, D(x): 0.9312, D(G(z)): 0.3180 / 0.0346, iteration time: 1.2029s 
Rank: 0, Epoch: 0, iteration: 133/391, It. time: 1.2029s, Elapsed time: 227.6571 s 
[epoch: 0/1][iteration: 134/391][rank: 0] Loss_D: 0.3687, Loss_G: 3.6543, D(x): 0.8447, D(G(z)): 0.1614 / 0.0289, iteration time: 1.2003s 
Rank: 0, Epoch: 0, iteration: 134/391, It. time: 1.2003s, Elapsed time: 228.8587 s 
[epoch: 0/1][iteration: 135/391][rank: 0] Loss_D: 0.6951, Loss_G: 4.9295, D(x): 0.7353, D(G(z)): 0.2465 / 0.0102, iteration time: 1.1843s 
Rank: 0, Epoch: 0, iteration: 135/391, It. time: 1.1843s, Elapsed time: 230.0444 s 
[epoch: 0/1][iteration: 136/391][rank: 0] Loss_D: 0.7187, Loss_G: 1.5920, D(x): 0.5828, D(G(z)): 0.0572 / 0.2357, iteration time: 1.1914s 
Rank: 0, Epoch: 0, iteration: 136/391, It. time: 1.1914s, Elapsed time: 231.2372 s 
[epoch: 0/1][iteration: 137/391][rank: 0] Loss_D: 1.0121, Loss_G: 5.3561, D(x): 0.9715, D(G(z)): 0.6022 / 0.0084, iteration time: 1.1950s 
Rank: 0, Epoch: 0, iteration: 137/391, It. time: 1.1950s, Elapsed time: 232.4334 s 
[epoch: 0/1][iteration: 138/391][rank: 0] Loss_D: 1.5261, Loss_G: 1.9994, D(x): 0.3167, D(G(z)): 0.0259 / 0.1707, iteration time: 1.2007s 
Rank: 0, Epoch: 0, iteration: 138/391, It. time: 1.2007s, Elapsed time: 233.6358 s 
[epoch: 0/1][iteration: 139/391][rank: 0] Loss_D: 0.6170, Loss_G: 1.7774, D(x): 0.7953, D(G(z)): 0.2902 / 0.2299, iteration time: 1.1996s 
Rank: 0, Epoch: 0, iteration: 139/391, It. time: 1.1996s, Elapsed time: 234.8368 s 
[epoch: 0/1][iteration: 140/391][rank: 0] Loss_D: 0.8907, Loss_G: 3.8743, D(x): 0.8537, D(G(z)): 0.4760 / 0.0236, iteration time: 1.1889s 
Rank: 0, Epoch: 0, iteration: 140/391, It. time: 1.1889s, Elapsed time: 236.0270 s 
[epoch: 0/1][iteration: 141/391][rank: 0] Loss_D: 0.6059, Loss_G: 2.8174, D(x): 0.6039, D(G(z)): 0.0472 / 0.0711, iteration time: 1.2039s 
Rank: 0, Epoch: 0, iteration: 141/391, It. time: 1.2039s, Elapsed time: 237.2323 s 
[epoch: 0/1][iteration: 142/391][rank: 0] Loss_D: 0.5346, Loss_G: 2.0422, D(x): 0.7582, D(G(z)): 0.1856 / 0.1377, iteration time: 1.2172s 
Rank: 0, Epoch: 0, iteration: 142/391, It. time: 1.2172s, Elapsed time: 238.4508 s 
[epoch: 0/1][iteration: 143/391][rank: 0] Loss_D: 0.7547, Loss_G: 4.1327, D(x): 0.8638, D(G(z)): 0.4252 / 0.0202, iteration time: 1.2021s 
Rank: 0, Epoch: 0, iteration: 143/391, It. time: 1.2021s, Elapsed time: 239.6544 s 
[epoch: 0/1][iteration: 144/391][rank: 0] Loss_D: 0.6505, Loss_G: 2.9727, D(x): 0.6107, D(G(z)): 0.0484 / 0.0569, iteration time: 1.2003s 
Rank: 0, Epoch: 0, iteration: 144/391, It. time: 1.2003s, Elapsed time: 240.8560 s 
[epoch: 0/1][iteration: 145/391][rank: 0] Loss_D: 0.4535, Loss_G: 3.1011, D(x): 0.8756, D(G(z)): 0.2551 / 0.0473, iteration time: 1.2156s 
Rank: 0, Epoch: 0, iteration: 145/391, It. time: 1.2156s, Elapsed time: 242.0734 s 
[epoch: 0/1][iteration: 146/391][rank: 0] Loss_D: 0.3938, Loss_G: 4.3929, D(x): 0.8796, D(G(z)): 0.2216 / 0.0146, iteration time: 1.2006s 
Rank: 0, Epoch: 0, iteration: 146/391, It. time: 1.2006s, Elapsed time: 243.2752 s 
[epoch: 0/1][iteration: 147/391][rank: 0] Loss_D: 0.3157, Loss_G: 2.9057, D(x): 0.7803, D(G(z)): 0.0373 / 0.0587, iteration time: 1.2096s 
Rank: 0, Epoch: 0, iteration: 147/391, It. time: 1.2096s, Elapsed time: 244.4861 s 
[epoch: 0/1][iteration: 148/391][rank: 0] Loss_D: 0.3233, Loss_G: 4.5349, D(x): 0.9591, D(G(z)): 0.2386 / 0.0133, iteration time: 1.2149s 
Rank: 0, Epoch: 0, iteration: 148/391, It. time: 1.2149s, Elapsed time: 245.7022 s 
[epoch: 0/1][iteration: 149/391][rank: 0] Loss_D: 0.2741, Loss_G: 4.2315, D(x): 0.8494, D(G(z)): 0.0846 / 0.0165, iteration time: 1.2135s 
Rank: 0, Epoch: 0, iteration: 149/391, It. time: 1.2135s, Elapsed time: 246.9169 s 
[epoch: 0/1][iteration: 150/391][rank: 0] Loss_D: 0.2563, Loss_G: 3.5339, D(x): 0.8371, D(G(z)): 0.0562 / 0.0340, iteration time: 1.2026s 
Rank: 0, Epoch: 0, iteration: 150/391, It. time: 1.2026s, Elapsed time: 248.1207 s 
[epoch: 0/1][iteration: 151/391][rank: 0] Loss_D: 0.3632, Loss_G: 5.3650, D(x): 0.9274, D(G(z)): 0.2381 / 0.0053, iteration time: 1.2012s 
Rank: 0, Epoch: 0, iteration: 151/391, It. time: 1.2012s, Elapsed time: 249.3231 s 
[epoch: 0/1][iteration: 152/391][rank: 0] Loss_D: 0.3288, Loss_G: 2.9887, D(x): 0.7514, D(G(z)): 0.0212 / 0.0551, iteration time: 1.2081s 
Rank: 0, Epoch: 0, iteration: 152/391, It. time: 1.2081s, Elapsed time: 250.5324 s 
[epoch: 0/1][iteration: 153/391][rank: 0] Loss_D: 0.6174, Loss_G: 6.9545, D(x): 0.9324, D(G(z)): 0.3992 / 0.0024, iteration time: 1.2028s 
Rank: 0, Epoch: 0, iteration: 153/391, It. time: 1.2028s, Elapsed time: 251.7366 s 
[epoch: 0/1][iteration: 154/391][rank: 0] Loss_D: 0.5121, Loss_G: 4.0391, D(x): 0.6958, D(G(z)): 0.0071 / 0.0276, iteration time: 1.1967s 
Rank: 0, Epoch: 0, iteration: 154/391, It. time: 1.1967s, Elapsed time: 252.9346 s 
[epoch: 0/1][iteration: 155/391][rank: 0] Loss_D: 0.3999, Loss_G: 5.5529, D(x): 0.9171, D(G(z)): 0.2382 / 0.0053, iteration time: 1.1945s 
Rank: 0, Epoch: 0, iteration: 155/391, It. time: 1.1945s, Elapsed time: 254.1305 s 
[epoch: 0/1][iteration: 156/391][rank: 0] Loss_D: 0.2367, Loss_G: 4.2372, D(x): 0.8303, D(G(z)): 0.0341 / 0.0184, iteration time: 1.1951s 
Rank: 0, Epoch: 0, iteration: 156/391, It. time: 1.1951s, Elapsed time: 255.3268 s 
[epoch: 0/1][iteration: 157/391][rank: 0] Loss_D: 0.3656, Loss_G: 5.8801, D(x): 0.9322, D(G(z)): 0.2375 / 0.0037, iteration time: 1.1997s 
Rank: 0, Epoch: 0, iteration: 157/391, It. time: 1.1997s, Elapsed time: 256.5279 s 
[epoch: 0/1][iteration: 158/391][rank: 0] Loss_D: 0.3080, Loss_G: 3.8463, D(x): 0.7742, D(G(z)): 0.0213 / 0.0291, iteration time: 1.1966s 
Rank: 0, Epoch: 0, iteration: 158/391, It. time: 1.1966s, Elapsed time: 257.7257 s 
[epoch: 0/1][iteration: 159/391][rank: 0] Loss_D: 0.2590, Loss_G: 4.4453, D(x): 0.9497, D(G(z)): 0.1795 / 0.0197, iteration time: 1.1943s 
Rank: 0, Epoch: 0, iteration: 159/391, It. time: 1.1943s, Elapsed time: 258.9212 s 
[epoch: 0/1][iteration: 160/391][rank: 0] Loss_D: 0.3097, Loss_G: 5.3753, D(x): 0.8740, D(G(z)): 0.1349 / 0.0051, iteration time: 1.1943s 
Rank: 0, Epoch: 0, iteration: 160/391, It. time: 1.1943s, Elapsed time: 260.1166 s 
[epoch: 0/1][iteration: 161/391][rank: 0] Loss_D: 0.2177, Loss_G: 4.2638, D(x): 0.8645, D(G(z)): 0.0550 / 0.0161, iteration time: 1.2150s 
Rank: 0, Epoch: 0, iteration: 161/391, It. time: 1.2150s, Elapsed time: 261.3328 s 
[epoch: 0/1][iteration: 162/391][rank: 0] Loss_D: 0.1984, Loss_G: 4.4483, D(x): 0.9290, D(G(z)): 0.1110 / 0.0136, iteration time: 1.1994s 
Rank: 0, Epoch: 0, iteration: 162/391, It. time: 1.1994s, Elapsed time: 262.5335 s 
[epoch: 0/1][iteration: 163/391][rank: 0] Loss_D: 0.3654, Loss_G: 5.2765, D(x): 0.8335, D(G(z)): 0.1306 / 0.0058, iteration time: 1.1909s 
Rank: 0, Epoch: 0, iteration: 163/391, It. time: 1.1909s, Elapsed time: 263.7255 s 
[epoch: 0/1][iteration: 164/391][rank: 0] Loss_D: 0.1658, Loss_G: 4.6598, D(x): 0.8844, D(G(z)): 0.0343 / 0.0107, iteration time: 1.2219s 
Rank: 0, Epoch: 0, iteration: 164/391, It. time: 1.2219s, Elapsed time: 264.9486 s 
[epoch: 0/1][iteration: 165/391][rank: 0] Loss_D: 0.2533, Loss_G: 4.5929, D(x): 0.8689, D(G(z)): 0.0868 / 0.0111, iteration time: 1.2233s 
Rank: 0, Epoch: 0, iteration: 165/391, It. time: 1.2233s, Elapsed time: 266.1730 s 
[epoch: 0/1][iteration: 166/391][rank: 0] Loss_D: 0.2627, Loss_G: 6.3562, D(x): 0.9199, D(G(z)): 0.1567 / 0.0021, iteration time: 1.1994s 
Rank: 0, Epoch: 0, iteration: 166/391, It. time: 1.1994s, Elapsed time: 267.3736 s 
[epoch: 0/1][iteration: 167/391][rank: 0] Loss_D: 0.2077, Loss_G: 5.4025, D(x): 0.8619, D(G(z)): 0.0136 / 0.0052, iteration time: 1.1941s 
Rank: 0, Epoch: 0, iteration: 167/391, It. time: 1.1941s, Elapsed time: 268.5689 s 
[epoch: 0/1][iteration: 168/391][rank: 0] Loss_D: 0.1271, Loss_G: 3.8395, D(x): 0.9341, D(G(z)): 0.0533 / 0.0243, iteration time: 1.2080s 
Rank: 0, Epoch: 0, iteration: 168/391, It. time: 1.2080s, Elapsed time: 269.7780 s 
[epoch: 0/1][iteration: 169/391][rank: 0] Loss_D: 0.3507, Loss_G: 8.5051, D(x): 0.9611, D(G(z)): 0.2621 / 0.0003, iteration time: 1.2000s 
Rank: 0, Epoch: 0, iteration: 169/391, It. time: 1.2000s, Elapsed time: 270.9794 s 
[epoch: 0/1][iteration: 170/391][rank: 0] Loss_D: 0.3338, Loss_G: 7.3460, D(x): 0.7866, D(G(z)): 0.0025 / 0.0008, iteration time: 1.1919s 
Rank: 0, Epoch: 0, iteration: 170/391, It. time: 1.1919s, Elapsed time: 272.1726 s 
[epoch: 0/1][iteration: 171/391][rank: 0] Loss_D: 0.1195, Loss_G: 4.9201, D(x): 0.9023, D(G(z)): 0.0042 / 0.0083, iteration time: 1.2347s 
Rank: 0, Epoch: 0, iteration: 171/391, It. time: 1.2347s, Elapsed time: 273.4086 s 
[epoch: 0/1][iteration: 172/391][rank: 0] Loss_D: 0.1350, Loss_G: 4.2565, D(x): 0.9628, D(G(z)): 0.0855 / 0.0159, iteration time: 1.2121s 
Rank: 0, Epoch: 0, iteration: 172/391, It. time: 1.2121s, Elapsed time: 274.6220 s 
[epoch: 0/1][iteration: 173/391][rank: 0] Loss_D: 0.3617, Loss_G: 7.3633, D(x): 0.9074, D(G(z)): 0.1806 / 0.0008, iteration time: 1.1933s 
Rank: 0, Epoch: 0, iteration: 173/391, It. time: 1.1933s, Elapsed time: 275.8166 s 
[epoch: 0/1][iteration: 174/391][rank: 0] Loss_D: 0.0671, Loss_G: 7.1988, D(x): 0.9457, D(G(z)): 0.0072 / 0.0013, iteration time: 1.2328s 
Rank: 0, Epoch: 0, iteration: 174/391, It. time: 1.2328s, Elapsed time: 277.0507 s 
[epoch: 0/1][iteration: 175/391][rank: 0] Loss_D: 0.1518, Loss_G: 5.2033, D(x): 0.8943, D(G(z)): 0.0112 / 0.0110, iteration time: 1.2176s 
Rank: 0, Epoch: 0, iteration: 175/391, It. time: 1.2176s, Elapsed time: 278.2699 s 
[epoch: 0/1][iteration: 176/391][rank: 0] Loss_D: 0.0883, Loss_G: 4.6416, D(x): 0.9845, D(G(z)): 0.0668 / 0.0142, iteration time: 1.1963s 
Rank: 0, Epoch: 0, iteration: 176/391, It. time: 1.1963s, Elapsed time: 279.4674 s 
[epoch: 0/1][iteration: 177/391][rank: 0] Loss_D: 0.4741, Loss_G: 7.2902, D(x): 0.8898, D(G(z)): 0.2300 / 0.0010, iteration time: 1.2036s 
Rank: 0, Epoch: 0, iteration: 177/391, It. time: 1.2036s, Elapsed time: 280.6722 s 
[epoch: 0/1][iteration: 178/391][rank: 0] Loss_D: 0.2231, Loss_G: 6.5186, D(x): 0.8779, D(G(z)): 0.0140 / 0.0024, iteration time: 1.2146s 
Rank: 0, Epoch: 0, iteration: 178/391, It. time: 1.2146s, Elapsed time: 281.8881 s 
[epoch: 0/1][iteration: 179/391][rank: 0] Loss_D: 0.2919, Loss_G: 3.8698, D(x): 0.8608, D(G(z)): 0.0438 / 0.0247, iteration time: 1.2182s 
Rank: 0, Epoch: 0, iteration: 179/391, It. time: 1.2182s, Elapsed time: 283.1075 s 
[epoch: 0/1][iteration: 180/391][rank: 0] Loss_D: 0.2878, Loss_G: 5.1006, D(x): 0.9503, D(G(z)): 0.1963 / 0.0086, iteration time: 1.2097s 
Rank: 0, Epoch: 0, iteration: 180/391, It. time: 1.2097s, Elapsed time: 284.3185 s 
[epoch: 0/1][iteration: 181/391][rank: 0] Loss_D: 0.3269, Loss_G: 5.1910, D(x): 0.8672, D(G(z)): 0.1349 / 0.0074, iteration time: 1.2340s 
Rank: 0, Epoch: 0, iteration: 181/391, It. time: 1.2340s, Elapsed time: 285.5538 s 
[epoch: 0/1][iteration: 182/391][rank: 0] Loss_D: 0.2236, Loss_G: 4.6979, D(x): 0.8920, D(G(z)): 0.0514 / 0.0123, iteration time: 1.2143s 
Rank: 0, Epoch: 0, iteration: 182/391, It. time: 1.2143s, Elapsed time: 286.7693 s 
[epoch: 0/1][iteration: 183/391][rank: 0] Loss_D: 0.3363, Loss_G: 6.3207, D(x): 0.9354, D(G(z)): 0.2141 / 0.0025, iteration time: 1.2077s 
Rank: 0, Epoch: 0, iteration: 183/391, It. time: 1.2077s, Elapsed time: 287.9782 s 
[epoch: 0/1][iteration: 184/391][rank: 0] Loss_D: 0.1272, Loss_G: 5.7914, D(x): 0.9364, D(G(z)): 0.0473 / 0.0053, iteration time: 1.2144s 
Rank: 0, Epoch: 0, iteration: 184/391, It. time: 1.2144s, Elapsed time: 289.1939 s 
[epoch: 0/1][iteration: 185/391][rank: 0] Loss_D: 0.2009, Loss_G: 4.8911, D(x): 0.9097, D(G(z)): 0.0791 / 0.0094, iteration time: 1.2125s 
Rank: 0, Epoch: 0, iteration: 185/391, It. time: 1.2125s, Elapsed time: 290.4076 s 
[epoch: 0/1][iteration: 186/391][rank: 0] Loss_D: 0.2559, Loss_G: 6.5033, D(x): 0.9618, D(G(z)): 0.1818 / 0.0017, iteration time: 1.2293s 
Rank: 0, Epoch: 0, iteration: 186/391, It. time: 1.2293s, Elapsed time: 291.6381 s 
[epoch: 0/1][iteration: 187/391][rank: 0] Loss_D: 0.0693, Loss_G: 6.5891, D(x): 0.9558, D(G(z)): 0.0224 / 0.0020, iteration time: 1.2055s 
Rank: 0, Epoch: 0, iteration: 187/391, It. time: 1.2055s, Elapsed time: 292.8448 s 
[epoch: 0/1][iteration: 188/391][rank: 0] Loss_D: 0.0800, Loss_G: 5.2567, D(x): 0.9701, D(G(z)): 0.0458 / 0.0079, iteration time: 1.2074s 
Rank: 0, Epoch: 0, iteration: 188/391, It. time: 1.2074s, Elapsed time: 294.0534 s 
[epoch: 0/1][iteration: 189/391][rank: 0] Loss_D: 0.2747, Loss_G: 7.6431, D(x): 0.9548, D(G(z)): 0.1866 / 0.0007, iteration time: 1.1963s 
Rank: 0, Epoch: 0, iteration: 189/391, It. time: 1.1963s, Elapsed time: 295.2509 s 
[epoch: 0/1][iteration: 190/391][rank: 0] Loss_D: 0.1222, Loss_G: 6.8527, D(x): 0.9180, D(G(z)): 0.0257 / 0.0016, iteration time: 1.2448s 
Rank: 0, Epoch: 0, iteration: 190/391, It. time: 1.2448s, Elapsed time: 296.4969 s 
[epoch: 0/1][iteration: 191/391][rank: 0] Loss_D: 0.1701, Loss_G: 5.5896, D(x): 0.9285, D(G(z)): 0.0737 / 0.0065, iteration time: 1.2223s 
Rank: 0, Epoch: 0, iteration: 191/391, It. time: 1.2223s, Elapsed time: 297.7205 s 
[epoch: 0/1][iteration: 192/391][rank: 0] Loss_D: 0.3033, Loss_G: 8.3170, D(x): 0.9763, D(G(z)): 0.2207 / 0.0003, iteration time: 1.2001s 
Rank: 0, Epoch: 0, iteration: 192/391, It. time: 1.2001s, Elapsed time: 298.9218 s 
[epoch: 0/1][iteration: 193/391][rank: 0] Loss_D: 0.1163, Loss_G: 8.0354, D(x): 0.9201, D(G(z)): 0.0037 / 0.0004, iteration time: 1.2167s 
Rank: 0, Epoch: 0, iteration: 193/391, It. time: 1.2167s, Elapsed time: 300.1397 s 
[epoch: 0/1][iteration: 194/391][rank: 0] Loss_D: 0.1025, Loss_G: 6.0354, D(x): 0.9311, D(G(z)): 0.0078 / 0.0037, iteration time: 1.2251s 
Rank: 0, Epoch: 0, iteration: 194/391, It. time: 1.2251s, Elapsed time: 301.3660 s 
[epoch: 0/1][iteration: 195/391][rank: 0] Loss_D: 0.1078, Loss_G: 5.0751, D(x): 0.9729, D(G(z)): 0.0740 / 0.0092, iteration time: 1.2203s 
Rank: 0, Epoch: 0, iteration: 195/391, It. time: 1.2203s, Elapsed time: 302.5877 s 
[epoch: 0/1][iteration: 196/391][rank: 0] Loss_D: 0.2373, Loss_G: 7.6284, D(x): 0.9792, D(G(z)): 0.1772 / 0.0007, iteration time: 1.2012s 
Rank: 0, Epoch: 0, iteration: 196/391, It. time: 1.2012s, Elapsed time: 303.7902 s 
[epoch: 0/1][iteration: 197/391][rank: 0] Loss_D: 0.1365, Loss_G: 6.9115, D(x): 0.9163, D(G(z)): 0.0119 / 0.0015, iteration time: 1.1982s 
Rank: 0, Epoch: 0, iteration: 197/391, It. time: 1.1982s, Elapsed time: 304.9895 s 
[epoch: 0/1][iteration: 198/391][rank: 0] Loss_D: 0.2884, Loss_G: 5.2535, D(x): 0.8264, D(G(z)): 0.0308 / 0.0094, iteration time: 1.2127s 
Rank: 0, Epoch: 0, iteration: 198/391, It. time: 1.2127s, Elapsed time: 306.2035 s 
[epoch: 0/1][iteration: 199/391][rank: 0] Loss_D: 0.1237, Loss_G: 5.2053, D(x): 0.9671, D(G(z)): 0.0804 / 0.0081, iteration time: 1.2201s 
Rank: 0, Epoch: 0, iteration: 199/391, It. time: 1.2201s, Elapsed time: 307.4248 s 
[epoch: 0/1][iteration: 200/391][rank: 0] Loss_D: 0.1023, Loss_G: 6.1744, D(x): 0.9916, D(G(z)): 0.0872 / 0.0027, iteration time: 1.2161s 
Rank: 0, Epoch: 0, iteration: 200/391, It. time: 1.2161s, Elapsed time: 308.6422 s 
[epoch: 0/1][iteration: 201/391][rank: 0] Loss_D: 0.2046, Loss_G: 5.7581, D(x): 0.8848, D(G(z)): 0.0200 / 0.0044, iteration time: 1.1930s 
Rank: 0, Epoch: 0, iteration: 201/391, It. time: 1.1930s, Elapsed time: 310.0711 s 
[epoch: 0/1][iteration: 202/391][rank: 0] Loss_D: 0.0533, Loss_G: 5.2854, D(x): 0.9842, D(G(z)): 0.0358 / 0.0066, iteration time: 1.1943s 
Rank: 0, Epoch: 0, iteration: 202/391, It. time: 1.1943s, Elapsed time: 311.2666 s 
[epoch: 0/1][iteration: 203/391][rank: 0] Loss_D: 0.1416, Loss_G: 6.3518, D(x): 0.9563, D(G(z)): 0.0853 / 0.0022, iteration time: 1.1986s 
Rank: 0, Epoch: 0, iteration: 203/391, It. time: 1.1986s, Elapsed time: 312.4665 s 
[epoch: 0/1][iteration: 204/391][rank: 0] Loss_D: 0.0506, Loss_G: 6.2630, D(x): 0.9748, D(G(z)): 0.0238 / 0.0026, iteration time: 1.2114s 
Rank: 0, Epoch: 0, iteration: 204/391, It. time: 1.2114s, Elapsed time: 313.6793 s 
[epoch: 0/1][iteration: 205/391][rank: 0] Loss_D: 0.0919, Loss_G: 5.7266, D(x): 0.9532, D(G(z)): 0.0392 / 0.0050, iteration time: 1.1851s 
Rank: 0, Epoch: 0, iteration: 205/391, It. time: 1.1851s, Elapsed time: 314.8656 s 
[epoch: 0/1][iteration: 206/391][rank: 0] Loss_D: 0.1183, Loss_G: 6.1660, D(x): 0.9594, D(G(z)): 0.0675 / 0.0027, iteration time: 1.1979s 
Rank: 0, Epoch: 0, iteration: 206/391, It. time: 1.1979s, Elapsed time: 316.0646 s 
[epoch: 0/1][iteration: 207/391][rank: 0] Loss_D: 0.1041, Loss_G: 5.8918, D(x): 0.9523, D(G(z)): 0.0332 / 0.0036, iteration time: 1.1933s 
Rank: 0, Epoch: 0, iteration: 207/391, It. time: 1.1933s, Elapsed time: 317.2591 s 
[epoch: 0/1][iteration: 208/391][rank: 0] Loss_D: 0.0907, Loss_G: 6.3577, D(x): 0.9755, D(G(z)): 0.0612 / 0.0022, iteration time: 1.1958s 
Rank: 0, Epoch: 0, iteration: 208/391, It. time: 1.1958s, Elapsed time: 318.4563 s 
[epoch: 0/1][iteration: 209/391][rank: 0] Loss_D: 0.1528, Loss_G: 5.3966, D(x): 0.9040, D(G(z)): 0.0309 / 0.0058, iteration time: 1.2005s 
Rank: 0, Epoch: 0, iteration: 209/391, It. time: 1.2005s, Elapsed time: 319.6581 s 
[epoch: 0/1][iteration: 210/391][rank: 0] Loss_D: 0.1752, Loss_G: 7.2132, D(x): 0.9484, D(G(z)): 0.1018 / 0.0009, iteration time: 1.1876s 
Rank: 0, Epoch: 0, iteration: 210/391, It. time: 1.1876s, Elapsed time: 320.8470 s 
[epoch: 0/1][iteration: 211/391][rank: 0] Loss_D: 0.0946, Loss_G: 6.8071, D(x): 0.9309, D(G(z)): 0.0101 / 0.0015, iteration time: 1.2015s 
Rank: 0, Epoch: 0, iteration: 211/391, It. time: 1.2015s, Elapsed time: 322.0499 s 
[epoch: 0/1][iteration: 212/391][rank: 0] Loss_D: 0.0476, Loss_G: 5.6091, D(x): 0.9892, D(G(z)): 0.0356 / 0.0043, iteration time: 1.1818s 
Rank: 0, Epoch: 0, iteration: 212/391, It. time: 1.1818s, Elapsed time: 323.2330 s 
[epoch: 0/1][iteration: 213/391][rank: 0] Loss_D: 0.1004, Loss_G: 7.0108, D(x): 0.9825, D(G(z)): 0.0760 / 0.0011, iteration time: 1.1992s 
Rank: 0, Epoch: 0, iteration: 213/391, It. time: 1.1992s, Elapsed time: 324.4335 s 
[epoch: 0/1][iteration: 214/391][rank: 0] Loss_D: 0.1066, Loss_G: 5.5505, D(x): 0.9164, D(G(z)): 0.0093 / 0.0047, iteration time: 1.2146s 
Rank: 0, Epoch: 0, iteration: 214/391, It. time: 1.2146s, Elapsed time: 325.6493 s 
[epoch: 0/1][iteration: 215/391][rank: 0] Loss_D: 0.1152, Loss_G: 6.1493, D(x): 0.9615, D(G(z)): 0.0661 / 0.0025, iteration time: 1.1858s 
Rank: 0, Epoch: 0, iteration: 215/391, It. time: 1.1858s, Elapsed time: 326.8363 s 
[epoch: 0/1][iteration: 216/391][rank: 0] Loss_D: 0.0919, Loss_G: 6.6992, D(x): 0.9633, D(G(z)): 0.0489 / 0.0017, iteration time: 1.1806s 
Rank: 0, Epoch: 0, iteration: 216/391, It. time: 1.1806s, Elapsed time: 328.0182 s 
[epoch: 0/1][iteration: 217/391][rank: 0] Loss_D: 0.0982, Loss_G: 5.8181, D(x): 0.9374, D(G(z)): 0.0236 / 0.0036, iteration time: 1.2001s 
Rank: 0, Epoch: 0, iteration: 217/391, It. time: 1.2001s, Elapsed time: 329.2196 s 
[epoch: 0/1][iteration: 218/391][rank: 0] Loss_D: 0.1275, Loss_G: 6.8861, D(x): 0.9585, D(G(z)): 0.0701 / 0.0012, iteration time: 1.2005s 
Rank: 0, Epoch: 0, iteration: 218/391, It. time: 1.2005s, Elapsed time: 330.4213 s 
[epoch: 0/1][iteration: 219/391][rank: 0] Loss_D: 0.1778, Loss_G: 4.0812, D(x): 0.8833, D(G(z)): 0.0086 / 0.0206, iteration time: 1.1759s 
Rank: 0, Epoch: 0, iteration: 219/391, It. time: 1.1759s, Elapsed time: 331.5985 s 
[epoch: 0/1][iteration: 220/391][rank: 0] Loss_D: 0.1882, Loss_G: 10.9677, D(x): 0.9898, D(G(z)): 0.1577 / 0.0001, iteration time: 1.1825s 
Rank: 0, Epoch: 0, iteration: 220/391, It. time: 1.1825s, Elapsed time: 332.7822 s 
[epoch: 0/1][iteration: 221/391][rank: 0] Loss_D: 0.3860, Loss_G: 4.3216, D(x): 0.7481, D(G(z)): 0.0024 / 0.0707, iteration time: 1.1814s 
Rank: 0, Epoch: 0, iteration: 221/391, It. time: 1.1814s, Elapsed time: 333.9648 s 
[epoch: 0/1][iteration: 222/391][rank: 0] Loss_D: 0.6068, Loss_G: 12.1742, D(x): 0.9933, D(G(z)): 0.3349 / 0.0038, iteration time: 1.1925s 
Rank: 0, Epoch: 0, iteration: 222/391, It. time: 1.1925s, Elapsed time: 335.1585 s 
[epoch: 0/1][iteration: 223/391][rank: 0] Loss_D: 3.9996, Loss_G: 8.2575, D(x): 0.4708, D(G(z)): 0.0134 / 0.0064, iteration time: 1.1908s 
Rank: 0, Epoch: 0, iteration: 223/391, It. time: 1.1908s, Elapsed time: 336.3504 s 
[epoch: 0/1][iteration: 224/391][rank: 0] Loss_D: 0.7756, Loss_G: 1.6254, D(x): 0.6777, D(G(z)): 0.0408 / 0.3073, iteration time: 1.1972s 
Rank: 0, Epoch: 0, iteration: 224/391, It. time: 1.1972s, Elapsed time: 337.5488 s 
[epoch: 0/1][iteration: 225/391][rank: 0] Loss_D: 1.1388, Loss_G: 9.0157, D(x): 0.9989, D(G(z)): 0.5225 / 0.0006, iteration time: 1.1873s 
Rank: 0, Epoch: 0, iteration: 225/391, It. time: 1.1873s, Elapsed time: 338.7372 s 
[epoch: 0/1][iteration: 226/391][rank: 0] Loss_D: 0.7741, Loss_G: 8.0763, D(x): 0.6689, D(G(z)): 0.0026 / 0.0016, iteration time: 1.2233s 
Rank: 0, Epoch: 0, iteration: 226/391, It. time: 1.2233s, Elapsed time: 339.9617 s 
[epoch: 0/1][iteration: 227/391][rank: 0] Loss_D: 0.0714, Loss_G: 6.5020, D(x): 0.9416, D(G(z)): 0.0052 / 0.0066, iteration time: 1.2058s 
Rank: 0, Epoch: 0, iteration: 227/391, It. time: 1.2058s, Elapsed time: 341.1687 s 
[epoch: 0/1][iteration: 228/391][rank: 0] Loss_D: 0.1310, Loss_G: 4.4645, D(x): 0.9229, D(G(z)): 0.0333 / 0.0257, iteration time: 1.1889s 
Rank: 0, Epoch: 0, iteration: 228/391, It. time: 1.1889s, Elapsed time: 342.3588 s 
[epoch: 0/1][iteration: 229/391][rank: 0] Loss_D: 0.1077, Loss_G: 4.1532, D(x): 0.9624, D(G(z)): 0.0577 / 0.0194, iteration time: 1.2011s 
Rank: 0, Epoch: 0, iteration: 229/391, It. time: 1.2011s, Elapsed time: 343.5613 s 
[epoch: 0/1][iteration: 230/391][rank: 0] Loss_D: 0.2645, Loss_G: 4.9965, D(x): 0.9361, D(G(z)): 0.1508 / 0.0091, iteration time: 1.2163s 
Rank: 0, Epoch: 0, iteration: 230/391, It. time: 1.2163s, Elapsed time: 344.7789 s 
[epoch: 0/1][iteration: 231/391][rank: 0] Loss_D: 0.3713, Loss_G: 5.3718, D(x): 0.8506, D(G(z)): 0.1135 / 0.0058, iteration time: 1.2105s 
Rank: 0, Epoch: 0, iteration: 231/391, It. time: 1.2105s, Elapsed time: 345.9907 s 
[epoch: 0/1][iteration: 232/391][rank: 0] Loss_D: 0.1455, Loss_G: 4.6706, D(x): 0.9012, D(G(z)): 0.0220 / 0.0160, iteration time: 1.2027s 
Rank: 0, Epoch: 0, iteration: 232/391, It. time: 1.2027s, Elapsed time: 347.1947 s 
[epoch: 0/1][iteration: 233/391][rank: 0] Loss_D: 0.1742, Loss_G: 4.0129, D(x): 0.9175, D(G(z)): 0.0767 / 0.0243, iteration time: 1.2091s 
Rank: 0, Epoch: 0, iteration: 233/391, It. time: 1.2091s, Elapsed time: 348.4051 s 
[epoch: 0/1][iteration: 234/391][rank: 0] Loss_D: 0.2976, Loss_G: 5.1686, D(x): 0.8698, D(G(z)): 0.1181 / 0.0066, iteration time: 1.1890s 
Rank: 0, Epoch: 0, iteration: 234/391, It. time: 1.1890s, Elapsed time: 349.5954 s 
[epoch: 0/1][iteration: 235/391][rank: 0] Loss_D: 0.5190, Loss_G: 8.0899, D(x): 0.8871, D(G(z)): 0.2816 / 0.0006, iteration time: 1.1935s 
Rank: 0, Epoch: 0, iteration: 235/391, It. time: 1.1935s, Elapsed time: 350.7902 s 
[epoch: 0/1][iteration: 236/391][rank: 0] Loss_D: 1.0865, Loss_G: 3.3492, D(x): 0.4693, D(G(z)): 0.0055 / 0.0648, iteration time: 1.1951s 
Rank: 0, Epoch: 0, iteration: 236/391, It. time: 1.1951s, Elapsed time: 351.9866 s 
[epoch: 0/1][iteration: 237/391][rank: 0] Loss_D: 0.9715, Loss_G: 8.8781, D(x): 0.9622, D(G(z)): 0.5212 / 0.0022, iteration time: 1.1753s 
Rank: 0, Epoch: 0, iteration: 237/391, It. time: 1.1753s, Elapsed time: 353.1632 s 
[epoch: 0/1][iteration: 238/391][rank: 0] Loss_D: 0.5462, Loss_G: 7.4106, D(x): 0.6929, D(G(z)): 0.0255 / 0.0060, iteration time: 1.2054s 
Rank: 0, Epoch: 0, iteration: 238/391, It. time: 1.2054s, Elapsed time: 354.3698 s 
[epoch: 0/1][iteration: 239/391][rank: 0] Loss_D: 0.1880, Loss_G: 5.1366, D(x): 0.9105, D(G(z)): 0.0589 / 0.0162, iteration time: 1.1904s 
Rank: 0, Epoch: 0, iteration: 239/391, It. time: 1.1904s, Elapsed time: 355.5615 s 
[epoch: 0/1][iteration: 240/391][rank: 0] Loss_D: 0.3469, Loss_G: 4.7450, D(x): 0.9487, D(G(z)): 0.2083 / 0.0135, iteration time: 1.1836s 
Rank: 0, Epoch: 0, iteration: 240/391, It. time: 1.1836s, Elapsed time: 356.7463 s 
[epoch: 0/1][iteration: 241/391][rank: 0] Loss_D: 0.3792, Loss_G: 5.1372, D(x): 0.8559, D(G(z)): 0.1601 / 0.0082, iteration time: 1.1862s 
Rank: 0, Epoch: 0, iteration: 241/391, It. time: 1.1862s, Elapsed time: 357.9338 s 
[epoch: 0/1][iteration: 242/391][rank: 0] Loss_D: 0.4558, Loss_G: 4.6360, D(x): 0.8671, D(G(z)): 0.1653 / 0.0159, iteration time: 1.1748s 
Rank: 0, Epoch: 0, iteration: 242/391, It. time: 1.1748s, Elapsed time: 359.1100 s 
[epoch: 0/1][iteration: 243/391][rank: 0] Loss_D: 0.3795, Loss_G: 4.4444, D(x): 0.8480, D(G(z)): 0.1561 / 0.0135, iteration time: 1.1941s 
Rank: 0, Epoch: 0, iteration: 243/391, It. time: 1.1941s, Elapsed time: 360.3054 s 
[epoch: 0/1][iteration: 244/391][rank: 0] Loss_D: 0.5214, Loss_G: 4.1250, D(x): 0.7584, D(G(z)): 0.1167 / 0.0200, iteration time: 1.1769s 
Rank: 0, Epoch: 0, iteration: 244/391, It. time: 1.1769s, Elapsed time: 361.4837 s 
[epoch: 0/1][iteration: 245/391][rank: 0] Loss_D: 0.4131, Loss_G: 4.9018, D(x): 0.8351, D(G(z)): 0.1599 / 0.0091, iteration time: 1.1773s 
Rank: 0, Epoch: 0, iteration: 245/391, It. time: 1.1773s, Elapsed time: 362.6626 s 
[epoch: 0/1][iteration: 246/391][rank: 0] Loss_D: 0.3739, Loss_G: 5.1349, D(x): 0.8327, D(G(z)): 0.1130 / 0.0077, iteration time: 1.1835s 
Rank: 0, Epoch: 0, iteration: 246/391, It. time: 1.1835s, Elapsed time: 363.8475 s 
[epoch: 0/1][iteration: 247/391][rank: 0] Loss_D: 0.4826, Loss_G: 3.0105, D(x): 0.7406, D(G(z)): 0.1010 / 0.0623, iteration time: 1.1867s 
Rank: 0, Epoch: 0, iteration: 247/391, It. time: 1.1867s, Elapsed time: 365.0354 s 
[epoch: 0/1][iteration: 248/391][rank: 0] Loss_D: 0.6936, Loss_G: 9.5469, D(x): 0.9477, D(G(z)): 0.4273 / 0.0001, iteration time: 1.1795s 
Rank: 0, Epoch: 0, iteration: 248/391, It. time: 1.1795s, Elapsed time: 366.2162 s 
[epoch: 0/1][iteration: 249/391][rank: 0] Loss_D: 2.6169, Loss_G: 2.4676, D(x): 0.1361, D(G(z)): 0.0039 / 0.2260, iteration time: 1.2068s 
Rank: 0, Epoch: 0, iteration: 249/391, It. time: 1.2068s, Elapsed time: 367.4242 s 
[epoch: 0/1][iteration: 250/391][rank: 0] Loss_D: 1.2310, Loss_G: 6.0040, D(x): 0.9482, D(G(z)): 0.5356 / 0.0063, iteration time: 1.2013s 
Rank: 0, Epoch: 0, iteration: 250/391, It. time: 1.2013s, Elapsed time: 368.6268 s 
[epoch: 0/1][iteration: 251/391][rank: 0] Loss_D: 0.8021, Loss_G: 3.3431, D(x): 0.5856, D(G(z)): 0.0612 / 0.0643, iteration time: 1.1791s 
Rank: 0, Epoch: 0, iteration: 251/391, It. time: 1.1791s, Elapsed time: 369.8071 s 
[epoch: 0/1][iteration: 252/391][rank: 0] Loss_D: 1.2563, Loss_G: 6.1577, D(x): 0.8722, D(G(z)): 0.5606 / 0.0064, iteration time: 1.1892s 
Rank: 0, Epoch: 0, iteration: 252/391, It. time: 1.1892s, Elapsed time: 370.9976 s 
[epoch: 0/1][iteration: 253/391][rank: 0] Loss_D: 1.5115, Loss_G: 2.2167, D(x): 0.4104, D(G(z)): 0.0577 / 0.1607, iteration time: 1.1965s 
Rank: 0, Epoch: 0, iteration: 253/391, It. time: 1.1965s, Elapsed time: 372.1954 s 
[epoch: 0/1][iteration: 254/391][rank: 0] Loss_D: 0.9026, Loss_G: 5.5220, D(x): 0.9526, D(G(z)): 0.4997 / 0.0073, iteration time: 1.1867s 
Rank: 0, Epoch: 0, iteration: 254/391, It. time: 1.1867s, Elapsed time: 373.3834 s 
[epoch: 0/1][iteration: 255/391][rank: 0] Loss_D: 0.8901, Loss_G: 2.9650, D(x): 0.5185, D(G(z)): 0.0329 / 0.0714, iteration time: 1.1806s 
Rank: 0, Epoch: 0, iteration: 255/391, It. time: 1.1806s, Elapsed time: 374.5652 s 
[epoch: 0/1][iteration: 256/391][rank: 0] Loss_D: 0.7147, Loss_G: 4.7061, D(x): 0.9041, D(G(z)): 0.3988 / 0.0127, iteration time: 1.1936s 
Rank: 0, Epoch: 0, iteration: 256/391, It. time: 1.1936s, Elapsed time: 375.7600 s 
[epoch: 0/1][iteration: 257/391][rank: 0] Loss_D: 0.4705, Loss_G: 3.5998, D(x): 0.7193, D(G(z)): 0.0850 / 0.0403, iteration time: 1.1879s 
Rank: 0, Epoch: 0, iteration: 257/391, It. time: 1.1879s, Elapsed time: 376.9491 s 
[epoch: 0/1][iteration: 258/391][rank: 0] Loss_D: 0.4155, Loss_G: 4.2972, D(x): 0.9245, D(G(z)): 0.2540 / 0.0206, iteration time: 1.1887s 
Rank: 0, Epoch: 0, iteration: 258/391, It. time: 1.1887s, Elapsed time: 378.1391 s 
[epoch: 0/1][iteration: 259/391][rank: 0] Loss_D: 0.6826, Loss_G: 1.9338, D(x): 0.6544, D(G(z)): 0.1420 / 0.1776, iteration time: 1.1895s 
Rank: 0, Epoch: 0, iteration: 259/391, It. time: 1.1895s, Elapsed time: 379.3298 s 
[epoch: 0/1][iteration: 260/391][rank: 0] Loss_D: 1.3057, Loss_G: 8.1559, D(x): 0.9239, D(G(z)): 0.6547 / 0.0006, iteration time: 1.1927s 
Rank: 0, Epoch: 0, iteration: 260/391, It. time: 1.1927s, Elapsed time: 380.5237 s 
[epoch: 0/1][iteration: 261/391][rank: 0] Loss_D: 3.7800, Loss_G: 2.3778, D(x): 0.0496, D(G(z)): 0.0032 / 0.1415, iteration time: 1.1981s 
Rank: 0, Epoch: 0, iteration: 261/391, It. time: 1.1981s, Elapsed time: 381.7231 s 
[epoch: 0/1][iteration: 262/391][rank: 0] Loss_D: 0.6445, Loss_G: 0.9490, D(x): 0.7495, D(G(z)): 0.2223 / 0.4414, iteration time: 1.1878s 
Rank: 0, Epoch: 0, iteration: 262/391, It. time: 1.1878s, Elapsed time: 382.9121 s 
[epoch: 0/1][iteration: 263/391][rank: 0] Loss_D: 1.1469, Loss_G: 3.4439, D(x): 0.9200, D(G(z)): 0.6136 / 0.0385, iteration time: 1.1844s 
Rank: 0, Epoch: 0, iteration: 263/391, It. time: 1.1844s, Elapsed time: 384.0978 s 
[epoch: 0/1][iteration: 264/391][rank: 0] Loss_D: 0.4564, Loss_G: 3.1803, D(x): 0.7464, D(G(z)): 0.1143 / 0.0517, iteration time: 1.1893s 
Rank: 0, Epoch: 0, iteration: 264/391, It. time: 1.1893s, Elapsed time: 385.2884 s 
[epoch: 0/1][iteration: 265/391][rank: 0] Loss_D: 0.4297, Loss_G: 2.3121, D(x): 0.7956, D(G(z)): 0.1538 / 0.1388, iteration time: 1.1946s 
Rank: 0, Epoch: 0, iteration: 265/391, It. time: 1.1946s, Elapsed time: 386.4843 s 
[epoch: 0/1][iteration: 266/391][rank: 0] Loss_D: 0.6881, Loss_G: 3.2794, D(x): 0.9049, D(G(z)): 0.3864 / 0.0507, iteration time: 1.1754s 
Rank: 0, Epoch: 0, iteration: 266/391, It. time: 1.1754s, Elapsed time: 387.6610 s 
[epoch: 0/1][iteration: 267/391][rank: 0] Loss_D: 0.6045, Loss_G: 2.2751, D(x): 0.6614, D(G(z)): 0.1202 / 0.1167, iteration time: 1.2015s 
Rank: 0, Epoch: 0, iteration: 267/391, It. time: 1.2015s, Elapsed time: 388.8640 s 
[epoch: 0/1][iteration: 268/391][rank: 0] Loss_D: 0.5570, Loss_G: 2.9226, D(x): 0.8814, D(G(z)): 0.3163 / 0.0758, iteration time: 1.1859s 
Rank: 0, Epoch: 0, iteration: 268/391, It. time: 1.1859s, Elapsed time: 390.0511 s 
[epoch: 0/1][iteration: 269/391][rank: 0] Loss_D: 0.4765, Loss_G: 3.2716, D(x): 0.8160, D(G(z)): 0.2038 / 0.0589, iteration time: 1.1901s 
Rank: 0, Epoch: 0, iteration: 269/391, It. time: 1.1901s, Elapsed time: 391.2424 s 
[epoch: 0/1][iteration: 270/391][rank: 0] Loss_D: 0.5235, Loss_G: 2.5050, D(x): 0.7954, D(G(z)): 0.2103 / 0.1085, iteration time: 1.1807s 
Rank: 0, Epoch: 0, iteration: 270/391, It. time: 1.1807s, Elapsed time: 392.4243 s 
[epoch: 0/1][iteration: 271/391][rank: 0] Loss_D: 0.7573, Loss_G: 2.4563, D(x): 0.6215, D(G(z)): 0.1742 / 0.1036, iteration time: 1.1883s 
Rank: 0, Epoch: 0, iteration: 271/391, It. time: 1.1883s, Elapsed time: 393.6138 s 
[epoch: 0/1][iteration: 272/391][rank: 0] Loss_D: 0.6093, Loss_G: 5.1521, D(x): 0.9132, D(G(z)): 0.3607 / 0.0096, iteration time: 1.1815s 
Rank: 0, Epoch: 0, iteration: 272/391, It. time: 1.1815s, Elapsed time: 394.7967 s 
[epoch: 0/1][iteration: 273/391][rank: 0] Loss_D: 0.9089, Loss_G: 0.7235, D(x): 0.4724, D(G(z)): 0.0329 / 0.5355, iteration time: 1.1903s 
Rank: 0, Epoch: 0, iteration: 273/391, It. time: 1.1903s, Elapsed time: 395.9881 s 
[epoch: 0/1][iteration: 274/391][rank: 0] Loss_D: 1.6321, Loss_G: 6.3792, D(x): 0.9680, D(G(z)): 0.7474 / 0.0040, iteration time: 1.1844s 
Rank: 0, Epoch: 0, iteration: 274/391, It. time: 1.1844s, Elapsed time: 397.1738 s 
[epoch: 0/1][iteration: 275/391][rank: 0] Loss_D: 2.0621, Loss_G: 2.6759, D(x): 0.2319, D(G(z)): 0.0134 / 0.1156, iteration time: 1.1866s 
Rank: 0, Epoch: 0, iteration: 275/391, It. time: 1.1866s, Elapsed time: 398.3620 s 
[epoch: 0/1][iteration: 276/391][rank: 0] Loss_D: 0.6939, Loss_G: 1.3114, D(x): 0.7394, D(G(z)): 0.2186 / 0.3137, iteration time: 1.1743s 
Rank: 0, Epoch: 0, iteration: 276/391, It. time: 1.1743s, Elapsed time: 399.5374 s 
[epoch: 0/1][iteration: 277/391][rank: 0] Loss_D: 1.0862, Loss_G: 4.7254, D(x): 0.9582, D(G(z)): 0.5745 / 0.0203, iteration time: 1.2047s 
Rank: 0, Epoch: 0, iteration: 277/391, It. time: 1.2047s, Elapsed time: 400.7434 s 
[epoch: 0/1][iteration: 278/391][rank: 0] Loss_D: 0.8677, Loss_G: 3.0409, D(x): 0.4898, D(G(z)): 0.0514 / 0.0937, iteration time: 1.1865s 
Rank: 0, Epoch: 0, iteration: 278/391, It. time: 1.1865s, Elapsed time: 401.9311 s 
[epoch: 0/1][iteration: 279/391][rank: 0] Loss_D: 0.6889, Loss_G: 2.0033, D(x): 0.7110, D(G(z)): 0.2116 / 0.1633, iteration time: 1.1893s 
Rank: 0, Epoch: 0, iteration: 279/391, It. time: 1.1893s, Elapsed time: 403.1216 s 
[epoch: 0/1][iteration: 280/391][rank: 0] Loss_D: 0.4763, Loss_G: 2.8802, D(x): 0.9277, D(G(z)): 0.3047 / 0.0692, iteration time: 1.1889s 
Rank: 0, Epoch: 0, iteration: 280/391, It. time: 1.1889s, Elapsed time: 404.3117 s 
[epoch: 0/1][iteration: 281/391][rank: 0] Loss_D: 0.3593, Loss_G: 2.8910, D(x): 0.8213, D(G(z)): 0.1257 / 0.0700, iteration time: 1.1926s 
Rank: 0, Epoch: 0, iteration: 281/391, It. time: 1.1926s, Elapsed time: 405.5056 s 
[epoch: 0/1][iteration: 282/391][rank: 0] Loss_D: 0.5521, Loss_G: 2.9679, D(x): 0.8125, D(G(z)): 0.2492 / 0.0671, iteration time: 1.1911s 
Rank: 0, Epoch: 0, iteration: 282/391, It. time: 1.1911s, Elapsed time: 406.6978 s 
[epoch: 0/1][iteration: 283/391][rank: 0] Loss_D: 0.4605, Loss_G: 2.6335, D(x): 0.7946, D(G(z)): 0.1750 / 0.0877, iteration time: 1.2079s 
Rank: 0, Epoch: 0, iteration: 283/391, It. time: 1.2079s, Elapsed time: 407.9069 s 
[epoch: 0/1][iteration: 284/391][rank: 0] Loss_D: 0.3788, Loss_G: 2.5418, D(x): 0.8638, D(G(z)): 0.1826 / 0.0935, iteration time: 1.1752s 
Rank: 0, Epoch: 0, iteration: 284/391, It. time: 1.1752s, Elapsed time: 409.0832 s 
[epoch: 0/1][iteration: 285/391][rank: 0] Loss_D: 0.5774, Loss_G: 4.2960, D(x): 0.9519, D(G(z)): 0.3752 / 0.0167, iteration time: 1.2072s 
Rank: 0, Epoch: 0, iteration: 285/391, It. time: 1.2072s, Elapsed time: 410.2916 s 
[epoch: 0/1][iteration: 286/391][rank: 0] Loss_D: 0.5836, Loss_G: 1.6836, D(x): 0.6464, D(G(z)): 0.0692 / 0.2129, iteration time: 1.1880s 
Rank: 0, Epoch: 0, iteration: 286/391, It. time: 1.1880s, Elapsed time: 411.4810 s 
[epoch: 0/1][iteration: 287/391][rank: 0] Loss_D: 0.5848, Loss_G: 4.4380, D(x): 0.9481, D(G(z)): 0.3669 / 0.0178, iteration time: 1.1886s 
Rank: 0, Epoch: 0, iteration: 287/391, It. time: 1.1886s, Elapsed time: 412.6709 s 
[epoch: 0/1][iteration: 288/391][rank: 0] Loss_D: 0.4584, Loss_G: 2.8964, D(x): 0.7541, D(G(z)): 0.1172 / 0.0788, iteration time: 1.1797s 
Rank: 0, Epoch: 0, iteration: 288/391, It. time: 1.1797s, Elapsed time: 413.8518 s 
[epoch: 0/1][iteration: 289/391][rank: 0] Loss_D: 0.3513, Loss_G: 3.3197, D(x): 0.8784, D(G(z)): 0.1828 / 0.0435, iteration time: 1.1800s 
Rank: 0, Epoch: 0, iteration: 289/391, It. time: 1.1800s, Elapsed time: 415.0331 s 
[epoch: 0/1][iteration: 290/391][rank: 0] Loss_D: 0.2242, Loss_G: 3.4204, D(x): 0.8728, D(G(z)): 0.0770 / 0.0387, iteration time: 1.1887s 
Rank: 0, Epoch: 0, iteration: 290/391, It. time: 1.1887s, Elapsed time: 416.2231 s 
[epoch: 0/1][iteration: 291/391][rank: 0] Loss_D: 0.1865, Loss_G: 4.0217, D(x): 0.9648, D(G(z)): 0.1294 / 0.0227, iteration time: 1.1847s 
Rank: 0, Epoch: 0, iteration: 291/391, It. time: 1.1847s, Elapsed time: 417.4089 s 
[epoch: 0/1][iteration: 292/391][rank: 0] Loss_D: 0.2696, Loss_G: 3.8591, D(x): 0.8679, D(G(z)): 0.1000 / 0.0282, iteration time: 1.1838s 
Rank: 0, Epoch: 0, iteration: 292/391, It. time: 1.1838s, Elapsed time: 418.5939 s 
[epoch: 0/1][iteration: 293/391][rank: 0] Loss_D: 0.4948, Loss_G: 7.1714, D(x): 0.9158, D(G(z)): 0.2987 / 0.0014, iteration time: 1.1757s 
Rank: 0, Epoch: 0, iteration: 293/391, It. time: 1.1757s, Elapsed time: 419.7708 s 
[epoch: 0/1][iteration: 294/391][rank: 0] Loss_D: 1.0796, Loss_G: 1.4138, D(x): 0.4202, D(G(z)): 0.0152 / 0.2969, iteration time: 1.1895s 
Rank: 0, Epoch: 0, iteration: 294/391, It. time: 1.1895s, Elapsed time: 420.9615 s 
[epoch: 0/1][iteration: 295/391][rank: 0] Loss_D: 1.0794, Loss_G: 7.5432, D(x): 0.9857, D(G(z)): 0.6168 / 0.0009, iteration time: 1.2040s 
Rank: 0, Epoch: 0, iteration: 295/391, It. time: 1.2040s, Elapsed time: 422.1667 s 
[epoch: 0/1][iteration: 296/391][rank: 0] Loss_D: 1.1149, Loss_G: 3.6495, D(x): 0.4486, D(G(z)): 0.0046 / 0.0551, iteration time: 1.1882s 
Rank: 0, Epoch: 0, iteration: 296/391, It. time: 1.1882s, Elapsed time: 423.3561 s 
[epoch: 0/1][iteration: 297/391][rank: 0] Loss_D: 0.3740, Loss_G: 4.9141, D(x): 0.9426, D(G(z)): 0.2406 / 0.0094, iteration time: 1.2000s 
Rank: 0, Epoch: 0, iteration: 297/391, It. time: 1.2000s, Elapsed time: 424.5573 s 
[epoch: 0/1][iteration: 298/391][rank: 0] Loss_D: 0.3665, Loss_G: 6.6510, D(x): 0.9116, D(G(z)): 0.2226 / 0.0019, iteration time: 1.1835s 
Rank: 0, Epoch: 0, iteration: 298/391, It. time: 1.1835s, Elapsed time: 425.7420 s 
[epoch: 0/1][iteration: 299/391][rank: 0] Loss_D: 1.0502, Loss_G: 1.5442, D(x): 0.4147, D(G(z)): 0.0243 / 0.2522, iteration time: 1.1806s 
Rank: 0, Epoch: 0, iteration: 299/391, It. time: 1.1806s, Elapsed time: 426.9239 s 
[epoch: 0/1][iteration: 300/391][rank: 0] Loss_D: 2.4377, Loss_G: 11.1469, D(x): 0.9885, D(G(z)): 0.8866 / 0.0000, iteration time: 1.1734s 
Rank: 0, Epoch: 0, iteration: 300/391, It. time: 1.1734s, Elapsed time: 428.0985 s 
[epoch: 0/1][iteration: 301/391][rank: 0] Loss_D: 5.0360, Loss_G: 5.4797, D(x): 0.0216, D(G(z)): 0.0002 / 0.0118, iteration time: 1.1965s 
Rank: 0, Epoch: 0, iteration: 301/391, It. time: 1.1965s, Elapsed time: 429.5361 s 
[epoch: 0/1][iteration: 302/391][rank: 0] Loss_D: 1.7180, Loss_G: 0.4847, D(x): 0.3435, D(G(z)): 0.0558 / 0.6477, iteration time: 1.1793s 
Rank: 0, Epoch: 0, iteration: 302/391, It. time: 1.1793s, Elapsed time: 430.7166 s 
[epoch: 0/1][iteration: 303/391][rank: 0] Loss_D: 1.7961, Loss_G: 2.0876, D(x): 0.9339, D(G(z)): 0.7423 / 0.1746, iteration time: 1.1793s 
Rank: 0, Epoch: 0, iteration: 303/391, It. time: 1.1793s, Elapsed time: 431.8971 s 
[epoch: 0/1][iteration: 304/391][rank: 0] Loss_D: 0.9216, Loss_G: 3.1134, D(x): 0.7710, D(G(z)): 0.3941 / 0.0766, iteration time: 1.1970s 
Rank: 0, Epoch: 0, iteration: 304/391, It. time: 1.1970s, Elapsed time: 433.0953 s 
[epoch: 0/1][iteration: 305/391][rank: 0] Loss_D: 0.6495, Loss_G: 2.7848, D(x): 0.6535, D(G(z)): 0.1175 / 0.0825, iteration time: 1.2078s 
Rank: 0, Epoch: 0, iteration: 305/391, It. time: 1.2078s, Elapsed time: 434.3043 s 
[epoch: 0/1][iteration: 306/391][rank: 0] Loss_D: 0.6216, Loss_G: 1.8878, D(x): 0.6981, D(G(z)): 0.1864 / 0.1876, iteration time: 1.1875s 
Rank: 0, Epoch: 0, iteration: 306/391, It. time: 1.1875s, Elapsed time: 435.4931 s 
[epoch: 0/1][iteration: 307/391][rank: 0] Loss_D: 0.7145, Loss_G: 2.1958, D(x): 0.7695, D(G(z)): 0.3146 / 0.1310, iteration time: 1.1907s 
Rank: 0, Epoch: 0, iteration: 307/391, It. time: 1.1907s, Elapsed time: 436.6850 s 
[epoch: 0/1][iteration: 308/391][rank: 0] Loss_D: 0.6667, Loss_G: 2.6712, D(x): 0.7588, D(G(z)): 0.2775 / 0.0917, iteration time: 1.1866s 
Rank: 0, Epoch: 0, iteration: 308/391, It. time: 1.1866s, Elapsed time: 437.8727 s 
[epoch: 0/1][iteration: 309/391][rank: 0] Loss_D: 0.4912, Loss_G: 2.4733, D(x): 0.8561, D(G(z)): 0.2527 / 0.1110, iteration time: 1.1770s 
Rank: 0, Epoch: 0, iteration: 309/391, It. time: 1.1770s, Elapsed time: 439.0509 s 
[epoch: 0/1][iteration: 310/391][rank: 0] Loss_D: 0.4384, Loss_G: 2.6994, D(x): 0.7776, D(G(z)): 0.1384 / 0.0894, iteration time: 1.1869s 
Rank: 0, Epoch: 0, iteration: 310/391, It. time: 1.1869s, Elapsed time: 440.2390 s 
[epoch: 0/1][iteration: 311/391][rank: 0] Loss_D: 0.4563, Loss_G: 2.9431, D(x): 0.8938, D(G(z)): 0.2600 / 0.0694, iteration time: 1.1799s 
Rank: 0, Epoch: 0, iteration: 311/391, It. time: 1.1799s, Elapsed time: 441.4201 s 
[epoch: 0/1][iteration: 312/391][rank: 0] Loss_D: 0.4783, Loss_G: 3.1941, D(x): 0.8531, D(G(z)): 0.2341 / 0.0580, iteration time: 1.1880s 
Rank: 0, Epoch: 0, iteration: 312/391, It. time: 1.1880s, Elapsed time: 442.6093 s 
[epoch: 0/1][iteration: 313/391][rank: 0] Loss_D: 0.6439, Loss_G: 2.5843, D(x): 0.7026, D(G(z)): 0.2043 / 0.0946, iteration time: 1.2130s 
Rank: 0, Epoch: 0, iteration: 313/391, It. time: 1.2130s, Elapsed time: 443.8237 s 
[epoch: 0/1][iteration: 314/391][rank: 0] Loss_D: 0.6374, Loss_G: 3.8951, D(x): 0.8504, D(G(z)): 0.3481 / 0.0244, iteration time: 1.2006s 
Rank: 0, Epoch: 0, iteration: 314/391, It. time: 1.2006s, Elapsed time: 445.0256 s 
[epoch: 0/1][iteration: 315/391][rank: 0] Loss_D: 0.6920, Loss_G: 2.2368, D(x): 0.5833, D(G(z)): 0.0640 / 0.1318, iteration time: 1.1869s 
Rank: 0, Epoch: 0, iteration: 315/391, It. time: 1.1869s, Elapsed time: 446.2138 s 
[epoch: 0/1][iteration: 316/391][rank: 0] Loss_D: 0.9682, Loss_G: 4.6730, D(x): 0.9358, D(G(z)): 0.5532 / 0.0113, iteration time: 1.2006s 
Rank: 0, Epoch: 0, iteration: 316/391, It. time: 1.2006s, Elapsed time: 447.4156 s 
[epoch: 0/1][iteration: 317/391][rank: 0] Loss_D: 1.1789, Loss_G: 2.2884, D(x): 0.3535, D(G(z)): 0.0423 / 0.1198, iteration time: 1.1923s 
Rank: 0, Epoch: 0, iteration: 317/391, It. time: 1.1923s, Elapsed time: 448.6091 s 
[epoch: 0/1][iteration: 318/391][rank: 0] Loss_D: 0.5569, Loss_G: 3.5554, D(x): 0.9226, D(G(z)): 0.3510 / 0.0407, iteration time: 1.1882s 
Rank: 0, Epoch: 0, iteration: 318/391, It. time: 1.1882s, Elapsed time: 449.7986 s 
[epoch: 0/1][iteration: 319/391][rank: 0] Loss_D: 0.3896, Loss_G: 3.7010, D(x): 0.8517, D(G(z)): 0.1787 / 0.0289, iteration time: 1.1850s 
Rank: 0, Epoch: 0, iteration: 319/391, It. time: 1.1850s, Elapsed time: 450.9849 s 
[epoch: 0/1][iteration: 320/391][rank: 0] Loss_D: 0.3844, Loss_G: 3.6904, D(x): 0.8279, D(G(z)): 0.1550 / 0.0330, iteration time: 1.1817s 
Rank: 0, Epoch: 0, iteration: 320/391, It. time: 1.1817s, Elapsed time: 452.1679 s 
[epoch: 0/1][iteration: 321/391][rank: 0] Loss_D: 0.4043, Loss_G: 2.8073, D(x): 0.7447, D(G(z)): 0.0794 / 0.0731, iteration time: 1.1819s 
Rank: 0, Epoch: 0, iteration: 321/391, It. time: 1.1819s, Elapsed time: 453.3511 s 
[epoch: 0/1][iteration: 322/391][rank: 0] Loss_D: 0.4858, Loss_G: 4.3005, D(x): 0.8551, D(G(z)): 0.2567 / 0.0159, iteration time: 1.1868s 
Rank: 0, Epoch: 0, iteration: 322/391, It. time: 1.1868s, Elapsed time: 454.5393 s 
[epoch: 0/1][iteration: 323/391][rank: 0] Loss_D: 0.5705, Loss_G: 2.4736, D(x): 0.6555, D(G(z)): 0.0905 / 0.0938, iteration time: 1.1819s 
Rank: 0, Epoch: 0, iteration: 323/391, It. time: 1.1819s, Elapsed time: 455.7226 s 
[epoch: 0/1][iteration: 324/391][rank: 0] Loss_D: 0.2041, Loss_G: 2.9381, D(x): 0.9434, D(G(z)): 0.1305 / 0.0636, iteration time: 1.1763s 
Rank: 0, Epoch: 0, iteration: 324/391, It. time: 1.1763s, Elapsed time: 456.9003 s 
[epoch: 0/1][iteration: 325/391][rank: 0] Loss_D: 0.2872, Loss_G: 4.2309, D(x): 0.9127, D(G(z)): 0.1626 / 0.0207, iteration time: 1.1828s 
Rank: 0, Epoch: 0, iteration: 325/391, It. time: 1.1828s, Elapsed time: 458.0844 s 
[epoch: 0/1][iteration: 326/391][rank: 0] Loss_D: 0.1916, Loss_G: 3.8207, D(x): 0.8963, D(G(z)): 0.0706 / 0.0311, iteration time: 1.1791s 
Rank: 0, Epoch: 0, iteration: 326/391, It. time: 1.1791s, Elapsed time: 459.2648 s 
[epoch: 0/1][iteration: 327/391][rank: 0] Loss_D: 0.6502, Loss_G: 5.3804, D(x): 0.8871, D(G(z)): 0.3518 / 0.0061, iteration time: 1.1780s 
Rank: 0, Epoch: 0, iteration: 327/391, It. time: 1.1780s, Elapsed time: 460.4441 s 
[epoch: 0/1][iteration: 328/391][rank: 0] Loss_D: 0.7884, Loss_G: 2.1718, D(x): 0.5253, D(G(z)): 0.0337 / 0.1323, iteration time: 1.1968s 
Rank: 0, Epoch: 0, iteration: 328/391, It. time: 1.1968s, Elapsed time: 461.6421 s 
[epoch: 0/1][iteration: 329/391][rank: 0] Loss_D: 0.4650, Loss_G: 4.8553, D(x): 0.9411, D(G(z)): 0.3067 / 0.0115, iteration time: 1.1888s 
Rank: 0, Epoch: 0, iteration: 329/391, It. time: 1.1888s, Elapsed time: 462.8321 s 
[epoch: 0/1][iteration: 330/391][rank: 0] Loss_D: 0.2155, Loss_G: 4.7614, D(x): 0.8912, D(G(z)): 0.0851 / 0.0119, iteration time: 1.2004s 
Rank: 0, Epoch: 0, iteration: 330/391, It. time: 1.2004s, Elapsed time: 464.0337 s 
[epoch: 0/1][iteration: 331/391][rank: 0] Loss_D: 0.1745, Loss_G: 3.7789, D(x): 0.9144, D(G(z)): 0.0766 / 0.0275, iteration time: 1.2031s 
Rank: 0, Epoch: 0, iteration: 331/391, It. time: 1.2031s, Elapsed time: 465.2380 s 
[epoch: 0/1][iteration: 332/391][rank: 0] Loss_D: 0.1379, Loss_G: 4.2270, D(x): 0.9680, D(G(z)): 0.0970 / 0.0180, iteration time: 1.1893s 
Rank: 0, Epoch: 0, iteration: 332/391, It. time: 1.1893s, Elapsed time: 466.4285 s 
[epoch: 0/1][iteration: 333/391][rank: 0] Loss_D: 0.1007, Loss_G: 4.7596, D(x): 0.9581, D(G(z)): 0.0508 / 0.0115, iteration time: 1.1922s 
Rank: 0, Epoch: 0, iteration: 333/391, It. time: 1.1922s, Elapsed time: 467.6219 s 
[epoch: 0/1][iteration: 334/391][rank: 0] Loss_D: 0.1709, Loss_G: 4.0371, D(x): 0.8927, D(G(z)): 0.0469 / 0.0216, iteration time: 1.1933s 
Rank: 0, Epoch: 0, iteration: 334/391, It. time: 1.1933s, Elapsed time: 468.8164 s 
[epoch: 0/1][iteration: 335/391][rank: 0] Loss_D: 0.2150, Loss_G: 5.1755, D(x): 0.9720, D(G(z)): 0.1602 / 0.0067, iteration time: 1.1998s 
Rank: 0, Epoch: 0, iteration: 335/391, It. time: 1.1998s, Elapsed time: 470.0174 s 
[epoch: 0/1][iteration: 336/391][rank: 0] Loss_D: 0.2321, Loss_G: 4.1695, D(x): 0.8310, D(G(z)): 0.0312 / 0.0183, iteration time: 1.1964s 
Rank: 0, Epoch: 0, iteration: 336/391, It. time: 1.1964s, Elapsed time: 471.2149 s 
[epoch: 0/1][iteration: 337/391][rank: 0] Loss_D: 0.0755, Loss_G: 3.9213, D(x): 0.9744, D(G(z)): 0.0472 / 0.0239, iteration time: 1.1685s 
Rank: 0, Epoch: 0, iteration: 337/391, It. time: 1.1685s, Elapsed time: 472.3846 s 
[epoch: 0/1][iteration: 338/391][rank: 0] Loss_D: 0.0687, Loss_G: 4.2185, D(x): 0.9773, D(G(z)): 0.0440 / 0.0176, iteration time: 1.1801s 
Rank: 0, Epoch: 0, iteration: 338/391, It. time: 1.1801s, Elapsed time: 473.5659 s 
[epoch: 0/1][iteration: 339/391][rank: 0] Loss_D: 0.1090, Loss_G: 4.7390, D(x): 0.9728, D(G(z)): 0.0759 / 0.0105, iteration time: 1.1921s 
Rank: 0, Epoch: 0, iteration: 339/391, It. time: 1.1921s, Elapsed time: 474.7592 s 
[epoch: 0/1][iteration: 340/391][rank: 0] Loss_D: 0.1055, Loss_G: 4.8987, D(x): 0.9627, D(G(z)): 0.0632 / 0.0087, iteration time: 1.1842s 
Rank: 0, Epoch: 0, iteration: 340/391, It. time: 1.1842s, Elapsed time: 475.9445 s 
[epoch: 0/1][iteration: 341/391][rank: 0] Loss_D: 0.0891, Loss_G: 4.7668, D(x): 0.9645, D(G(z)): 0.0495 / 0.0105, iteration time: 1.1776s 
Rank: 0, Epoch: 0, iteration: 341/391, It. time: 1.1776s, Elapsed time: 477.1234 s 
[epoch: 0/1][iteration: 342/391][rank: 0] Loss_D: 0.1349, Loss_G: 4.4437, D(x): 0.9460, D(G(z)): 0.0710 / 0.0140, iteration time: 1.1868s 
Rank: 0, Epoch: 0, iteration: 342/391, It. time: 1.1868s, Elapsed time: 478.3114 s 
[epoch: 0/1][iteration: 343/391][rank: 0] Loss_D: 0.1496, Loss_G: 4.7449, D(x): 0.9679, D(G(z)): 0.1072 / 0.0099, iteration time: 1.1770s 
Rank: 0, Epoch: 0, iteration: 343/391, It. time: 1.1770s, Elapsed time: 479.4895 s 
[epoch: 0/1][iteration: 344/391][rank: 0] Loss_D: 0.1601, Loss_G: 5.1783, D(x): 0.9613, D(G(z)): 0.1111 / 0.0062, iteration time: 1.1830s 
Rank: 0, Epoch: 0, iteration: 344/391, It. time: 1.1830s, Elapsed time: 480.6738 s 
[epoch: 0/1][iteration: 345/391][rank: 0] Loss_D: 0.1669, Loss_G: 5.3141, D(x): 0.9401, D(G(z)): 0.0950 / 0.0056, iteration time: 1.1846s 
Rank: 0, Epoch: 0, iteration: 345/391, It. time: 1.1846s, Elapsed time: 481.8596 s 
[epoch: 0/1][iteration: 346/391][rank: 0] Loss_D: 0.1033, Loss_G: 4.7132, D(x): 0.9439, D(G(z)): 0.0415 / 0.0105, iteration time: 1.1837s 
Rank: 0, Epoch: 0, iteration: 346/391, It. time: 1.1837s, Elapsed time: 483.0449 s 
[epoch: 0/1][iteration: 347/391][rank: 0] Loss_D: 0.1612, Loss_G: 5.0492, D(x): 0.9465, D(G(z)): 0.0955 / 0.0081, iteration time: 1.1902s 
Rank: 0, Epoch: 0, iteration: 347/391, It. time: 1.1902s, Elapsed time: 484.2363 s 
[epoch: 0/1][iteration: 348/391][rank: 0] Loss_D: 0.1228, Loss_G: 5.6679, D(x): 0.9725, D(G(z)): 0.0885 / 0.0042, iteration time: 1.1920s 
Rank: 0, Epoch: 0, iteration: 348/391, It. time: 1.1920s, Elapsed time: 485.4294 s 
[epoch: 0/1][iteration: 349/391][rank: 0] Loss_D: 0.1441, Loss_G: 5.3056, D(x): 0.9234, D(G(z)): 0.0590 / 0.0057, iteration time: 1.1964s 
Rank: 0, Epoch: 0, iteration: 349/391, It. time: 1.1964s, Elapsed time: 486.6270 s 
[epoch: 0/1][iteration: 350/391][rank: 0] Loss_D: 0.1404, Loss_G: 5.1488, D(x): 0.9542, D(G(z)): 0.0808 / 0.0070, iteration time: 1.1857s 
Rank: 0, Epoch: 0, iteration: 350/391, It. time: 1.1857s, Elapsed time: 487.8139 s 
[epoch: 0/1][iteration: 351/391][rank: 0] Loss_D: 0.1390, Loss_G: 5.6750, D(x): 0.9475, D(G(z)): 0.0787 / 0.0039, iteration time: 1.1817s 
Rank: 0, Epoch: 0, iteration: 351/391, It. time: 1.1817s, Elapsed time: 488.9969 s 
[epoch: 0/1][iteration: 352/391][rank: 0] Loss_D: 0.1939, Loss_G: 7.0538, D(x): 0.9469, D(G(z)): 0.1218 / 0.0011, iteration time: 1.1895s 
Rank: 0, Epoch: 0, iteration: 352/391, It. time: 1.1895s, Elapsed time: 490.1876 s 
[epoch: 0/1][iteration: 353/391][rank: 0] Loss_D: 0.1320, Loss_G: 6.0217, D(x): 0.9241, D(G(z)): 0.0267 / 0.0034, iteration time: 1.1828s 
Rank: 0, Epoch: 0, iteration: 353/391, It. time: 1.1828s, Elapsed time: 491.3718 s 
[epoch: 0/1][iteration: 354/391][rank: 0] Loss_D: 0.1341, Loss_G: 5.5166, D(x): 0.9488, D(G(z)): 0.0718 / 0.0058, iteration time: 1.1819s 
Rank: 0, Epoch: 0, iteration: 354/391, It. time: 1.1819s, Elapsed time: 492.5550 s 
[epoch: 0/1][iteration: 355/391][rank: 0] Loss_D: 0.2211, Loss_G: 7.5879, D(x): 0.9689, D(G(z)): 0.1668 / 0.0006, iteration time: 1.1893s 
Rank: 0, Epoch: 0, iteration: 355/391, It. time: 1.1893s, Elapsed time: 493.7455 s 
[epoch: 0/1][iteration: 356/391][rank: 0] Loss_D: 0.3037, Loss_G: 5.8761, D(x): 0.8121, D(G(z)): 0.0131 / 0.0033, iteration time: 1.1999s 
Rank: 0, Epoch: 0, iteration: 356/391, It. time: 1.1999s, Elapsed time: 494.9466 s 
[epoch: 0/1][iteration: 357/391][rank: 0] Loss_D: 0.1119, Loss_G: 4.7926, D(x): 0.9547, D(G(z)): 0.0599 / 0.0094, iteration time: 1.1811s 
Rank: 0, Epoch: 0, iteration: 357/391, It. time: 1.1811s, Elapsed time: 496.1289 s 
[epoch: 0/1][iteration: 358/391][rank: 0] Loss_D: 0.2106, Loss_G: 6.7775, D(x): 0.9657, D(G(z)): 0.1534 / 0.0019, iteration time: 1.1951s 
Rank: 0, Epoch: 0, iteration: 358/391, It. time: 1.1951s, Elapsed time: 497.3254 s 
[epoch: 0/1][iteration: 359/391][rank: 0] Loss_D: 0.0610, Loss_G: 6.4810, D(x): 0.9615, D(G(z)): 0.0194 / 0.0029, iteration time: 1.1929s 
Rank: 0, Epoch: 0, iteration: 359/391, It. time: 1.1929s, Elapsed time: 498.5195 s 
[epoch: 0/1][iteration: 360/391][rank: 0] Loss_D: 0.1104, Loss_G: 5.2818, D(x): 0.9565, D(G(z)): 0.0597 / 0.0082, iteration time: 1.1954s 
Rank: 0, Epoch: 0, iteration: 360/391, It. time: 1.1954s, Elapsed time: 499.7161 s 
[epoch: 0/1][iteration: 361/391][rank: 0] Loss_D: 0.1465, Loss_G: 5.4961, D(x): 0.9712, D(G(z)): 0.1078 / 0.0048, iteration time: 1.1857s 
Rank: 0, Epoch: 0, iteration: 361/391, It. time: 1.1857s, Elapsed time: 500.9030 s 
[epoch: 0/1][iteration: 362/391][rank: 0] Loss_D: 0.1233, Loss_G: 5.5743, D(x): 0.9550, D(G(z)): 0.0702 / 0.0045, iteration time: 1.2022s 
Rank: 0, Epoch: 0, iteration: 362/391, It. time: 1.2022s, Elapsed time: 502.1064 s 
[epoch: 0/1][iteration: 363/391][rank: 0] Loss_D: 0.1370, Loss_G: 5.5117, D(x): 0.9506, D(G(z)): 0.0731 / 0.0050, iteration time: 1.1988s 
Rank: 0, Epoch: 0, iteration: 363/391, It. time: 1.1988s, Elapsed time: 503.3064 s 
[epoch: 0/1][iteration: 364/391][rank: 0] Loss_D: 0.1815, Loss_G: 6.0171, D(x): 0.9294, D(G(z)): 0.0874 / 0.0040, iteration time: 1.1912s 
Rank: 0, Epoch: 0, iteration: 364/391, It. time: 1.1912s, Elapsed time: 504.4988 s 
[epoch: 0/1][iteration: 365/391][rank: 0] Loss_D: 0.1085, Loss_G: 5.5495, D(x): 0.9375, D(G(z)): 0.0391 / 0.0053, iteration time: 1.2008s 
Rank: 0, Epoch: 0, iteration: 365/391, It. time: 1.2008s, Elapsed time: 505.7008 s 
[epoch: 0/1][iteration: 366/391][rank: 0] Loss_D: 0.1110, Loss_G: 5.2283, D(x): 0.9427, D(G(z)): 0.0472 / 0.0071, iteration time: 1.1806s 
Rank: 0, Epoch: 0, iteration: 366/391, It. time: 1.1806s, Elapsed time: 506.8827 s 
[epoch: 0/1][iteration: 367/391][rank: 0] Loss_D: 0.0868, Loss_G: 5.8394, D(x): 0.9712, D(G(z)): 0.0529 / 0.0039, iteration time: 1.1916s 
Rank: 0, Epoch: 0, iteration: 367/391, It. time: 1.1916s, Elapsed time: 508.0755 s 
[epoch: 0/1][iteration: 368/391][rank: 0] Loss_D: 0.6826, Loss_G: 13.7374, D(x): 0.9088, D(G(z)): 0.3860 / 0.0000, iteration time: 1.1805s 
Rank: 0, Epoch: 0, iteration: 368/391, It. time: 1.1805s, Elapsed time: 509.2572 s 
[epoch: 0/1][iteration: 369/391][rank: 0] Loss_D: 3.2497, Loss_G: 7.7244, D(x): 0.1230, D(G(z)): 0.0000 / 0.0008, iteration time: 1.1893s 
Rank: 0, Epoch: 0, iteration: 369/391, It. time: 1.1893s, Elapsed time: 510.4478 s 
[epoch: 0/1][iteration: 370/391][rank: 0] Loss_D: 0.7179, Loss_G: 1.4062, D(x): 0.6086, D(G(z)): 0.0043 / 0.3781, iteration time: 1.1770s 
Rank: 0, Epoch: 0, iteration: 370/391, It. time: 1.1770s, Elapsed time: 511.6260 s 
[epoch: 0/1][iteration: 371/391][rank: 0] Loss_D: 1.9382, Loss_G: 7.2122, D(x): 0.9902, D(G(z)): 0.7381 / 0.0012, iteration time: 1.1800s 
Rank: 0, Epoch: 0, iteration: 371/391, It. time: 1.1800s, Elapsed time: 512.8072 s 
[epoch: 0/1][iteration: 372/391][rank: 0] Loss_D: 1.0979, Loss_G: 5.3862, D(x): 0.4799, D(G(z)): 0.0076 / 0.0089, iteration time: 1.1766s 
Rank: 0, Epoch: 0, iteration: 372/391, It. time: 1.1766s, Elapsed time: 513.9850 s 
[epoch: 0/1][iteration: 373/391][rank: 0] Loss_D: 0.1937, Loss_G: 3.4474, D(x): 0.8807, D(G(z)): 0.0420 / 0.0680, iteration time: 1.1846s 
Rank: 0, Epoch: 0, iteration: 373/391, It. time: 1.1846s, Elapsed time: 515.1710 s 
[epoch: 0/1][iteration: 374/391][rank: 0] Loss_D: 0.3480, Loss_G: 3.3153, D(x): 0.9625, D(G(z)): 0.2186 / 0.0643, iteration time: 1.1823s 
Rank: 0, Epoch: 0, iteration: 374/391, It. time: 1.1823s, Elapsed time: 516.3547 s 
[epoch: 0/1][iteration: 375/391][rank: 0] Loss_D: 0.4019, Loss_G: 5.0181, D(x): 0.9861, D(G(z)): 0.2836 / 0.0094, iteration time: 1.1784s 
Rank: 0, Epoch: 0, iteration: 375/391, It. time: 1.1784s, Elapsed time: 517.5343 s 
[epoch: 0/1][iteration: 376/391][rank: 0] Loss_D: 0.2866, Loss_G: 4.9227, D(x): 0.8144, D(G(z)): 0.0344 / 0.0124, iteration time: 1.1973s 
Rank: 0, Epoch: 0, iteration: 376/391, It. time: 1.1973s, Elapsed time: 518.7331 s 
[epoch: 0/1][iteration: 377/391][rank: 0] Loss_D: 0.3833, Loss_G: 2.4368, D(x): 0.7856, D(G(z)): 0.0982 / 0.1237, iteration time: 1.1848s 
Rank: 0, Epoch: 0, iteration: 377/391, It. time: 1.1848s, Elapsed time: 519.9191 s 
[epoch: 0/1][iteration: 378/391][rank: 0] Loss_D: 0.5900, Loss_G: 6.1898, D(x): 0.9919, D(G(z)): 0.3947 / 0.0045, iteration time: 1.2079s 
Rank: 0, Epoch: 0, iteration: 378/391, It. time: 1.2079s, Elapsed time: 521.1282 s 
[epoch: 0/1][iteration: 379/391][rank: 0] Loss_D: 0.4802, Loss_G: 3.5462, D(x): 0.7207, D(G(z)): 0.0210 / 0.0467, iteration time: 1.1925s 
Rank: 0, Epoch: 0, iteration: 379/391, It. time: 1.1925s, Elapsed time: 522.3220 s 
[epoch: 0/1][iteration: 380/391][rank: 0] Loss_D: 1.2312, Loss_G: 7.3771, D(x): 0.9856, D(G(z)): 0.6233 / 0.0019, iteration time: 1.1921s 
Rank: 0, Epoch: 0, iteration: 380/391, It. time: 1.1921s, Elapsed time: 523.5154 s 
[epoch: 0/1][iteration: 381/391][rank: 0] Loss_D: 2.8438, Loss_G: 4.9990, D(x): 0.1740, D(G(z)): 0.0075 / 0.0190, iteration time: 1.1787s 
Rank: 0, Epoch: 0, iteration: 381/391, It. time: 1.1787s, Elapsed time: 524.6955 s 
[epoch: 0/1][iteration: 382/391][rank: 0] Loss_D: 0.2847, Loss_G: 2.5514, D(x): 0.8741, D(G(z)): 0.0918 / 0.1119, iteration time: 1.1837s 
Rank: 0, Epoch: 0, iteration: 382/391, It. time: 1.1837s, Elapsed time: 525.8806 s 
[epoch: 0/1][iteration: 383/391][rank: 0] Loss_D: 0.7726, Loss_G: 4.4356, D(x): 0.9841, D(G(z)): 0.4500 / 0.0174, iteration time: 1.1986s 
Rank: 0, Epoch: 0, iteration: 383/391, It. time: 1.1986s, Elapsed time: 527.0807 s 
[epoch: 0/1][iteration: 384/391][rank: 0] Loss_D: 0.3348, Loss_G: 4.3671, D(x): 0.8546, D(G(z)): 0.1291 / 0.0159, iteration time: 1.2118s 
Rank: 0, Epoch: 0, iteration: 384/391, It. time: 1.2118s, Elapsed time: 528.2939 s 
[epoch: 0/1][iteration: 385/391][rank: 0] Loss_D: 0.4424, Loss_G: 2.7804, D(x): 0.7900, D(G(z)): 0.1572 / 0.1164, iteration time: 1.1877s 
Rank: 0, Epoch: 0, iteration: 385/391, It. time: 1.1877s, Elapsed time: 529.4828 s 
[epoch: 0/1][iteration: 386/391][rank: 0] Loss_D: 0.9317, Loss_G: 8.0141, D(x): 0.8787, D(G(z)): 0.4635 / 0.0009, iteration time: 1.2022s 
Rank: 0, Epoch: 0, iteration: 386/391, It. time: 1.2022s, Elapsed time: 530.6861 s 
[epoch: 0/1][iteration: 387/391][rank: 0] Loss_D: 1.4516, Loss_G: 3.8037, D(x): 0.3787, D(G(z)): 0.0103 / 0.0632, iteration time: 1.1796s 
Rank: 0, Epoch: 0, iteration: 387/391, It. time: 1.1796s, Elapsed time: 531.8670 s 
[epoch: 0/1][iteration: 388/391][rank: 0] Loss_D: 0.3083, Loss_G: 3.0783, D(x): 0.9502, D(G(z)): 0.1804 / 0.0788, iteration time: 1.1866s 
Rank: 0, Epoch: 0, iteration: 388/391, It. time: 1.1866s, Elapsed time: 533.0551 s 
[epoch: 0/1][iteration: 389/391][rank: 0] Loss_D: 1.5270, Loss_G: 7.4466, D(x): 0.9203, D(G(z)): 0.6354 / 0.0010, iteration time: 1.1903s 
Rank: 0, Epoch: 0, iteration: 389/391, It. time: 1.1903s, Elapsed time: 534.2468 s 
[epoch: 0/1][iteration: 390/391][rank: 0] Loss_D: 2.6145, Loss_G: 4.3052, D(x): 0.1399, D(G(z)): 0.0043 / 0.0236, iteration time: 0.8075s 
Rank: 0, Epoch: 0, iteration: 390/391, It. time: 0.8075s, Elapsed time: 535.0555 s 
[Rank: 0] Epoch 0 took: 470.0487 seconds 
Rank: 0, Epoch: 0, Epoch time: 470.0487s, Elapsed time: 535.0626 s