Namespace(batch_size=32, beta1=0.5, cuda=False, dataroot='./cifar10', dataset='cifar10', image_size=64, learning_rate=0.0002, local_rank=0, max_workers=1, ndf=64, ngf=64, num_epochs=1, nz=100, out_folder='.', seed=0) 
Using GPU: False 
Rank: 0. World Size: 4 
Rank: 0, Initialize time: 30.1813 s 
Rank: 0, Epoch: 0, Training ... 
[epoch: 0/1][iteration: 0/391][rank: 0] Loss_D: 1.4350, Loss_G: 4.2139, D(x): 0.5977, D(G(z)): 0.5917 / 0.0155, iteration time: 2.5260s 
Rank: 0, Epoch: 0, iteration: 0/391, It. time: 2.5260s, Elapsed time: 32.7636 s 
[epoch: 0/1][iteration: 1/391][rank: 0] Loss_D: 0.9315, Loss_G: 3.4009, D(x): 0.5895, D(G(z)): 0.3035 / 0.0344, iteration time: 2.3665s 
Rank: 0, Epoch: 0, iteration: 1/391, It. time: 2.3665s, Elapsed time: 35.5106 s 
[epoch: 0/1][iteration: 2/391][rank: 0] Loss_D: 0.8028, Loss_G: 4.2995, D(x): 0.7338, D(G(z)): 0.3664 / 0.0139, iteration time: 2.3839s 
Rank: 0, Epoch: 0, iteration: 2/391, It. time: 2.3839s, Elapsed time: 37.9001 s 
[epoch: 0/1][iteration: 3/391][rank: 0] Loss_D: 0.6090, Loss_G: 4.7887, D(x): 0.7879, D(G(z)): 0.2765 / 0.0087, iteration time: 2.3605s 
Rank: 0, Epoch: 0, iteration: 3/391, It. time: 2.3605s, Elapsed time: 40.2642 s 
[epoch: 0/1][iteration: 4/391][rank: 0] Loss_D: 0.5462, Loss_G: 5.1987, D(x): 0.7954, D(G(z)): 0.2540 / 0.0058, iteration time: 2.3552s 
Rank: 0, Epoch: 0, iteration: 4/391, It. time: 2.3552s, Elapsed time: 42.6211 s 
[epoch: 0/1][iteration: 5/391][rank: 0] Loss_D: 0.6229, Loss_G: 6.1039, D(x): 0.7735, D(G(z)): 0.2834 / 0.0023, iteration time: 2.3979s 
Rank: 0, Epoch: 0, iteration: 5/391, It. time: 2.3979s, Elapsed time: 45.0209 s 
[epoch: 0/1][iteration: 6/391][rank: 0] Loss_D: 0.4117, Loss_G: 6.3877, D(x): 0.8392, D(G(z)): 0.1946 / 0.0019, iteration time: 2.3803s 
Rank: 0, Epoch: 0, iteration: 6/391, It. time: 2.3803s, Elapsed time: 47.4030 s 
[epoch: 0/1][iteration: 7/391][rank: 0] Loss_D: 0.5165, Loss_G: 7.2379, D(x): 0.8176, D(G(z)): 0.2476 / 0.0008, iteration time: 2.3556s 
Rank: 0, Epoch: 0, iteration: 7/391, It. time: 2.3556s, Elapsed time: 49.7605 s 
[epoch: 0/1][iteration: 8/391][rank: 0] Loss_D: 0.5753, Loss_G: 6.9587, D(x): 0.7342, D(G(z)): 0.1371 / 0.0010, iteration time: 2.3219s 
Rank: 0, Epoch: 0, iteration: 8/391, It. time: 2.3219s, Elapsed time: 52.0842 s 
[epoch: 0/1][iteration: 9/391][rank: 0] Loss_D: 0.5328, Loss_G: 9.2536, D(x): 0.8894, D(G(z)): 0.2958 / 0.0001, iteration time: 2.3711s 
Rank: 0, Epoch: 0, iteration: 9/391, It. time: 2.3711s, Elapsed time: 54.4572 s 
[epoch: 0/1][iteration: 10/391][rank: 0] Loss_D: 0.3717, Loss_G: 7.0917, D(x): 0.7789, D(G(z)): 0.0169 / 0.0010, iteration time: 2.3567s 
Rank: 0, Epoch: 0, iteration: 10/391, It. time: 2.3567s, Elapsed time: 56.8157 s 
[epoch: 0/1][iteration: 11/391][rank: 0] Loss_D: 0.6619, Loss_G: 10.6897, D(x): 0.9345, D(G(z)): 0.4371 / 0.0000, iteration time: 2.3174s 
Rank: 0, Epoch: 0, iteration: 11/391, It. time: 2.3174s, Elapsed time: 59.1349 s 
[epoch: 0/1][iteration: 12/391][rank: 0] Loss_D: 0.1974, Loss_G: 9.1503, D(x): 0.8417, D(G(z)): 0.0049 / 0.0001, iteration time: 2.3428s 
Rank: 0, Epoch: 0, iteration: 12/391, It. time: 2.3428s, Elapsed time: 61.4796 s 
[epoch: 0/1][iteration: 13/391][rank: 0] Loss_D: 0.3270, Loss_G: 9.2566, D(x): 0.9007, D(G(z)): 0.1893 / 0.0001, iteration time: 2.5074s 
Rank: 0, Epoch: 0, iteration: 13/391, It. time: 2.5074s, Elapsed time: 63.9887 s 
[epoch: 0/1][iteration: 14/391][rank: 0] Loss_D: 0.1876, Loss_G: 8.6774, D(x): 0.8967, D(G(z)): 0.0662 / 0.0002, iteration time: 2.3014s 
Rank: 0, Epoch: 0, iteration: 14/391, It. time: 2.3014s, Elapsed time: 66.2919 s 
[epoch: 0/1][iteration: 15/391][rank: 0] Loss_D: 0.3863, Loss_G: 11.8323, D(x): 0.9251, D(G(z)): 0.2424 / 0.0000, iteration time: 2.3637s 
Rank: 0, Epoch: 0, iteration: 15/391, It. time: 2.3637s, Elapsed time: 68.6574 s 
[epoch: 0/1][iteration: 16/391][rank: 0] Loss_D: 0.1677, Loss_G: 10.4229, D(x): 0.8633, D(G(z)): 0.0010 / 0.0000, iteration time: 2.3714s 
Rank: 0, Epoch: 0, iteration: 16/391, It. time: 2.3714s, Elapsed time: 71.0306 s 
[epoch: 0/1][iteration: 17/391][rank: 0] Loss_D: 0.1403, Loss_G: 6.3390, D(x): 0.9048, D(G(z)): 0.0239 / 0.0020, iteration time: 2.3661s 
Rank: 0, Epoch: 0, iteration: 17/391, It. time: 2.3661s, Elapsed time: 73.3985 s 
[epoch: 0/1][iteration: 18/391][rank: 0] Loss_D: 2.1865, Loss_G: 14.3206, D(x): 0.9603, D(G(z)): 0.8701 / 0.0000, iteration time: 2.3626s 
Rank: 0, Epoch: 0, iteration: 18/391, It. time: 2.3626s, Elapsed time: 75.7630 s 
[epoch: 0/1][iteration: 19/391][rank: 0] Loss_D: 0.3525, Loss_G: 15.0806, D(x): 0.7512, D(G(z)): 0.0000 / 0.0000, iteration time: 2.3451s 
Rank: 0, Epoch: 0, iteration: 19/391, It. time: 2.3451s, Elapsed time: 78.1098 s 
[epoch: 0/1][iteration: 20/391][rank: 0] Loss_D: 0.1948, Loss_G: 14.2349, D(x): 0.8497, D(G(z)): 0.0000 / 0.0000, iteration time: 2.3653s 
Rank: 0, Epoch: 0, iteration: 20/391, It. time: 2.3653s, Elapsed time: 80.4771 s 
[epoch: 0/1][iteration: 21/391][rank: 0] Loss_D: 0.0846, Loss_G: 12.0433, D(x): 0.9254, D(G(z)): 0.0000 / 0.0000, iteration time: 2.3478s 
Rank: 0, Epoch: 0, iteration: 21/391, It. time: 2.3478s, Elapsed time: 82.8265 s 
[epoch: 0/1][iteration: 22/391][rank: 0] Loss_D: 0.0588, Loss_G: 7.2247, D(x): 0.9482, D(G(z)): 0.0010 / 0.0009, iteration time: 2.4003s 
Rank: 0, Epoch: 0, iteration: 22/391, It. time: 2.4003s, Elapsed time: 85.2285 s 
[epoch: 0/1][iteration: 23/391][rank: 0] Loss_D: 1.8604, Loss_G: 14.1151, D(x): 0.9692, D(G(z)): 0.8311 / 0.0000, iteration time: 2.3716s 
Rank: 0, Epoch: 0, iteration: 23/391, It. time: 2.3716s, Elapsed time: 87.6019 s 
[epoch: 0/1][iteration: 24/391][rank: 0] Loss_D: 0.1444, Loss_G: 15.1897, D(x): 0.8861, D(G(z)): 0.0000 / 0.0000, iteration time: 2.3159s 
Rank: 0, Epoch: 0, iteration: 24/391, It. time: 2.3159s, Elapsed time: 89.9196 s 
[epoch: 0/1][iteration: 25/391][rank: 0] Loss_D: 0.3682, Loss_G: 14.6866, D(x): 0.8043, D(G(z)): 0.0000 / 0.0000, iteration time: 2.8268s 
Rank: 0, Epoch: 0, iteration: 25/391, It. time: 2.8268s, Elapsed time: 92.7484 s 
[epoch: 0/1][iteration: 26/391][rank: 0] Loss_D: 0.0926, Loss_G: 12.9770, D(x): 0.9180, D(G(z)): 0.0000 / 0.0000, iteration time: 2.3831s 
Rank: 0, Epoch: 0, iteration: 26/391, It. time: 2.3831s, Elapsed time: 95.1332 s 
[epoch: 0/1][iteration: 27/391][rank: 0] Loss_D: 0.0761, Loss_G: 9.6457, D(x): 0.9332, D(G(z)): 0.0001 / 0.0001, iteration time: 2.3344s 
Rank: 0, Epoch: 0, iteration: 27/391, It. time: 2.3344s, Elapsed time: 97.4695 s 
[epoch: 0/1][iteration: 28/391][rank: 0] Loss_D: 0.1422, Loss_G: 5.8311, D(x): 0.9385, D(G(z)): 0.0721 / 0.0036, iteration time: 2.3614s 
Rank: 0, Epoch: 0, iteration: 28/391, It. time: 2.3614s, Elapsed time: 99.8328 s 
[epoch: 0/1][iteration: 29/391][rank: 0] Loss_D: 3.3633, Loss_G: 14.5393, D(x): 0.9587, D(G(z)): 0.9607 / 0.0000, iteration time: 2.3451s 
Rank: 0, Epoch: 0, iteration: 29/391, It. time: 2.3451s, Elapsed time: 102.1797 s 
[epoch: 0/1][iteration: 30/391][rank: 0] Loss_D: 0.2321, Loss_G: 15.6132, D(x): 0.8184, D(G(z)): 0.0000 / 0.0000, iteration time: 2.4150s 
Rank: 0, Epoch: 0, iteration: 30/391, It. time: 2.4150s, Elapsed time: 104.5965 s 
[epoch: 0/1][iteration: 31/391][rank: 0] Loss_D: 0.3924, Loss_G: 14.9247, D(x): 0.7504, D(G(z)): 0.0000 / 0.0000, iteration time: 2.4150s 
Rank: 0, Epoch: 0, iteration: 31/391, It. time: 2.4150s, Elapsed time: 107.0133 s 
[epoch: 0/1][iteration: 32/391][rank: 0] Loss_D: 0.2334, Loss_G: 13.0590, D(x): 0.8167, D(G(z)): 0.0000 / 0.0000, iteration time: 2.3669s 
Rank: 0, Epoch: 0, iteration: 32/391, It. time: 2.3669s, Elapsed time: 109.3820 s 
[epoch: 0/1][iteration: 33/391][rank: 0] Loss_D: 0.0687, Loss_G: 9.9706, D(x): 0.9379, D(G(z)): 0.0001 / 0.0001, iteration time: 2.3948s 
Rank: 0, Epoch: 0, iteration: 33/391, It. time: 2.3948s, Elapsed time: 111.7786 s 
[epoch: 0/1][iteration: 34/391][rank: 0] Loss_D: 0.0358, Loss_G: 5.0996, D(x): 0.9726, D(G(z)): 0.0075 / 0.0070, iteration time: 2.3429s 
Rank: 0, Epoch: 0, iteration: 34/391, It. time: 2.3429s, Elapsed time: 114.1233 s 
[epoch: 0/1][iteration: 35/391][rank: 0] Loss_D: 1.5791, Loss_G: 12.8635, D(x): 0.9734, D(G(z)): 0.7724 / 0.0000, iteration time: 2.3673s 
Rank: 0, Epoch: 0, iteration: 35/391, It. time: 2.3673s, Elapsed time: 116.4923 s 
[epoch: 0/1][iteration: 36/391][rank: 0] Loss_D: 0.1215, Loss_G: 14.2311, D(x): 0.8989, D(G(z)): 0.0000 / 0.0000, iteration time: 2.3430s 
Rank: 0, Epoch: 0, iteration: 36/391, It. time: 2.3430s, Elapsed time: 118.8373 s 
[epoch: 0/1][iteration: 37/391][rank: 0] Loss_D: 0.1502, Loss_G: 13.8578, D(x): 0.8816, D(G(z)): 0.0000 / 0.0000, iteration time: 2.3833s 
Rank: 0, Epoch: 0, iteration: 37/391, It. time: 2.3833s, Elapsed time: 121.2241 s 
[epoch: 0/1][iteration: 38/391][rank: 0] Loss_D: 0.1702, Loss_G: 12.3785, D(x): 0.8716, D(G(z)): 0.0000 / 0.0000, iteration time: 2.3211s 
Rank: 0, Epoch: 0, iteration: 38/391, It. time: 2.3211s, Elapsed time: 123.5471 s 
[epoch: 0/1][iteration: 39/391][rank: 0] Loss_D: 0.0981, Loss_G: 9.8385, D(x): 0.9134, D(G(z)): 0.0001 / 0.0001, iteration time: 2.3724s 
Rank: 0, Epoch: 0, iteration: 39/391, It. time: 2.3724s, Elapsed time: 125.9214 s 
[epoch: 0/1][iteration: 40/391][rank: 0] Loss_D: 0.0937, Loss_G: 5.0181, D(x): 0.9301, D(G(z)): 0.0106 / 0.0090, iteration time: 2.3925s 
Rank: 0, Epoch: 0, iteration: 40/391, It. time: 2.3925s, Elapsed time: 128.3160 s 
[epoch: 0/1][iteration: 41/391][rank: 0] Loss_D: 3.3198, Loss_G: 13.7174, D(x): 0.9704, D(G(z)): 0.9477 / 0.0000, iteration time: 2.3776s 
Rank: 0, Epoch: 0, iteration: 41/391, It. time: 2.3776s, Elapsed time: 130.6955 s 
[epoch: 0/1][iteration: 42/391][rank: 0] Loss_D: 0.0869, Loss_G: 14.9627, D(x): 0.9192, D(G(z)): 0.0000 / 0.0000, iteration time: 2.3346s 
Rank: 0, Epoch: 0, iteration: 42/391, It. time: 2.3346s, Elapsed time: 133.0318 s 
[epoch: 0/1][iteration: 43/391][rank: 0] Loss_D: 0.1800, Loss_G: 14.4758, D(x): 0.8473, D(G(z)): 0.0000 / 0.0000, iteration time: 2.3765s 
Rank: 0, Epoch: 0, iteration: 43/391, It. time: 2.3765s, Elapsed time: 135.4104 s 
[epoch: 0/1][iteration: 44/391][rank: 0] Loss_D: 0.2150, Loss_G: 13.1540, D(x): 0.8234, D(G(z)): 0.0000 / 0.0000, iteration time: 2.3665s 
Rank: 0, Epoch: 0, iteration: 44/391, It. time: 2.3665s, Elapsed time: 137.7786 s 
[epoch: 0/1][iteration: 45/391][rank: 0] Loss_D: 0.0695, Loss_G: 10.8252, D(x): 0.9357, D(G(z)): 0.0000 / 0.0000, iteration time: 2.3489s 
Rank: 0, Epoch: 0, iteration: 45/391, It. time: 2.3489s, Elapsed time: 140.1293 s 
[epoch: 0/1][iteration: 46/391][rank: 0] Loss_D: 0.0581, Loss_G: 7.4364, D(x): 0.9482, D(G(z)): 0.0007 / 0.0008, iteration time: 2.3121s 
Rank: 0, Epoch: 0, iteration: 46/391, It. time: 2.3121s, Elapsed time: 142.4435 s 
[epoch: 0/1][iteration: 47/391][rank: 0] Loss_D: 0.1461, Loss_G: 5.1596, D(x): 0.9725, D(G(z)): 0.1089 / 0.0070, iteration time: 2.3807s 
Rank: 0, Epoch: 0, iteration: 47/391, It. time: 2.3807s, Elapsed time: 144.8260 s 
[epoch: 0/1][iteration: 48/391][rank: 0] Loss_D: 0.9761, Loss_G: 12.2223, D(x): 0.9635, D(G(z)): 0.5871 / 0.0000, iteration time: 2.3391s 
Rank: 0, Epoch: 0, iteration: 48/391, It. time: 2.3391s, Elapsed time: 147.1669 s 
[epoch: 0/1][iteration: 49/391][rank: 0] Loss_D: 0.3269, Loss_G: 13.2608, D(x): 0.7525, D(G(z)): 0.0001 / 0.0000, iteration time: 2.3250s 
Rank: 0, Epoch: 0, iteration: 49/391, It. time: 2.3250s, Elapsed time: 149.4936 s 
[epoch: 0/1][iteration: 50/391][rank: 0] Loss_D: 0.0896, Loss_G: 11.6567, D(x): 0.9184, D(G(z)): 0.0000 / 0.0000, iteration time: 2.3462s 
Rank: 0, Epoch: 0, iteration: 50/391, It. time: 2.3462s, Elapsed time: 151.8415 s 
[epoch: 0/1][iteration: 51/391][rank: 0] Loss_D: 0.1133, Loss_G: 8.5722, D(x): 0.9109, D(G(z)): 0.0004 / 0.0003, iteration time: 2.3533s 
Rank: 0, Epoch: 0, iteration: 51/391, It. time: 2.3533s, Elapsed time: 154.1966 s 
[epoch: 0/1][iteration: 52/391][rank: 0] Loss_D: 0.0784, Loss_G: 4.8000, D(x): 0.9378, D(G(z)): 0.0116 / 0.0092, iteration time: 2.3555s 
Rank: 0, Epoch: 0, iteration: 52/391, It. time: 2.3555s, Elapsed time: 156.5539 s 
[epoch: 0/1][iteration: 53/391][rank: 0] Loss_D: 1.8747, Loss_G: 12.5275, D(x): 0.9412, D(G(z)): 0.8133 / 0.0000, iteration time: 2.3820s 
Rank: 0, Epoch: 0, iteration: 53/391, It. time: 2.3820s, Elapsed time: 158.9377 s 
[epoch: 0/1][iteration: 54/391][rank: 0] Loss_D: 0.6876, Loss_G: 12.8967, D(x): 0.5910, D(G(z)): 0.0001 / 0.0000, iteration time: 2.3771s 
Rank: 0, Epoch: 0, iteration: 54/391, It. time: 2.3771s, Elapsed time: 161.3165 s 
[epoch: 0/1][iteration: 55/391][rank: 0] Loss_D: 0.4021, Loss_G: 10.8237, D(x): 0.7058, D(G(z)): 0.0000 / 0.0000, iteration time: 2.3707s 
Rank: 0, Epoch: 0, iteration: 55/391, It. time: 2.3707s, Elapsed time: 163.6889 s 
[epoch: 0/1][iteration: 56/391][rank: 0] Loss_D: 0.0845, Loss_G: 8.2525, D(x): 0.9225, D(G(z)): 0.0003 / 0.0003, iteration time: 2.3682s 
Rank: 0, Epoch: 0, iteration: 56/391, It. time: 2.3682s, Elapsed time: 166.0591 s 
[epoch: 0/1][iteration: 57/391][rank: 0] Loss_D: 0.0739, Loss_G: 4.2046, D(x): 0.9463, D(G(z)): 0.0175 / 0.0157, iteration time: 2.3214s 
Rank: 0, Epoch: 0, iteration: 57/391, It. time: 2.3214s, Elapsed time: 168.3824 s 
[epoch: 0/1][iteration: 58/391][rank: 0] Loss_D: 0.9372, Loss_G: 9.0595, D(x): 0.9711, D(G(z)): 0.5723 / 0.0001, iteration time: 2.2725s 
Rank: 0, Epoch: 0, iteration: 58/391, It. time: 2.2725s, Elapsed time: 170.6567 s 
[epoch: 0/1][iteration: 59/391][rank: 0] Loss_D: 0.3009, Loss_G: 9.2479, D(x): 0.7997, D(G(z)): 0.0023 / 0.0001, iteration time: 2.3945s 
Rank: 0, Epoch: 0, iteration: 59/391, It. time: 2.3945s, Elapsed time: 173.0530 s 
[epoch: 0/1][iteration: 60/391][rank: 0] Loss_D: 0.1955, Loss_G: 6.6193, D(x): 0.8492, D(G(z)): 0.0037 / 0.0016, iteration time: 2.3460s 
Rank: 0, Epoch: 0, iteration: 60/391, It. time: 2.3460s, Elapsed time: 175.4007 s 
[epoch: 0/1][iteration: 61/391][rank: 0] Loss_D: 0.1735, Loss_G: 4.1359, D(x): 0.9218, D(G(z)): 0.0838 / 0.0196, iteration time: 2.3194s 
Rank: 0, Epoch: 0, iteration: 61/391, It. time: 2.3194s, Elapsed time: 177.7219 s 
[epoch: 0/1][iteration: 62/391][rank: 0] Loss_D: 1.0986, Loss_G: 8.3156, D(x): 0.9278, D(G(z)): 0.6050 / 0.0003, iteration time: 2.3583s 
Rank: 0, Epoch: 0, iteration: 62/391, It. time: 2.3583s, Elapsed time: 180.0818 s 
[epoch: 0/1][iteration: 63/391][rank: 0] Loss_D: 0.3388, Loss_G: 8.7685, D(x): 0.7647, D(G(z)): 0.0027 / 0.0002, iteration time: 2.3782s 
Rank: 0, Epoch: 0, iteration: 63/391, It. time: 2.3782s, Elapsed time: 182.4618 s 
[epoch: 0/1][iteration: 64/391][rank: 0] Loss_D: 0.1979, Loss_G: 6.4867, D(x): 0.8458, D(G(z)): 0.0050 / 0.0024, iteration time: 2.3738s 
Rank: 0, Epoch: 0, iteration: 64/391, It. time: 2.3738s, Elapsed time: 184.8375 s 
[epoch: 0/1][iteration: 65/391][rank: 0] Loss_D: 0.1411, Loss_G: 4.0749, D(x): 0.9222, D(G(z)): 0.0553 / 0.0245, iteration time: 2.3395s 
Rank: 0, Epoch: 0, iteration: 65/391, It. time: 2.3395s, Elapsed time: 187.1789 s 
[epoch: 0/1][iteration: 66/391][rank: 0] Loss_D: 0.5866, Loss_G: 5.6186, D(x): 0.9474, D(G(z)): 0.3736 / 0.0041, iteration time: 2.3405s 
Rank: 0, Epoch: 0, iteration: 66/391, It. time: 2.3405s, Elapsed time: 189.5213 s 
[epoch: 0/1][iteration: 67/391][rank: 0] Loss_D: 0.4075, Loss_G: 5.8750, D(x): 0.7233, D(G(z)): 0.0217 / 0.0031, iteration time: 2.3519s 
Rank: 0, Epoch: 0, iteration: 67/391, It. time: 2.3519s, Elapsed time: 191.8750 s 
[epoch: 0/1][iteration: 68/391][rank: 0] Loss_D: 0.1265, Loss_G: 4.5890, D(x): 0.9093, D(G(z)): 0.0232 / 0.0124, iteration time: 2.3552s 
Rank: 0, Epoch: 0, iteration: 68/391, It. time: 2.3552s, Elapsed time: 194.2319 s 
[epoch: 0/1][iteration: 69/391][rank: 0] Loss_D: 0.2687, Loss_G: 4.2937, D(x): 0.9159, D(G(z)): 0.1585 / 0.0150, iteration time: 2.3498s 
Rank: 0, Epoch: 0, iteration: 69/391, It. time: 2.3498s, Elapsed time: 196.5836 s 
[epoch: 0/1][iteration: 70/391][rank: 0] Loss_D: 0.1677, Loss_G: 4.9702, D(x): 0.9568, D(G(z)): 0.1135 / 0.0076, iteration time: 2.2423s 
Rank: 0, Epoch: 0, iteration: 70/391, It. time: 2.2423s, Elapsed time: 198.8277 s 
[epoch: 0/1][iteration: 71/391][rank: 0] Loss_D: 0.2912, Loss_G: 4.7399, D(x): 0.8637, D(G(z)): 0.1250 / 0.0092, iteration time: 2.3510s 
Rank: 0, Epoch: 0, iteration: 71/391, It. time: 2.3510s, Elapsed time: 201.1804 s 
[epoch: 0/1][iteration: 72/391][rank: 0] Loss_D: 0.1329, Loss_G: 4.7051, D(x): 0.9361, D(G(z)): 0.0625 / 0.0097, iteration time: 2.3230s 
Rank: 0, Epoch: 0, iteration: 72/391, It. time: 2.3230s, Elapsed time: 203.5050 s 
[epoch: 0/1][iteration: 73/391][rank: 0] Loss_D: 0.2972, Loss_G: 5.0426, D(x): 0.9006, D(G(z)): 0.1673 / 0.0068, iteration time: 2.3817s 
Rank: 0, Epoch: 0, iteration: 73/391, It. time: 2.3817s, Elapsed time: 205.8885 s 
[epoch: 0/1][iteration: 74/391][rank: 0] Loss_D: 0.1984, Loss_G: 4.3321, D(x): 0.9030, D(G(z)): 0.0859 / 0.0141, iteration time: 2.3792s 
Rank: 0, Epoch: 0, iteration: 74/391, It. time: 2.3792s, Elapsed time: 208.2695 s 
[epoch: 0/1][iteration: 75/391][rank: 0] Loss_D: 0.2244, Loss_G: 4.7787, D(x): 0.9202, D(G(z)): 0.1255 / 0.0090, iteration time: 2.3651s 
Rank: 0, Epoch: 0, iteration: 75/391, It. time: 2.3651s, Elapsed time: 210.6363 s 
[epoch: 0/1][iteration: 76/391][rank: 0] Loss_D: 0.1784, Loss_G: 4.7404, D(x): 0.9198, D(G(z)): 0.0852 / 0.0094, iteration time: 2.3734s 
Rank: 0, Epoch: 0, iteration: 76/391, It. time: 2.3734s, Elapsed time: 213.0115 s 
[epoch: 0/1][iteration: 77/391][rank: 0] Loss_D: 0.1474, Loss_G: 4.8456, D(x): 0.9585, D(G(z)): 0.0972 / 0.0085, iteration time: 2.3515s 
Rank: 0, Epoch: 0, iteration: 77/391, It. time: 2.3515s, Elapsed time: 215.3649 s 
[epoch: 0/1][iteration: 78/391][rank: 0] Loss_D: 0.2065, Loss_G: 5.5115, D(x): 0.9381, D(G(z)): 0.1295 / 0.0043, iteration time: 2.3398s 
Rank: 0, Epoch: 0, iteration: 78/391, It. time: 2.3398s, Elapsed time: 217.7064 s 
[epoch: 0/1][iteration: 79/391][rank: 0] Loss_D: 0.1262, Loss_G: 4.6701, D(x): 0.9222, D(G(z)): 0.0387 / 0.0099, iteration time: 2.3179s 
Rank: 0, Epoch: 0, iteration: 79/391, It. time: 2.3179s, Elapsed time: 220.0262 s 
[epoch: 0/1][iteration: 80/391][rank: 0] Loss_D: 0.1873, Loss_G: 5.3324, D(x): 0.9656, D(G(z)): 0.1391 / 0.0051, iteration time: 2.3376s 
Rank: 0, Epoch: 0, iteration: 80/391, It. time: 2.3376s, Elapsed time: 222.3656 s 
[epoch: 0/1][iteration: 81/391][rank: 0] Loss_D: 0.1778, Loss_G: 5.0860, D(x): 0.9180, D(G(z)): 0.0792 / 0.0069, iteration time: 2.3295s 
Rank: 0, Epoch: 0, iteration: 81/391, It. time: 2.3295s, Elapsed time: 224.6969 s 
[epoch: 0/1][iteration: 82/391][rank: 0] Loss_D: 0.2566, Loss_G: 5.2680, D(x): 0.8923, D(G(z)): 0.1237 / 0.0056, iteration time: 2.3507s 
Rank: 0, Epoch: 0, iteration: 82/391, It. time: 2.3507s, Elapsed time: 227.0494 s 
[epoch: 0/1][iteration: 83/391][rank: 0] Loss_D: 0.1876, Loss_G: 4.9416, D(x): 0.9085, D(G(z)): 0.0768 / 0.0077, iteration time: 2.3940s 
Rank: 0, Epoch: 0, iteration: 83/391, It. time: 2.3940s, Elapsed time: 229.4451 s 
[epoch: 0/1][iteration: 84/391][rank: 0] Loss_D: 0.2766, Loss_G: 6.6352, D(x): 0.9174, D(G(z)): 0.1666 / 0.0015, iteration time: 2.3582s 
Rank: 0, Epoch: 0, iteration: 84/391, It. time: 2.3582s, Elapsed time: 231.8051 s 
[epoch: 0/1][iteration: 85/391][rank: 0] Loss_D: 0.3510, Loss_G: 2.8499, D(x): 0.7597, D(G(z)): 0.0204 / 0.0949, iteration time: 2.3576s 
Rank: 0, Epoch: 0, iteration: 85/391, It. time: 2.3576s, Elapsed time: 234.1647 s 
[epoch: 0/1][iteration: 86/391][rank: 0] Loss_D: 1.3629, Loss_G: 10.9218, D(x): 0.8944, D(G(z)): 0.7003 / 0.0000, iteration time: 2.3487s 
Rank: 0, Epoch: 0, iteration: 86/391, It. time: 2.3487s, Elapsed time: 236.5153 s 
[epoch: 0/1][iteration: 87/391][rank: 0] Loss_D: 3.2456, Loss_G: 8.0816, D(x): 0.1102, D(G(z)): 0.0001 / 0.0005, iteration time: 2.3839s 
Rank: 0, Epoch: 0, iteration: 87/391, It. time: 2.3839s, Elapsed time: 238.9010 s 
[epoch: 0/1][iteration: 88/391][rank: 0] Loss_D: 1.3997, Loss_G: 3.9223, D(x): 0.3081, D(G(z)): 0.0015 / 0.0511, iteration time: 2.2902s 
Rank: 0, Epoch: 0, iteration: 88/391, It. time: 2.2902s, Elapsed time: 241.2037 s 
[epoch: 0/1][iteration: 89/391][rank: 0] Loss_D: 0.2804, Loss_G: 2.4935, D(x): 0.9655, D(G(z)): 0.2040 / 0.1125, iteration time: 2.5377s 
Rank: 0, Epoch: 0, iteration: 89/391, It. time: 2.5377s, Elapsed time: 243.7431 s 
[epoch: 0/1][iteration: 90/391][rank: 0] Loss_D: 0.6090, Loss_G: 4.2985, D(x): 0.9536, D(G(z)): 0.4173 / 0.0149, iteration time: 2.3114s 
Rank: 0, Epoch: 0, iteration: 90/391, It. time: 2.3114s, Elapsed time: 246.0564 s 
[epoch: 0/1][iteration: 91/391][rank: 0] Loss_D: 0.2567, Loss_G: 4.4021, D(x): 0.8877, D(G(z)): 0.1086 / 0.0148, iteration time: 2.3609s 
Rank: 0, Epoch: 0, iteration: 91/391, It. time: 2.3609s, Elapsed time: 248.4192 s 
[epoch: 0/1][iteration: 92/391][rank: 0] Loss_D: 0.3029, Loss_G: 3.6671, D(x): 0.8147, D(G(z)): 0.0722 / 0.0332, iteration time: 2.3868s 
Rank: 0, Epoch: 0, iteration: 92/391, It. time: 2.3868s, Elapsed time: 250.8078 s 
[epoch: 0/1][iteration: 93/391][rank: 0] Loss_D: 0.3878, Loss_G: 4.0446, D(x): 0.9430, D(G(z)): 0.2677 / 0.0195, iteration time: 2.3690s 
Rank: 0, Epoch: 0, iteration: 93/391, It. time: 2.3690s, Elapsed time: 253.1786 s 
[epoch: 0/1][iteration: 94/391][rank: 0] Loss_D: 0.5076, Loss_G: 4.2543, D(x): 0.7716, D(G(z)): 0.1501 / 0.0166, iteration time: 2.2716s 
Rank: 0, Epoch: 0, iteration: 94/391, It. time: 2.2716s, Elapsed time: 255.4519 s 
[epoch: 0/1][iteration: 95/391][rank: 0] Loss_D: 0.3130, Loss_G: 3.3708, D(x): 0.8229, D(G(z)): 0.0892 / 0.0366, iteration time: 2.3710s 
Rank: 0, Epoch: 0, iteration: 95/391, It. time: 2.3710s, Elapsed time: 257.8248 s 
[epoch: 0/1][iteration: 96/391][rank: 0] Loss_D: 0.4259, Loss_G: 5.2703, D(x): 0.8865, D(G(z)): 0.2502 / 0.0089, iteration time: 2.3282s 
Rank: 0, Epoch: 0, iteration: 96/391, It. time: 2.3282s, Elapsed time: 260.1548 s 
[epoch: 0/1][iteration: 97/391][rank: 0] Loss_D: 0.3232, Loss_G: 4.2128, D(x): 0.8067, D(G(z)): 0.0526 / 0.0212, iteration time: 2.3574s 
Rank: 0, Epoch: 0, iteration: 97/391, It. time: 2.3574s, Elapsed time: 262.5142 s 
[epoch: 0/1][iteration: 98/391][rank: 0] Loss_D: 0.3224, Loss_G: 3.7458, D(x): 0.8563, D(G(z)): 0.1360 / 0.0299, iteration time: 2.3656s 
Rank: 0, Epoch: 0, iteration: 98/391, It. time: 2.3656s, Elapsed time: 264.8814 s 
[epoch: 0/1][iteration: 99/391][rank: 0] Loss_D: 0.5232, Loss_G: 6.0060, D(x): 0.8805, D(G(z)): 0.2818 / 0.0085, iteration time: 2.3771s 
Rank: 0, Epoch: 0, iteration: 99/391, It. time: 2.3771s, Elapsed time: 267.2604 s 
[epoch: 0/1][iteration: 100/391][rank: 0] Loss_D: 0.6853, Loss_G: 3.6959, D(x): 0.6547, D(G(z)): 0.0418 / 0.0480, iteration time: 2.3862s 
Rank: 0, Epoch: 0, iteration: 100/391, It. time: 2.3862s, Elapsed time: 269.6484 s 
[epoch: 0/1][iteration: 101/391][rank: 0] Loss_D: 0.6695, Loss_G: 5.0345, D(x): 0.8266, D(G(z)): 0.3165 / 0.0169, iteration time: 2.4789s 
Rank: 0, Epoch: 0, iteration: 101/391, It. time: 2.4789s, Elapsed time: 272.5372 s 
[epoch: 0/1][iteration: 102/391][rank: 0] Loss_D: 0.6997, Loss_G: 3.6646, D(x): 0.6500, D(G(z)): 0.1087 / 0.0444, iteration time: 2.3680s 
Rank: 0, Epoch: 0, iteration: 102/391, It. time: 2.3680s, Elapsed time: 274.9071 s 
[epoch: 0/1][iteration: 103/391][rank: 0] Loss_D: 0.3731, Loss_G: 4.7357, D(x): 0.9048, D(G(z)): 0.2167 / 0.0133, iteration time: 2.3418s 
Rank: 0, Epoch: 0, iteration: 103/391, It. time: 2.3418s, Elapsed time: 277.2509 s 
[epoch: 0/1][iteration: 104/391][rank: 0] Loss_D: 0.3490, Loss_G: 3.9531, D(x): 0.8157, D(G(z)): 0.1007 / 0.0233, iteration time: 2.3861s 
Rank: 0, Epoch: 0, iteration: 104/391, It. time: 2.3861s, Elapsed time: 279.6388 s 
[epoch: 0/1][iteration: 105/391][rank: 0] Loss_D: 0.4134, Loss_G: 5.3690, D(x): 0.9083, D(G(z)): 0.2490 / 0.0053, iteration time: 2.3791s 
Rank: 0, Epoch: 0, iteration: 105/391, It. time: 2.3791s, Elapsed time: 282.0196 s 
[epoch: 0/1][iteration: 106/391][rank: 0] Loss_D: 0.4777, Loss_G: 2.5492, D(x): 0.7437, D(G(z)): 0.0548 / 0.0871, iteration time: 2.3947s 
Rank: 0, Epoch: 0, iteration: 106/391, It. time: 2.3947s, Elapsed time: 284.4161 s 
[epoch: 0/1][iteration: 107/391][rank: 0] Loss_D: 0.8332, Loss_G: 7.0010, D(x): 0.9492, D(G(z)): 0.5168 / 0.0011, iteration time: 2.5788s 
Rank: 0, Epoch: 0, iteration: 107/391, It. time: 2.5788s, Elapsed time: 286.9967 s 
[epoch: 0/1][iteration: 108/391][rank: 0] Loss_D: 0.9799, Loss_G: 4.4308, D(x): 0.4550, D(G(z)): 0.0067 / 0.0172, iteration time: 2.4188s 
Rank: 0, Epoch: 0, iteration: 108/391, It. time: 2.4188s, Elapsed time: 289.4173 s 
[epoch: 0/1][iteration: 109/391][rank: 0] Loss_D: 0.2556, Loss_G: 2.7763, D(x): 0.9012, D(G(z)): 0.1265 / 0.0707, iteration time: 2.3922s 
Rank: 0, Epoch: 0, iteration: 109/391, It. time: 2.3922s, Elapsed time: 291.8114 s 
[epoch: 0/1][iteration: 110/391][rank: 0] Loss_D: 0.7725, Loss_G: 6.4480, D(x): 0.9312, D(G(z)): 0.4880 / 0.0023, iteration time: 2.3211s 
Rank: 0, Epoch: 0, iteration: 110/391, It. time: 2.3211s, Elapsed time: 294.1344 s 
[epoch: 0/1][iteration: 111/391][rank: 0] Loss_D: 1.4557, Loss_G: 3.0370, D(x): 0.2965, D(G(z)): 0.0146 / 0.0821, iteration time: 2.3650s 
Rank: 0, Epoch: 0, iteration: 111/391, It. time: 2.3650s, Elapsed time: 296.5010 s 
[epoch: 0/1][iteration: 112/391][rank: 0] Loss_D: 0.3744, Loss_G: 3.2535, D(x): 0.9597, D(G(z)): 0.2627 / 0.0469, iteration time: 2.3296s 
Rank: 0, Epoch: 0, iteration: 112/391, It. time: 2.3296s, Elapsed time: 298.8324 s 
[epoch: 0/1][iteration: 113/391][rank: 0] Loss_D: 0.5056, Loss_G: 3.3881, D(x): 0.8418, D(G(z)): 0.2427 / 0.0385, iteration time: 2.3191s 
Rank: 0, Epoch: 0, iteration: 113/391, It. time: 2.3191s, Elapsed time: 301.1532 s 
[epoch: 0/1][iteration: 114/391][rank: 0] Loss_D: 0.4999, Loss_G: 3.0403, D(x): 0.7517, D(G(z)): 0.1627 / 0.0624, iteration time: 2.3352s 
Rank: 0, Epoch: 0, iteration: 114/391, It. time: 2.3352s, Elapsed time: 303.4903 s 
[epoch: 0/1][iteration: 115/391][rank: 0] Loss_D: 0.6264, Loss_G: 3.9512, D(x): 0.8355, D(G(z)): 0.3117 / 0.0231, iteration time: 2.3617s 
Rank: 0, Epoch: 0, iteration: 115/391, It. time: 2.3617s, Elapsed time: 305.8538 s 
[epoch: 0/1][iteration: 116/391][rank: 0] Loss_D: 0.4745, Loss_G: 2.4787, D(x): 0.7627, D(G(z)): 0.1379 / 0.1106, iteration time: 2.3026s 
Rank: 0, Epoch: 0, iteration: 116/391, It. time: 2.3026s, Elapsed time: 308.1582 s 
[epoch: 0/1][iteration: 117/391][rank: 0] Loss_D: 0.8391, Loss_G: 5.6395, D(x): 0.8493, D(G(z)): 0.4603 / 0.0047, iteration time: 2.3442s 
Rank: 0, Epoch: 0, iteration: 117/391, It. time: 2.3442s, Elapsed time: 310.5042 s 
[epoch: 0/1][iteration: 118/391][rank: 0] Loss_D: 1.5853, Loss_G: 2.5354, D(x): 0.2983, D(G(z)): 0.0221 / 0.1544, iteration time: 2.3631s 
Rank: 0, Epoch: 0, iteration: 118/391, It. time: 2.3631s, Elapsed time: 312.8690 s 
[epoch: 0/1][iteration: 119/391][rank: 0] Loss_D: 0.9641, Loss_G: 5.0611, D(x): 0.9125, D(G(z)): 0.4743 / 0.0257, iteration time: 2.3515s 
Rank: 0, Epoch: 0, iteration: 119/391, It. time: 2.3515s, Elapsed time: 315.2222 s 
[epoch: 0/1][iteration: 120/391][rank: 0] Loss_D: 1.0666, Loss_G: 3.1566, D(x): 0.5188, D(G(z)): 0.0686 / 0.0684, iteration time: 2.3830s 
Rank: 0, Epoch: 0, iteration: 120/391, It. time: 2.3830s, Elapsed time: 317.6069 s 
[epoch: 0/1][iteration: 121/391][rank: 0] Loss_D: 0.3854, Loss_G: 2.9744, D(x): 0.8881, D(G(z)): 0.2141 / 0.0765, iteration time: 2.4287s 
Rank: 0, Epoch: 0, iteration: 121/391, It. time: 2.4287s, Elapsed time: 320.0374 s 
[epoch: 0/1][iteration: 122/391][rank: 0] Loss_D: 0.7599, Loss_G: 4.7434, D(x): 0.8029, D(G(z)): 0.3587 / 0.0157, iteration time: 2.3846s 
Rank: 0, Epoch: 0, iteration: 122/391, It. time: 2.3846s, Elapsed time: 322.4238 s 
[epoch: 0/1][iteration: 123/391][rank: 0] Loss_D: 0.6764, Loss_G: 2.2831, D(x): 0.6286, D(G(z)): 0.0661 / 0.1366, iteration time: 2.3194s 
Rank: 0, Epoch: 0, iteration: 123/391, It. time: 2.3194s, Elapsed time: 324.7450 s 
[epoch: 0/1][iteration: 124/391][rank: 0] Loss_D: 0.6866, Loss_G: 4.9432, D(x): 0.9173, D(G(z)): 0.4328 / 0.0084, iteration time: 2.4054s 
Rank: 0, Epoch: 0, iteration: 124/391, It. time: 2.4054s, Elapsed time: 327.1523 s 
[epoch: 0/1][iteration: 125/391][rank: 0] Loss_D: 0.6643, Loss_G: 2.1368, D(x): 0.5980, D(G(z)): 0.0509 / 0.1375, iteration time: 2.3140s 
Rank: 0, Epoch: 0, iteration: 125/391, It. time: 2.3140s, Elapsed time: 329.4680 s 
[epoch: 0/1][iteration: 126/391][rank: 0] Loss_D: 0.8406, Loss_G: 5.5197, D(x): 0.9299, D(G(z)): 0.5142 / 0.0056, iteration time: 2.2992s 
Rank: 0, Epoch: 0, iteration: 126/391, It. time: 2.2992s, Elapsed time: 331.7689 s 
[epoch: 0/1][iteration: 127/391][rank: 0] Loss_D: 1.1382, Loss_G: 2.7991, D(x): 0.3900, D(G(z)): 0.0233 / 0.0669, iteration time: 2.3009s 
Rank: 0, Epoch: 0, iteration: 127/391, It. time: 2.3009s, Elapsed time: 334.0716 s 
[epoch: 0/1][iteration: 128/391][rank: 0] Loss_D: 0.5916, Loss_G: 3.9513, D(x): 0.9093, D(G(z)): 0.3663 / 0.0250, iteration time: 2.3925s 
Rank: 0, Epoch: 0, iteration: 128/391, It. time: 2.3925s, Elapsed time: 336.4660 s 
[epoch: 0/1][iteration: 129/391][rank: 0] Loss_D: 0.4005, Loss_G: 3.3696, D(x): 0.7961, D(G(z)): 0.0967 / 0.0436, iteration time: 2.4769s 
Rank: 0, Epoch: 0, iteration: 129/391, It. time: 2.4769s, Elapsed time: 338.9446 s 
[epoch: 0/1][iteration: 130/391][rank: 0] Loss_D: 0.3004, Loss_G: 2.7605, D(x): 0.8774, D(G(z)): 0.1432 / 0.0788, iteration time: 2.3102s 
Rank: 0, Epoch: 0, iteration: 130/391, It. time: 2.3102s, Elapsed time: 341.2567 s 
[epoch: 0/1][iteration: 131/391][rank: 0] Loss_D: 0.5513, Loss_G: 4.3643, D(x): 0.9084, D(G(z)): 0.3303 / 0.0156, iteration time: 2.3638s 
Rank: 0, Epoch: 0, iteration: 131/391, It. time: 2.3638s, Elapsed time: 343.6223 s 
[epoch: 0/1][iteration: 132/391][rank: 0] Loss_D: 0.6226, Loss_G: 2.2243, D(x): 0.6423, D(G(z)): 0.0949 / 0.1218, iteration time: 2.3909s 
Rank: 0, Epoch: 0, iteration: 132/391, It. time: 2.3909s, Elapsed time: 346.0150 s 
[epoch: 0/1][iteration: 133/391][rank: 0] Loss_D: 0.5766, Loss_G: 4.4952, D(x): 0.9276, D(G(z)): 0.3742 / 0.0139, iteration time: 2.3744s 
Rank: 0, Epoch: 0, iteration: 133/391, It. time: 2.3744s, Elapsed time: 348.3912 s 
[epoch: 0/1][iteration: 134/391][rank: 0] Loss_D: 0.7320, Loss_G: 2.0942, D(x): 0.5545, D(G(z)): 0.0593 / 0.1299, iteration time: 2.3669s 
Rank: 0, Epoch: 0, iteration: 134/391, It. time: 2.3669s, Elapsed time: 350.7598 s 
[epoch: 0/1][iteration: 135/391][rank: 0] Loss_D: 0.6680, Loss_G: 4.1230, D(x): 0.8697, D(G(z)): 0.3828 / 0.0177, iteration time: 2.3426s 
Rank: 0, Epoch: 0, iteration: 135/391, It. time: 2.3426s, Elapsed time: 353.1043 s 
[epoch: 0/1][iteration: 136/391][rank: 0] Loss_D: 0.5215, Loss_G: 2.5234, D(x): 0.6840, D(G(z)): 0.0893 / 0.0873, iteration time: 2.3488s 
Rank: 0, Epoch: 0, iteration: 136/391, It. time: 2.3488s, Elapsed time: 355.4549 s 
[epoch: 0/1][iteration: 137/391][rank: 0] Loss_D: 0.6329, Loss_G: 4.6549, D(x): 0.8833, D(G(z)): 0.3595 / 0.0113, iteration time: 2.3685s 
Rank: 0, Epoch: 0, iteration: 137/391, It. time: 2.3685s, Elapsed time: 357.8251 s 
[epoch: 0/1][iteration: 138/391][rank: 0] Loss_D: 0.8249, Loss_G: 1.6659, D(x): 0.5048, D(G(z)): 0.0460 / 0.2000, iteration time: 2.3331s 
Rank: 0, Epoch: 0, iteration: 138/391, It. time: 2.3331s, Elapsed time: 360.1600 s 
[epoch: 0/1][iteration: 139/391][rank: 0] Loss_D: 0.9000, Loss_G: 5.2400, D(x): 0.9138, D(G(z)): 0.5355 / 0.0071, iteration time: 2.3013s 
Rank: 0, Epoch: 0, iteration: 139/391, It. time: 2.3013s, Elapsed time: 362.4635 s 
[epoch: 0/1][iteration: 140/391][rank: 0] Loss_D: 0.7965, Loss_G: 2.7811, D(x): 0.5221, D(G(z)): 0.0344 / 0.0770, iteration time: 2.3713s 
Rank: 0, Epoch: 0, iteration: 140/391, It. time: 2.3713s, Elapsed time: 364.8366 s 
[epoch: 0/1][iteration: 141/391][rank: 0] Loss_D: 0.3373, Loss_G: 2.7812, D(x): 0.9028, D(G(z)): 0.1865 / 0.0749, iteration time: 2.3291s 
Rank: 0, Epoch: 0, iteration: 141/391, It. time: 2.3291s, Elapsed time: 367.1675 s 
[epoch: 0/1][iteration: 142/391][rank: 0] Loss_D: 0.8211, Loss_G: 4.6930, D(x): 0.8190, D(G(z)): 0.3851 / 0.0114, iteration time: 2.3584s 
Rank: 0, Epoch: 0, iteration: 142/391, It. time: 2.3584s, Elapsed time: 369.5277 s 
[epoch: 0/1][iteration: 143/391][rank: 0] Loss_D: 0.7919, Loss_G: 2.5668, D(x): 0.5330, D(G(z)): 0.0425 / 0.1034, iteration time: 2.3459s 
Rank: 0, Epoch: 0, iteration: 143/391, It. time: 2.3459s, Elapsed time: 371.8756 s 
[epoch: 0/1][iteration: 144/391][rank: 0] Loss_D: 0.4926, Loss_G: 3.9657, D(x): 0.8787, D(G(z)): 0.2769 / 0.0298, iteration time: 2.5335s 
Rank: 0, Epoch: 0, iteration: 144/391, It. time: 2.5335s, Elapsed time: 374.4108 s 
[epoch: 0/1][iteration: 145/391][rank: 0] Loss_D: 0.4060, Loss_G: 3.1142, D(x): 0.8246, D(G(z)): 0.1677 / 0.0524, iteration time: 2.3698s 
Rank: 0, Epoch: 0, iteration: 145/391, It. time: 2.3698s, Elapsed time: 376.7824 s 
[epoch: 0/1][iteration: 146/391][rank: 0] Loss_D: 0.4368, Loss_G: 4.4727, D(x): 0.8487, D(G(z)): 0.2256 / 0.0134, iteration time: 2.3040s 
Rank: 0, Epoch: 0, iteration: 146/391, It. time: 2.3040s, Elapsed time: 379.0882 s 
[epoch: 0/1][iteration: 147/391][rank: 0] Loss_D: 0.4151, Loss_G: 2.7225, D(x): 0.7417, D(G(z)): 0.0545 / 0.0830, iteration time: 2.5501s 
Rank: 0, Epoch: 0, iteration: 147/391, It. time: 2.5501s, Elapsed time: 381.6402 s 
[epoch: 0/1][iteration: 148/391][rank: 0] Loss_D: 0.5649, Loss_G: 4.6109, D(x): 0.9303, D(G(z)): 0.3601 / 0.0140, iteration time: 2.3206s 
Rank: 0, Epoch: 0, iteration: 148/391, It. time: 2.3206s, Elapsed time: 383.9626 s 
[epoch: 0/1][iteration: 149/391][rank: 0] Loss_D: 0.8536, Loss_G: 2.3448, D(x): 0.5385, D(G(z)): 0.0719 / 0.1067, iteration time: 2.3531s 
Rank: 0, Epoch: 0, iteration: 149/391, It. time: 2.3531s, Elapsed time: 386.3174 s 
[epoch: 0/1][iteration: 150/391][rank: 0] Loss_D: 0.5720, Loss_G: 5.3889, D(x): 0.9020, D(G(z)): 0.3480 / 0.0053, iteration time: 2.3561s 
Rank: 0, Epoch: 0, iteration: 150/391, It. time: 2.3561s, Elapsed time: 388.6753 s 
[epoch: 0/1][iteration: 151/391][rank: 0] Loss_D: 0.4015, Loss_G: 2.7801, D(x): 0.7082, D(G(z)): 0.0206 / 0.0688, iteration time: 2.2986s 
Rank: 0, Epoch: 0, iteration: 151/391, It. time: 2.2986s, Elapsed time: 390.9755 s 
[epoch: 0/1][iteration: 152/391][rank: 0] Loss_D: 0.6971, Loss_G: 6.4995, D(x): 0.9439, D(G(z)): 0.4531 / 0.0018, iteration time: 2.3540s 
Rank: 0, Epoch: 0, iteration: 152/391, It. time: 2.3540s, Elapsed time: 393.3313 s 
[epoch: 0/1][iteration: 153/391][rank: 0] Loss_D: 1.2338, Loss_G: 2.4393, D(x): 0.3918, D(G(z)): 0.0085 / 0.1062, iteration time: 2.3519s 
Rank: 0, Epoch: 0, iteration: 153/391, It. time: 2.3519s, Elapsed time: 395.6850 s 
[epoch: 0/1][iteration: 154/391][rank: 0] Loss_D: 0.6042, Loss_G: 4.4461, D(x): 0.9365, D(G(z)): 0.3925 / 0.0193, iteration time: 2.5637s 
Rank: 0, Epoch: 0, iteration: 154/391, It. time: 2.5637s, Elapsed time: 398.2505 s 
[epoch: 0/1][iteration: 155/391][rank: 0] Loss_D: 0.6876, Loss_G: 2.9694, D(x): 0.6134, D(G(z)): 0.0694 / 0.0584, iteration time: 2.3409s 
Rank: 0, Epoch: 0, iteration: 155/391, It. time: 2.3409s, Elapsed time: 400.5934 s 
[epoch: 0/1][iteration: 156/391][rank: 0] Loss_D: 0.3355, Loss_G: 3.5379, D(x): 0.9112, D(G(z)): 0.2050 / 0.0322, iteration time: 2.3378s 
Rank: 0, Epoch: 0, iteration: 156/391, It. time: 2.3378s, Elapsed time: 402.9330 s 
[epoch: 0/1][iteration: 157/391][rank: 0] Loss_D: 0.3317, Loss_G: 4.3032, D(x): 0.9013, D(G(z)): 0.1942 / 0.0146, iteration time: 2.4550s 
Rank: 0, Epoch: 0, iteration: 157/391, It. time: 2.4550s, Elapsed time: 405.3899 s 
[epoch: 0/1][iteration: 158/391][rank: 0] Loss_D: 0.2387, Loss_G: 3.5791, D(x): 0.8704, D(G(z)): 0.0843 / 0.0324, iteration time: 2.3894s 
Rank: 0, Epoch: 0, iteration: 158/391, It. time: 2.3894s, Elapsed time: 407.7811 s 
[epoch: 0/1][iteration: 159/391][rank: 0] Loss_D: 0.2148, Loss_G: 3.2292, D(x): 0.9025, D(G(z)): 0.0963 / 0.0430, iteration time: 2.3438s 
Rank: 0, Epoch: 0, iteration: 159/391, It. time: 2.3438s, Elapsed time: 410.1266 s 
[epoch: 0/1][iteration: 160/391][rank: 0] Loss_D: 0.5738, Loss_G: 5.9915, D(x): 0.9020, D(G(z)): 0.3469 / 0.0028, iteration time: 2.3829s 
Rank: 0, Epoch: 0, iteration: 160/391, It. time: 2.3829s, Elapsed time: 412.5115 s 
[epoch: 0/1][iteration: 161/391][rank: 0] Loss_D: 0.9367, Loss_G: 2.5964, D(x): 0.4478, D(G(z)): 0.0143 / 0.0956, iteration time: 2.3964s 
Rank: 0, Epoch: 0, iteration: 161/391, It. time: 2.3964s, Elapsed time: 414.9096 s 
[epoch: 0/1][iteration: 162/391][rank: 0] Loss_D: 0.7304, Loss_G: 6.9714, D(x): 0.9474, D(G(z)): 0.4640 / 0.0011, iteration time: 2.3710s 
Rank: 0, Epoch: 0, iteration: 162/391, It. time: 2.3710s, Elapsed time: 417.2822 s 
[epoch: 0/1][iteration: 163/391][rank: 0] Loss_D: 0.6886, Loss_G: 5.1464, D(x): 0.5799, D(G(z)): 0.0042 / 0.0081, iteration time: 2.3439s 
Rank: 0, Epoch: 0, iteration: 163/391, It. time: 2.3439s, Elapsed time: 419.6279 s 
[epoch: 0/1][iteration: 164/391][rank: 0] Loss_D: 0.1278, Loss_G: 2.8719, D(x): 0.9380, D(G(z)): 0.0590 / 0.0719, iteration time: 2.3694s 
Rank: 0, Epoch: 0, iteration: 164/391, It. time: 2.3694s, Elapsed time: 421.9991 s 
[epoch: 0/1][iteration: 165/391][rank: 0] Loss_D: 0.7276, Loss_G: 7.4789, D(x): 0.9632, D(G(z)): 0.4786 / 0.0009, iteration time: 2.3766s 
Rank: 0, Epoch: 0, iteration: 165/391, It. time: 2.3766s, Elapsed time: 424.3774 s 
[epoch: 0/1][iteration: 166/391][rank: 0] Loss_D: 1.1709, Loss_G: 4.0555, D(x): 0.4241, D(G(z)): 0.0041 / 0.0214, iteration time: 2.3265s 
Rank: 0, Epoch: 0, iteration: 166/391, It. time: 2.3265s, Elapsed time: 426.7056 s 
[epoch: 0/1][iteration: 167/391][rank: 0] Loss_D: 0.2453, Loss_G: 2.3106, D(x): 0.9017, D(G(z)): 0.1233 / 0.1223, iteration time: 2.3193s 
Rank: 0, Epoch: 0, iteration: 167/391, It. time: 2.3193s, Elapsed time: 429.0267 s 
[epoch: 0/1][iteration: 168/391][rank: 0] Loss_D: 0.7697, Loss_G: 6.1698, D(x): 0.9366, D(G(z)): 0.4752 / 0.0024, iteration time: 2.5334s 
Rank: 0, Epoch: 0, iteration: 168/391, It. time: 2.5334s, Elapsed time: 431.5618 s 
[epoch: 0/1][iteration: 169/391][rank: 0] Loss_D: 0.5584, Loss_G: 4.1239, D(x): 0.6239, D(G(z)): 0.0115 / 0.0232, iteration time: 2.3742s 
Rank: 0, Epoch: 0, iteration: 169/391, It. time: 2.3742s, Elapsed time: 433.9378 s 
[epoch: 0/1][iteration: 170/391][rank: 0] Loss_D: 0.1599, Loss_G: 2.9565, D(x): 0.9230, D(G(z)): 0.0739 / 0.0585, iteration time: 2.3386s 
Rank: 0, Epoch: 0, iteration: 170/391, It. time: 2.3386s, Elapsed time: 436.2782 s 
[epoch: 0/1][iteration: 171/391][rank: 0] Loss_D: 0.2903, Loss_G: 3.8746, D(x): 0.9444, D(G(z)): 0.2008 / 0.0235, iteration time: 2.3512s 
Rank: 0, Epoch: 0, iteration: 171/391, It. time: 2.3512s, Elapsed time: 438.6311 s 
[epoch: 0/1][iteration: 172/391][rank: 0] Loss_D: 0.1776, Loss_G: 4.2269, D(x): 0.9103, D(G(z)): 0.0763 / 0.0163, iteration time: 2.3629s 
Rank: 0, Epoch: 0, iteration: 172/391, It. time: 2.3629s, Elapsed time: 440.9958 s 
[epoch: 0/1][iteration: 173/391][rank: 0] Loss_D: 0.2332, Loss_G: 3.5590, D(x): 0.8554, D(G(z)): 0.0649 / 0.0315, iteration time: 2.3055s 
Rank: 0, Epoch: 0, iteration: 173/391, It. time: 2.3055s, Elapsed time: 443.3030 s 
[epoch: 0/1][iteration: 174/391][rank: 0] Loss_D: 0.1704, Loss_G: 3.6257, D(x): 0.9198, D(G(z)): 0.0809 / 0.0287, iteration time: 2.2805s 
Rank: 0, Epoch: 0, iteration: 174/391, It. time: 2.2805s, Elapsed time: 445.5852 s 
[epoch: 0/1][iteration: 175/391][rank: 0] Loss_D: 0.2117, Loss_G: 4.4130, D(x): 0.9441, D(G(z)): 0.1389 / 0.0133, iteration time: 2.3520s 
Rank: 0, Epoch: 0, iteration: 175/391, It. time: 2.3520s, Elapsed time: 447.9389 s 
[epoch: 0/1][iteration: 176/391][rank: 0] Loss_D: 0.0835, Loss_G: 4.4158, D(x): 0.9519, D(G(z)): 0.0325 / 0.0141, iteration time: 2.3766s 
Rank: 0, Epoch: 0, iteration: 176/391, It. time: 2.3766s, Elapsed time: 450.3172 s 
[epoch: 0/1][iteration: 177/391][rank: 0] Loss_D: 0.1960, Loss_G: 3.6216, D(x): 0.8751, D(G(z)): 0.0429 / 0.0307, iteration time: 2.3855s 
Rank: 0, Epoch: 0, iteration: 177/391, It. time: 2.3855s, Elapsed time: 452.7045 s 
[epoch: 0/1][iteration: 178/391][rank: 0] Loss_D: 0.1823, Loss_G: 4.0359, D(x): 0.9382, D(G(z)): 0.1064 / 0.0206, iteration time: 2.3230s 
Rank: 0, Epoch: 0, iteration: 178/391, It. time: 2.3230s, Elapsed time: 455.0292 s 
[epoch: 0/1][iteration: 179/391][rank: 0] Loss_D: 0.1843, Loss_G: 4.4347, D(x): 0.9194, D(G(z)): 0.0879 / 0.0136, iteration time: 2.3360s 
Rank: 0, Epoch: 0, iteration: 179/391, It. time: 2.3360s, Elapsed time: 457.3670 s 
[epoch: 0/1][iteration: 180/391][rank: 0] Loss_D: 0.1685, Loss_G: 4.0001, D(x): 0.8841, D(G(z)): 0.0364 / 0.0216, iteration time: 2.3673s 
Rank: 0, Epoch: 0, iteration: 180/391, It. time: 2.3673s, Elapsed time: 459.7360 s 
[epoch: 0/1][iteration: 181/391][rank: 0] Loss_D: 0.2250, Loss_G: 3.9842, D(x): 0.9044, D(G(z)): 0.1086 / 0.0220, iteration time: 2.2997s 
Rank: 0, Epoch: 0, iteration: 181/391, It. time: 2.2997s, Elapsed time: 462.0376 s 
[epoch: 0/1][iteration: 182/391][rank: 0] Loss_D: 0.1880, Loss_G: 4.0806, D(x): 0.9251, D(G(z)): 0.0985 / 0.0204, iteration time: 2.3657s 
Rank: 0, Epoch: 0, iteration: 182/391, It. time: 2.3657s, Elapsed time: 464.4050 s 
[epoch: 0/1][iteration: 183/391][rank: 0] Loss_D: 0.3282, Loss_G: 4.5733, D(x): 0.8805, D(G(z)): 0.1090 / 0.0115, iteration time: 2.3659s 
Rank: 0, Epoch: 0, iteration: 183/391, It. time: 2.3659s, Elapsed time: 466.7727 s 
[epoch: 0/1][iteration: 184/391][rank: 0] Loss_D: 0.1684, Loss_G: 5.0220, D(x): 0.9334, D(G(z)): 0.0902 / 0.0075, iteration time: 2.3606s 
Rank: 0, Epoch: 0, iteration: 184/391, It. time: 2.3606s, Elapsed time: 469.1352 s 
[epoch: 0/1][iteration: 185/391][rank: 0] Loss_D: 0.4061, Loss_G: 5.0683, D(x): 0.8157, D(G(z)): 0.1359 / 0.0075, iteration time: 2.3900s 
Rank: 0, Epoch: 0, iteration: 185/391, It. time: 2.3900s, Elapsed time: 471.5270 s 
[epoch: 0/1][iteration: 186/391][rank: 0] Loss_D: 0.3768, Loss_G: 5.1288, D(x): 0.9151, D(G(z)): 0.1271 / 0.0069, iteration time: 2.3494s 
Rank: 0, Epoch: 0, iteration: 186/391, It. time: 2.3494s, Elapsed time: 473.8782 s 
[epoch: 0/1][iteration: 187/391][rank: 0] Loss_D: 0.3844, Loss_G: 7.2197, D(x): 0.9132, D(G(z)): 0.2395 / 0.0009, iteration time: 2.3295s 
Rank: 0, Epoch: 0, iteration: 187/391, It. time: 2.3295s, Elapsed time: 476.2093 s 
[epoch: 0/1][iteration: 188/391][rank: 0] Loss_D: 0.3569, Loss_G: 5.1881, D(x): 0.7794, D(G(z)): 0.0347 / 0.0089, iteration time: 2.3479s 
Rank: 0, Epoch: 0, iteration: 188/391, It. time: 2.3479s, Elapsed time: 478.5589 s 
[epoch: 0/1][iteration: 189/391][rank: 0] Loss_D: 0.4903, Loss_G: 7.8898, D(x): 0.8853, D(G(z)): 0.2648 / 0.0005, iteration time: 2.4091s 
Rank: 0, Epoch: 0, iteration: 189/391, It. time: 2.4091s, Elapsed time: 480.9697 s 
[epoch: 0/1][iteration: 190/391][rank: 0] Loss_D: 0.0854, Loss_G: 6.6111, D(x): 0.9414, D(G(z)): 0.0220 / 0.0015, iteration time: 2.3399s 
Rank: 0, Epoch: 0, iteration: 190/391, It. time: 2.3399s, Elapsed time: 483.3192 s 
[epoch: 0/1][iteration: 191/391][rank: 0] Loss_D: 0.2321, Loss_G: 5.8827, D(x): 0.9039, D(G(z)): 0.1057 / 0.0033, iteration time: 2.3597s 
Rank: 0, Epoch: 0, iteration: 191/391, It. time: 2.3597s, Elapsed time: 485.6809 s 
[epoch: 0/1][iteration: 192/391][rank: 0] Loss_D: 0.4083, Loss_G: 9.1544, D(x): 0.9460, D(G(z)): 0.2717 / 0.0001, iteration time: 2.3566s 
Rank: 0, Epoch: 0, iteration: 192/391, It. time: 2.3566s, Elapsed time: 488.0392 s 
[epoch: 0/1][iteration: 193/391][rank: 0] Loss_D: 0.2505, Loss_G: 8.2234, D(x): 0.8036, D(G(z)): 0.0026 / 0.0003, iteration time: 2.3499s 
Rank: 0, Epoch: 0, iteration: 193/391, It. time: 2.3499s, Elapsed time: 490.3909 s 
[epoch: 0/1][iteration: 194/391][rank: 0] Loss_D: 0.1770, Loss_G: 5.0818, D(x): 0.9017, D(G(z)): 0.0184 / 0.0083, iteration time: 2.3910s 
Rank: 0, Epoch: 0, iteration: 194/391, It. time: 2.3910s, Elapsed time: 492.7836 s 
[epoch: 0/1][iteration: 195/391][rank: 0] Loss_D: 1.1054, Loss_G: 13.4505, D(x): 0.9836, D(G(z)): 0.5923 / 0.0000, iteration time: 2.3836s 
Rank: 0, Epoch: 0, iteration: 195/391, It. time: 2.3836s, Elapsed time: 495.1688 s 
[epoch: 0/1][iteration: 196/391][rank: 0] Loss_D: 1.7093, Loss_G: 11.4077, D(x): 0.2937, D(G(z)): 0.0000 / 0.0000, iteration time: 2.3544s 
Rank: 0, Epoch: 0, iteration: 196/391, It. time: 2.3544s, Elapsed time: 497.5251 s 
[epoch: 0/1][iteration: 197/391][rank: 0] Loss_D: 0.2384, Loss_G: 9.0493, D(x): 0.8808, D(G(z)): 0.0001 / 0.0003, iteration time: 2.4047s 
Rank: 0, Epoch: 0, iteration: 197/391, It. time: 2.4047s, Elapsed time: 499.9315 s 
[epoch: 0/1][iteration: 198/391][rank: 0] Loss_D: 0.0665, Loss_G: 4.4635, D(x): 0.9508, D(G(z)): 0.0109 / 0.0248, iteration time: 2.3298s 
Rank: 0, Epoch: 0, iteration: 198/391, It. time: 2.3298s, Elapsed time: 502.2629 s 
[epoch: 0/1][iteration: 199/391][rank: 0] Loss_D: 0.7593, Loss_G: 8.6690, D(x): 0.9888, D(G(z)): 0.4545 / 0.0004, iteration time: 2.3781s 
Rank: 0, Epoch: 0, iteration: 199/391, It. time: 2.3781s, Elapsed time: 504.6426 s 
[epoch: 0/1][iteration: 200/391][rank: 0] Loss_D: 0.1390, Loss_G: 8.7816, D(x): 0.8869, D(G(z)): 0.0054 / 0.0005, iteration time: 2.3657s 
Rank: 0, Epoch: 0, iteration: 200/391, It. time: 2.3657s, Elapsed time: 507.0100 s 
[epoch: 0/1][iteration: 201/391][rank: 0] Loss_D: 0.3238, Loss_G: 7.0037, D(x): 0.8046, D(G(z)): 0.0100 / 0.0065, iteration time: 2.3304s 
Rank: 0, Epoch: 0, iteration: 201/391, It. time: 2.3304s, Elapsed time: 509.7213 s 
[epoch: 0/1][iteration: 202/391][rank: 0] Loss_D: 0.1899, Loss_G: 5.3940, D(x): 0.9504, D(G(z)): 0.1014 / 0.0108, iteration time: 2.3224s 
Rank: 0, Epoch: 0, iteration: 202/391, It. time: 2.3224s, Elapsed time: 512.0456 s 
[epoch: 0/1][iteration: 203/391][rank: 0] Loss_D: 0.2399, Loss_G: 5.3147, D(x): 0.9393, D(G(z)): 0.1255 / 0.0071, iteration time: 2.3610s 
Rank: 0, Epoch: 0, iteration: 203/391, It. time: 2.3610s, Elapsed time: 514.4083 s 
[epoch: 0/1][iteration: 204/391][rank: 0] Loss_D: 0.3645, Loss_G: 6.1745, D(x): 0.8978, D(G(z)): 0.1716 / 0.0030, iteration time: 2.3547s 
Rank: 0, Epoch: 0, iteration: 204/391, It. time: 2.3547s, Elapsed time: 516.7648 s 
[epoch: 0/1][iteration: 205/391][rank: 0] Loss_D: 0.2752, Loss_G: 4.7028, D(x): 0.8252, D(G(z)): 0.0315 / 0.0131, iteration time: 2.3472s 
Rank: 0, Epoch: 0, iteration: 205/391, It. time: 2.3472s, Elapsed time: 519.1138 s 
[epoch: 0/1][iteration: 206/391][rank: 0] Loss_D: 0.3203, Loss_G: 5.0848, D(x): 0.9080, D(G(z)): 0.1804 / 0.0079, iteration time: 2.3352s 
Rank: 0, Epoch: 0, iteration: 206/391, It. time: 2.3352s, Elapsed time: 521.4508 s 
[epoch: 0/1][iteration: 207/391][rank: 0] Loss_D: 0.3289, Loss_G: 5.6475, D(x): 0.8665, D(G(z)): 0.1438 / 0.0044, iteration time: 2.3298s 
Rank: 0, Epoch: 0, iteration: 207/391, It. time: 2.3298s, Elapsed time: 523.7824 s 
[epoch: 0/1][iteration: 208/391][rank: 0] Loss_D: 0.2767, Loss_G: 3.8230, D(x): 0.8500, D(G(z)): 0.0858 / 0.0251, iteration time: 2.4058s 
Rank: 0, Epoch: 0, iteration: 208/391, It. time: 2.4058s, Elapsed time: 526.1901 s 
[epoch: 0/1][iteration: 209/391][rank: 0] Loss_D: 0.6521, Loss_G: 7.4169, D(x): 0.8998, D(G(z)): 0.3757 / 0.0009, iteration time: 2.3074s 
Rank: 0, Epoch: 0, iteration: 209/391, It. time: 2.3074s, Elapsed time: 528.4993 s 
[epoch: 0/1][iteration: 210/391][rank: 0] Loss_D: 0.7563, Loss_G: 3.6573, D(x): 0.5473, D(G(z)): 0.0042 / 0.0305, iteration time: 2.3338s 
Rank: 0, Epoch: 0, iteration: 210/391, It. time: 2.3338s, Elapsed time: 530.8348 s 
[epoch: 0/1][iteration: 211/391][rank: 0] Loss_D: 0.3678, Loss_G: 5.0836, D(x): 0.9763, D(G(z)): 0.2803 / 0.0078, iteration time: 2.3290s 
Rank: 0, Epoch: 0, iteration: 211/391, It. time: 2.3290s, Elapsed time: 533.1655 s 
[epoch: 0/1][iteration: 212/391][rank: 0] Loss_D: 0.2009, Loss_G: 4.0425, D(x): 0.8982, D(G(z)): 0.0847 / 0.0253, iteration time: 2.4732s 
Rank: 0, Epoch: 0, iteration: 212/391, It. time: 2.4732s, Elapsed time: 535.6405 s 
[epoch: 0/1][iteration: 213/391][rank: 0] Loss_D: 0.2585, Loss_G: 4.9394, D(x): 0.9530, D(G(z)): 0.1828 / 0.0084, iteration time: 2.5086s 
Rank: 0, Epoch: 0, iteration: 213/391, It. time: 2.5086s, Elapsed time: 538.1510 s 
[epoch: 0/1][iteration: 214/391][rank: 0] Loss_D: 0.2285, Loss_G: 4.0826, D(x): 0.8818, D(G(z)): 0.0679 / 0.0205, iteration time: 2.3882s 
Rank: 0, Epoch: 0, iteration: 214/391, It. time: 2.3882s, Elapsed time: 540.5409 s 
[epoch: 0/1][iteration: 215/391][rank: 0] Loss_D: 0.1941, Loss_G: 4.4493, D(x): 0.9548, D(G(z)): 0.1330 / 0.0130, iteration time: 2.4768s 
Rank: 0, Epoch: 0, iteration: 215/391, It. time: 2.4768s, Elapsed time: 543.0195 s 
[epoch: 0/1][iteration: 216/391][rank: 0] Loss_D: 0.2805, Loss_G: 3.6279, D(x): 0.8305, D(G(z)): 0.0764 / 0.0290, iteration time: 2.3651s 
Rank: 0, Epoch: 0, iteration: 216/391, It. time: 2.3651s, Elapsed time: 545.3862 s 
[epoch: 0/1][iteration: 217/391][rank: 0] Loss_D: 0.3375, Loss_G: 5.0172, D(x): 0.9130, D(G(z)): 0.2055 / 0.0080, iteration time: 2.3975s 
Rank: 0, Epoch: 0, iteration: 217/391, It. time: 2.3975s, Elapsed time: 547.7855 s 
[epoch: 0/1][iteration: 218/391][rank: 0] Loss_D: 0.6219, Loss_G: 2.9398, D(x): 0.6784, D(G(z)): 0.1135 / 0.0647, iteration time: 2.3407s 
Rank: 0, Epoch: 0, iteration: 218/391, It. time: 2.3407s, Elapsed time: 550.1281 s 
[epoch: 0/1][iteration: 219/391][rank: 0] Loss_D: 0.4214, Loss_G: 5.9720, D(x): 0.9435, D(G(z)): 0.2856 / 0.0031, iteration time: 2.3632s 
Rank: 0, Epoch: 0, iteration: 219/391, It. time: 2.3632s, Elapsed time: 552.4931 s 
[epoch: 0/1][iteration: 220/391][rank: 0] Loss_D: 0.2933, Loss_G: 2.7382, D(x): 0.7899, D(G(z)): 0.0242 / 0.1057, iteration time: 2.3727s 
Rank: 0, Epoch: 0, iteration: 220/391, It. time: 2.3727s, Elapsed time: 554.8675 s 
[epoch: 0/1][iteration: 221/391][rank: 0] Loss_D: 0.6716, Loss_G: 7.2642, D(x): 0.9411, D(G(z)): 0.4074 / 0.0010, iteration time: 2.3908s 
Rank: 0, Epoch: 0, iteration: 221/391, It. time: 2.3908s, Elapsed time: 557.2602 s 
[epoch: 0/1][iteration: 222/391][rank: 0] Loss_D: 0.3957, Loss_G: 4.2301, D(x): 0.7146, D(G(z)): 0.0113 / 0.0293, iteration time: 2.6412s 
Rank: 0, Epoch: 0, iteration: 222/391, It. time: 2.6412s, Elapsed time: 559.9032 s 
[epoch: 0/1][iteration: 223/391][rank: 0] Loss_D: 0.1614, Loss_G: 3.8515, D(x): 0.9658, D(G(z)): 0.1066 / 0.0325, iteration time: 2.3206s 
Rank: 0, Epoch: 0, iteration: 223/391, It. time: 2.3206s, Elapsed time: 562.2256 s 
[epoch: 0/1][iteration: 224/391][rank: 0] Loss_D: 0.4452, Loss_G: 6.1679, D(x): 0.9394, D(G(z)): 0.2761 / 0.0029, iteration time: 2.3310s 
Rank: 0, Epoch: 0, iteration: 224/391, It. time: 2.3310s, Elapsed time: 564.5584 s 
[epoch: 0/1][iteration: 225/391][rank: 0] Loss_D: 0.6087, Loss_G: 1.9652, D(x): 0.6170, D(G(z)): 0.0150 / 0.2023, iteration time: 2.2690s 
Rank: 0, Epoch: 0, iteration: 225/391, It. time: 2.2690s, Elapsed time: 566.8294 s 
[epoch: 0/1][iteration: 226/391][rank: 0] Loss_D: 1.0497, Loss_G: 8.5872, D(x): 0.9871, D(G(z)): 0.5725 / 0.0003, iteration time: 2.3475s 
Rank: 0, Epoch: 0, iteration: 226/391, It. time: 2.3475s, Elapsed time: 569.1787 s 
[epoch: 0/1][iteration: 227/391][rank: 0] Loss_D: 2.5918, Loss_G: 3.3994, D(x): 0.1660, D(G(z)): 0.0015 / 0.0757, iteration time: 2.3750s 
Rank: 0, Epoch: 0, iteration: 227/391, It. time: 2.3750s, Elapsed time: 571.5555 s 
[epoch: 0/1][iteration: 228/391][rank: 0] Loss_D: 0.5519, Loss_G: 3.3181, D(x): 0.8894, D(G(z)): 0.3089 / 0.0482, iteration time: 2.3499s 
Rank: 0, Epoch: 0, iteration: 228/391, It. time: 2.3499s, Elapsed time: 573.9072 s 
[epoch: 0/1][iteration: 229/391][rank: 0] Loss_D: 0.3307, Loss_G: 3.9304, D(x): 0.9058, D(G(z)): 0.1758 / 0.0346, iteration time: 2.2569s 
Rank: 0, Epoch: 0, iteration: 229/391, It. time: 2.2569s, Elapsed time: 576.1660 s 
[epoch: 0/1][iteration: 230/391][rank: 0] Loss_D: 0.4912, Loss_G: 2.6244, D(x): 0.7285, D(G(z)): 0.0935 / 0.0988, iteration time: 2.3197s 
Rank: 0, Epoch: 0, iteration: 230/391, It. time: 2.3197s, Elapsed time: 578.4927 s 
[epoch: 0/1][iteration: 231/391][rank: 0] Loss_D: 0.4877, Loss_G: 3.7990, D(x): 0.9220, D(G(z)): 0.3114 / 0.0281, iteration time: 2.2896s 
Rank: 0, Epoch: 0, iteration: 231/391, It. time: 2.2896s, Elapsed time: 580.7844 s 
[epoch: 0/1][iteration: 232/391][rank: 0] Loss_D: 0.4436, Loss_G: 2.9389, D(x): 0.7587, D(G(z)): 0.1063 / 0.0754, iteration time: 2.3749s 
Rank: 0, Epoch: 0, iteration: 232/391, It. time: 2.3749s, Elapsed time: 583.1613 s 
[epoch: 0/1][iteration: 233/391][rank: 0] Loss_D: 0.5580, Loss_G: 3.2149, D(x): 0.8542, D(G(z)): 0.2771 / 0.0525, iteration time: 2.3518s 
Rank: 0, Epoch: 0, iteration: 233/391, It. time: 2.3518s, Elapsed time: 585.5149 s 
[epoch: 0/1][iteration: 234/391][rank: 0] Loss_D: 0.6459, Loss_G: 2.4308, D(x): 0.6604, D(G(z)): 0.1260 / 0.1052, iteration time: 2.4054s 
Rank: 0, Epoch: 0, iteration: 234/391, It. time: 2.4054s, Elapsed time: 587.9221 s 
[epoch: 0/1][iteration: 235/391][rank: 0] Loss_D: 0.5198, Loss_G: 4.1612, D(x): 0.8813, D(G(z)): 0.3016 / 0.0198, iteration time: 2.3437s 
Rank: 0, Epoch: 0, iteration: 235/391, It. time: 2.3437s, Elapsed time: 590.2675 s 
[epoch: 0/1][iteration: 236/391][rank: 0] Loss_D: 0.3902, Loss_G: 2.8262, D(x): 0.7646, D(G(z)): 0.0545 / 0.0760, iteration time: 2.3504s 
Rank: 0, Epoch: 0, iteration: 236/391, It. time: 2.3504s, Elapsed time: 592.6196 s 
[epoch: 0/1][iteration: 237/391][rank: 0] Loss_D: 0.4733, Loss_G: 3.4973, D(x): 0.8631, D(G(z)): 0.2516 / 0.0369, iteration time: 2.3036s 
Rank: 0, Epoch: 0, iteration: 237/391, It. time: 2.3036s, Elapsed time: 594.9249 s 
[epoch: 0/1][iteration: 238/391][rank: 0] Loss_D: 0.2862, Loss_G: 3.4429, D(x): 0.8799, D(G(z)): 0.1304 / 0.0401, iteration time: 2.3490s 
Rank: 0, Epoch: 0, iteration: 238/391, It. time: 2.3490s, Elapsed time: 597.2756 s 
[epoch: 0/1][iteration: 239/391][rank: 0] Loss_D: 0.3083, Loss_G: 2.9668, D(x): 0.8544, D(G(z)): 0.1299 / 0.0575, iteration time: 2.3199s 
Rank: 0, Epoch: 0, iteration: 239/391, It. time: 2.3199s, Elapsed time: 599.5973 s 
[epoch: 0/1][iteration: 240/391][rank: 0] Loss_D: 0.5783, Loss_G: 6.2488, D(x): 0.8668, D(G(z)): 0.3110 / 0.0025, iteration time: 2.3675s 
Rank: 0, Epoch: 0, iteration: 240/391, It. time: 2.3675s, Elapsed time: 601.9666 s 
[epoch: 0/1][iteration: 241/391][rank: 0] Loss_D: 1.2347, Loss_G: 0.5655, D(x): 0.3733, D(G(z)): 0.0164 / 0.6309, iteration time: 2.3710s 
Rank: 0, Epoch: 0, iteration: 241/391, It. time: 2.3710s, Elapsed time: 604.3501 s 
[epoch: 0/1][iteration: 242/391][rank: 0] Loss_D: 1.9331, Loss_G: 8.6695, D(x): 0.9945, D(G(z)): 0.7785 / 0.0003, iteration time: 2.3870s 
Rank: 0, Epoch: 0, iteration: 242/391, It. time: 2.3870s, Elapsed time: 606.7390 s 
[epoch: 0/1][iteration: 243/391][rank: 0] Loss_D: 2.5942, Loss_G: 4.5190, D(x): 0.1585, D(G(z)): 0.0025 / 0.0292, iteration time: 2.4060s 
Rank: 0, Epoch: 0, iteration: 243/391, It. time: 2.4060s, Elapsed time: 609.1467 s 
[epoch: 0/1][iteration: 244/391][rank: 0] Loss_D: 1.0766, Loss_G: 1.3858, D(x): 0.5224, D(G(z)): 0.0962 / 0.3330, iteration time: 2.3248s 
Rank: 0, Epoch: 0, iteration: 244/391, It. time: 2.3248s, Elapsed time: 611.4734 s 
[epoch: 0/1][iteration: 245/391][rank: 0] Loss_D: 1.1501, Loss_G: 2.8625, D(x): 0.8722, D(G(z)): 0.5198 / 0.0689, iteration time: 2.3152s 
Rank: 0, Epoch: 0, iteration: 245/391, It. time: 2.3152s, Elapsed time: 613.7903 s 
[epoch: 0/1][iteration: 246/391][rank: 0] Loss_D: 0.4811, Loss_G: 3.3845, D(x): 0.8625, D(G(z)): 0.2427 / 0.0455, iteration time: 2.3492s 
Rank: 0, Epoch: 0, iteration: 246/391, It. time: 2.3492s, Elapsed time: 616.1414 s 
[epoch: 0/1][iteration: 247/391][rank: 0] Loss_D: 0.3223, Loss_G: 2.8747, D(x): 0.8028, D(G(z)): 0.0831 / 0.0763, iteration time: 2.3428s 
Rank: 0, Epoch: 0, iteration: 247/391, It. time: 2.3428s, Elapsed time: 618.4859 s 
[epoch: 0/1][iteration: 248/391][rank: 0] Loss_D: 0.4113, Loss_G: 2.3514, D(x): 0.8498, D(G(z)): 0.1953 / 0.1251, iteration time: 2.3259s 
Rank: 0, Epoch: 0, iteration: 248/391, It. time: 2.3259s, Elapsed time: 620.8134 s 
[epoch: 0/1][iteration: 249/391][rank: 0] Loss_D: 0.5199, Loss_G: 2.7335, D(x): 0.8677, D(G(z)): 0.2749 / 0.0815, iteration time: 2.3345s 
Rank: 0, Epoch: 0, iteration: 249/391, It. time: 2.3345s, Elapsed time: 623.1497 s 
[epoch: 0/1][iteration: 250/391][rank: 0] Loss_D: 0.4660, Loss_G: 2.9959, D(x): 0.8416, D(G(z)): 0.2204 / 0.0628, iteration time: 2.4151s 
Rank: 0, Epoch: 0, iteration: 250/391, It. time: 2.4151s, Elapsed time: 625.5666 s 
[epoch: 0/1][iteration: 251/391][rank: 0] Loss_D: 0.4394, Loss_G: 2.6813, D(x): 0.7868, D(G(z)): 0.1581 / 0.0835, iteration time: 2.3889s 
Rank: 0, Epoch: 0, iteration: 251/391, It. time: 2.3889s, Elapsed time: 627.9573 s 
[epoch: 0/1][iteration: 252/391][rank: 0] Loss_D: 0.6909, Loss_G: 3.2489, D(x): 0.7758, D(G(z)): 0.2997 / 0.0472, iteration time: 2.3397s 
Rank: 0, Epoch: 0, iteration: 252/391, It. time: 2.3397s, Elapsed time: 630.2989 s 
[epoch: 0/1][iteration: 253/391][rank: 0] Loss_D: 0.3380, Loss_G: 2.2146, D(x): 0.8084, D(G(z)): 0.1011 / 0.1389, iteration time: 2.3181s 
Rank: 0, Epoch: 0, iteration: 253/391, It. time: 2.3181s, Elapsed time: 632.6189 s 
[epoch: 0/1][iteration: 254/391][rank: 0] Loss_D: 0.7319, Loss_G: 6.2218, D(x): 0.9375, D(G(z)): 0.4599 / 0.0030, iteration time: 2.3223s 
Rank: 0, Epoch: 0, iteration: 254/391, It. time: 2.3223s, Elapsed time: 634.9430 s 
[epoch: 0/1][iteration: 255/391][rank: 0] Loss_D: 2.1368, Loss_G: 1.9020, D(x): 0.1888, D(G(z)): 0.0146 / 0.1767, iteration time: 2.3541s 
Rank: 0, Epoch: 0, iteration: 255/391, It. time: 2.3541s, Elapsed time: 637.2989 s 
[epoch: 0/1][iteration: 256/391][rank: 0] Loss_D: 0.7030, Loss_G: 3.0676, D(x): 0.9081, D(G(z)): 0.4151 / 0.0622, iteration time: 2.3259s 
Rank: 0, Epoch: 0, iteration: 256/391, It. time: 2.3259s, Elapsed time: 639.6266 s 
[epoch: 0/1][iteration: 257/391][rank: 0] Loss_D: 0.3958, Loss_G: 3.8287, D(x): 0.8741, D(G(z)): 0.2136 / 0.0254, iteration time: 2.3130s 
Rank: 0, Epoch: 0, iteration: 257/391, It. time: 2.3130s, Elapsed time: 641.9414 s 
[epoch: 0/1][iteration: 258/391][rank: 0] Loss_D: 0.3491, Loss_G: 2.6881, D(x): 0.7880, D(G(z)): 0.0489 / 0.0749, iteration time: 2.3859s 
Rank: 0, Epoch: 0, iteration: 258/391, It. time: 2.3859s, Elapsed time: 644.3304 s 
[epoch: 0/1][iteration: 259/391][rank: 0] Loss_D: 0.9052, Loss_G: 5.2134, D(x): 0.8906, D(G(z)): 0.5150 / 0.0071, iteration time: 2.3435s 
Rank: 0, Epoch: 0, iteration: 259/391, It. time: 2.3435s, Elapsed time: 646.6756 s 
[epoch: 0/1][iteration: 260/391][rank: 0] Loss_D: 1.4094, Loss_G: 2.0342, D(x): 0.2789, D(G(z)): 0.0200 / 0.1581, iteration time: 2.3604s 
Rank: 0, Epoch: 0, iteration: 260/391, It. time: 2.3604s, Elapsed time: 649.0378 s 
[epoch: 0/1][iteration: 261/391][rank: 0] Loss_D: 0.4829, Loss_G: 2.8805, D(x): 0.9313, D(G(z)): 0.3106 / 0.0699, iteration time: 2.3195s 
Rank: 0, Epoch: 0, iteration: 261/391, It. time: 2.3195s, Elapsed time: 651.3591 s 
[epoch: 0/1][iteration: 262/391][rank: 0] Loss_D: 0.5904, Loss_G: 5.7878, D(x): 0.9055, D(G(z)): 0.3682 / 0.0047, iteration time: 2.3447s 
Rank: 0, Epoch: 0, iteration: 262/391, It. time: 2.3447s, Elapsed time: 653.7057 s 
[epoch: 0/1][iteration: 263/391][rank: 0] Loss_D: 1.1994, Loss_G: 2.4952, D(x): 0.4070, D(G(z)): 0.0245 / 0.1643, iteration time: 2.3672s 
Rank: 0, Epoch: 0, iteration: 263/391, It. time: 2.3672s, Elapsed time: 656.0746 s 
[epoch: 0/1][iteration: 264/391][rank: 0] Loss_D: 0.3903, Loss_G: 3.0643, D(x): 0.9632, D(G(z)): 0.2582 / 0.0637, iteration time: 2.3592s 
Rank: 0, Epoch: 0, iteration: 264/391, It. time: 2.3592s, Elapsed time: 658.4356 s 
[epoch: 0/1][iteration: 265/391][rank: 0] Loss_D: 0.5960, Loss_G: 4.3969, D(x): 0.9026, D(G(z)): 0.3250 / 0.0170, iteration time: 2.3511s 
Rank: 0, Epoch: 0, iteration: 265/391, It. time: 2.3511s, Elapsed time: 660.7885 s 
[epoch: 0/1][iteration: 266/391][rank: 0] Loss_D: 0.7658, Loss_G: 2.2409, D(x): 0.5713, D(G(z)): 0.0931 / 0.1646, iteration time: 2.3638s 
Rank: 0, Epoch: 0, iteration: 266/391, It. time: 2.3638s, Elapsed time: 663.1543 s 
[epoch: 0/1][iteration: 267/391][rank: 0] Loss_D: 0.7536, Loss_G: 3.6698, D(x): 0.8474, D(G(z)): 0.3956 / 0.0339, iteration time: 2.2878s 
Rank: 0, Epoch: 0, iteration: 267/391, It. time: 2.2878s, Elapsed time: 665.4439 s 
[epoch: 0/1][iteration: 268/391][rank: 0] Loss_D: 0.5758, Loss_G: 3.1176, D(x): 0.7012, D(G(z)): 0.1447 / 0.0626, iteration time: 2.2960s 
Rank: 0, Epoch: 0, iteration: 268/391, It. time: 2.2960s, Elapsed time: 667.7417 s 
[epoch: 0/1][iteration: 269/391][rank: 0] Loss_D: 0.4790, Loss_G: 2.2631, D(x): 0.7421, D(G(z)): 0.1371 / 0.1284, iteration time: 2.3196s 
Rank: 0, Epoch: 0, iteration: 269/391, It. time: 2.3196s, Elapsed time: 670.0631 s 
[epoch: 0/1][iteration: 270/391][rank: 0] Loss_D: 0.5903, Loss_G: 5.4469, D(x): 0.9617, D(G(z)): 0.4002 / 0.0064, iteration time: 2.3239s 
Rank: 0, Epoch: 0, iteration: 270/391, It. time: 2.3239s, Elapsed time: 672.3888 s 
[epoch: 0/1][iteration: 271/391][rank: 0] Loss_D: 0.6638, Loss_G: 2.5230, D(x): 0.6072, D(G(z)): 0.0200 / 0.1022, iteration time: 2.3050s 
Rank: 0, Epoch: 0, iteration: 271/391, It. time: 2.3050s, Elapsed time: 674.6955 s 
[epoch: 0/1][iteration: 272/391][rank: 0] Loss_D: 0.3613, Loss_G: 3.7866, D(x): 0.9571, D(G(z)): 0.2597 / 0.0349, iteration time: 2.3411s 
Rank: 0, Epoch: 0, iteration: 272/391, It. time: 2.3411s, Elapsed time: 677.0385 s 
[epoch: 0/1][iteration: 273/391][rank: 0] Loss_D: 0.2412, Loss_G: 3.7848, D(x): 0.8994, D(G(z)): 0.1123 / 0.0275, iteration time: 2.3610s 
Rank: 0, Epoch: 0, iteration: 273/391, It. time: 2.3610s, Elapsed time: 679.4013 s 
[epoch: 0/1][iteration: 274/391][rank: 0] Loss_D: 0.3082, Loss_G: 2.7017, D(x): 0.8515, D(G(z)): 0.1143 / 0.0776, iteration time: 2.3599s 
Rank: 0, Epoch: 0, iteration: 274/391, It. time: 2.3599s, Elapsed time: 681.7629 s 
[epoch: 0/1][iteration: 275/391][rank: 0] Loss_D: 0.4314, Loss_G: 4.7021, D(x): 0.9045, D(G(z)): 0.2616 / 0.0112, iteration time: 2.3838s 
Rank: 0, Epoch: 0, iteration: 275/391, It. time: 2.3838s, Elapsed time: 684.1485 s 
[epoch: 0/1][iteration: 276/391][rank: 0] Loss_D: 0.3276, Loss_G: 3.1999, D(x): 0.7827, D(G(z)): 0.0427 / 0.0509, iteration time: 2.3557s 
Rank: 0, Epoch: 0, iteration: 276/391, It. time: 2.3557s, Elapsed time: 686.5060 s 
[epoch: 0/1][iteration: 277/391][rank: 0] Loss_D: 0.3461, Loss_G: 4.7319, D(x): 0.9423, D(G(z)): 0.2264 / 0.0136, iteration time: 2.3144s 
Rank: 0, Epoch: 0, iteration: 277/391, It. time: 2.3144s, Elapsed time: 688.8222 s 
[epoch: 0/1][iteration: 278/391][rank: 0] Loss_D: 0.2281, Loss_G: 3.2125, D(x): 0.8406, D(G(z)): 0.0396 / 0.0534, iteration time: 2.3662s 
Rank: 0, Epoch: 0, iteration: 278/391, It. time: 2.3662s, Elapsed time: 691.1901 s 
[epoch: 0/1][iteration: 279/391][rank: 0] Loss_D: 0.2396, Loss_G: 3.5966, D(x): 0.9305, D(G(z)): 0.1438 / 0.0328, iteration time: 2.3485s 
Rank: 0, Epoch: 0, iteration: 279/391, It. time: 2.3485s, Elapsed time: 693.5405 s 
[epoch: 0/1][iteration: 280/391][rank: 0] Loss_D: 0.2061, Loss_G: 4.0075, D(x): 0.8881, D(G(z)): 0.0638 / 0.0226, iteration time: 2.3733s 
Rank: 0, Epoch: 0, iteration: 280/391, It. time: 2.3733s, Elapsed time: 695.9157 s 
[epoch: 0/1][iteration: 281/391][rank: 0] Loss_D: 0.3717, Loss_G: 5.4717, D(x): 0.8946, D(G(z)): 0.2051 / 0.0052, iteration time: 2.3127s 
Rank: 0, Epoch: 0, iteration: 281/391, It. time: 2.3127s, Elapsed time: 698.2301 s 
[epoch: 0/1][iteration: 282/391][rank: 0] Loss_D: 0.4260, Loss_G: 2.5004, D(x): 0.7072, D(G(z)): 0.0303 / 0.0961, iteration time: 2.3330s 
Rank: 0, Epoch: 0, iteration: 282/391, It. time: 2.3330s, Elapsed time: 700.5649 s 
[epoch: 0/1][iteration: 283/391][rank: 0] Loss_D: 0.4087, Loss_G: 6.8857, D(x): 0.9662, D(G(z)): 0.2859 / 0.0015, iteration time: 2.3963s 
Rank: 0, Epoch: 0, iteration: 283/391, It. time: 2.3963s, Elapsed time: 702.9630 s 
[epoch: 0/1][iteration: 284/391][rank: 0] Loss_D: 0.2571, Loss_G: 3.7019, D(x): 0.8046, D(G(z)): 0.0132 / 0.0379, iteration time: 2.3717s 
Rank: 0, Epoch: 0, iteration: 284/391, It. time: 2.3717s, Elapsed time: 705.3366 s 
[epoch: 0/1][iteration: 285/391][rank: 0] Loss_D: 0.1835, Loss_G: 4.2446, D(x): 0.9609, D(G(z)): 0.1263 / 0.0174, iteration time: 2.3809s 
Rank: 0, Epoch: 0, iteration: 285/391, It. time: 2.3809s, Elapsed time: 707.7194 s 
[epoch: 0/1][iteration: 286/391][rank: 0] Loss_D: 0.2257, Loss_G: 5.4922, D(x): 0.9247, D(G(z)): 0.1242 / 0.0054, iteration time: 2.5373s 
Rank: 0, Epoch: 0, iteration: 286/391, It. time: 2.5373s, Elapsed time: 710.2585 s 
[epoch: 0/1][iteration: 287/391][rank: 0] Loss_D: 0.1168, Loss_G: 4.7678, D(x): 0.9432, D(G(z)): 0.0522 / 0.0123, iteration time: 2.3633s 
Rank: 0, Epoch: 0, iteration: 287/391, It. time: 2.3633s, Elapsed time: 712.6236 s 
[epoch: 0/1][iteration: 288/391][rank: 0] Loss_D: 0.2117, Loss_G: 5.1408, D(x): 0.9303, D(G(z)): 0.1133 / 0.0069, iteration time: 2.3398s 
Rank: 0, Epoch: 0, iteration: 288/391, It. time: 2.3398s, Elapsed time: 714.9652 s 
[epoch: 0/1][iteration: 289/391][rank: 0] Loss_D: 0.1505, Loss_G: 3.9394, D(x): 0.9268, D(G(z)): 0.0679 / 0.0239, iteration time: 2.3165s 
Rank: 0, Epoch: 0, iteration: 289/391, It. time: 2.3165s, Elapsed time: 717.2835 s 
[epoch: 0/1][iteration: 290/391][rank: 0] Loss_D: 0.3998, Loss_G: 7.6008, D(x): 0.9431, D(G(z)): 0.2669 / 0.0006, iteration time: 2.3207s 
Rank: 0, Epoch: 0, iteration: 290/391, It. time: 2.3207s, Elapsed time: 719.6061 s 
[epoch: 0/1][iteration: 291/391][rank: 0] Loss_D: 0.8295, Loss_G: 3.2810, D(x): 0.5313, D(G(z)): 0.0043 / 0.0484, iteration time: 2.3999s 
Rank: 0, Epoch: 0, iteration: 291/391, It. time: 2.3999s, Elapsed time: 722.0079 s 
[epoch: 0/1][iteration: 292/391][rank: 0] Loss_D: 0.4296, Loss_G: 7.8527, D(x): 0.9786, D(G(z)): 0.3208 / 0.0007, iteration time: 2.3211s 
Rank: 0, Epoch: 0, iteration: 292/391, It. time: 2.3211s, Elapsed time: 724.3430 s 
[epoch: 0/1][iteration: 293/391][rank: 0] Loss_D: 0.4527, Loss_G: 3.9294, D(x): 0.6956, D(G(z)): 0.0074 / 0.0384, iteration time: 2.3002s 
Rank: 0, Epoch: 0, iteration: 293/391, It. time: 2.3002s, Elapsed time: 726.6449 s 
[epoch: 0/1][iteration: 294/391][rank: 0] Loss_D: 0.3658, Loss_G: 6.1802, D(x): 0.9788, D(G(z)): 0.2238 / 0.0054, iteration time: 2.3736s 
Rank: 0, Epoch: 0, iteration: 294/391, It. time: 2.3736s, Elapsed time: 729.0202 s 
[epoch: 0/1][iteration: 295/391][rank: 0] Loss_D: 0.1095, Loss_G: 5.6321, D(x): 0.9489, D(G(z)): 0.0523 / 0.0060, iteration time: 2.2974s 
Rank: 0, Epoch: 0, iteration: 295/391, It. time: 2.2974s, Elapsed time: 731.3195 s 
[epoch: 0/1][iteration: 296/391][rank: 0] Loss_D: 0.4625, Loss_G: 4.9452, D(x): 0.8052, D(G(z)): 0.1382 / 0.0203, iteration time: 2.3031s 
Rank: 0, Epoch: 0, iteration: 296/391, It. time: 2.3031s, Elapsed time: 733.6244 s 
[epoch: 0/1][iteration: 297/391][rank: 0] Loss_D: 0.5500, Loss_G: 4.1922, D(x): 0.7073, D(G(z)): 0.0959 / 0.0178, iteration time: 2.3551s 
Rank: 0, Epoch: 0, iteration: 297/391, It. time: 2.3551s, Elapsed time: 735.9816 s 
[epoch: 0/1][iteration: 298/391][rank: 0] Loss_D: 0.1203, Loss_G: 4.7817, D(x): 0.9411, D(G(z)): 0.0503 / 0.0115, iteration time: 2.3541s 
Rank: 0, Epoch: 0, iteration: 298/391, It. time: 2.3541s, Elapsed time: 738.3375 s 
[epoch: 0/1][iteration: 299/391][rank: 0] Loss_D: 1.4685, Loss_G: 12.7610, D(x): 0.9628, D(G(z)): 0.7060 / 0.0000, iteration time: 2.3654s 
Rank: 0, Epoch: 0, iteration: 299/391, It. time: 2.3654s, Elapsed time: 740.7047 s 
[epoch: 0/1][iteration: 300/391][rank: 0] Loss_D: 6.5459, Loss_G: 7.0682, D(x): 0.0036, D(G(z)): 0.0000 / 0.0015, iteration time: 2.3901s 
Rank: 0, Epoch: 0, iteration: 300/391, It. time: 2.3901s, Elapsed time: 743.0966 s 
[epoch: 0/1][iteration: 301/391][rank: 0] Loss_D: 1.6028, Loss_G: 0.3996, D(x): 0.2902, D(G(z)): 0.0076 / 0.7067, iteration time: 2.3707s 
Rank: 0, Epoch: 0, iteration: 301/391, It. time: 2.3707s, Elapsed time: 745.8506 s 
[epoch: 0/1][iteration: 302/391][rank: 0] Loss_D: 2.4339, Loss_G: 2.9220, D(x): 0.9793, D(G(z)): 0.8623 / 0.0630, iteration time: 2.3333s 
Rank: 0, Epoch: 0, iteration: 302/391, It. time: 2.3333s, Elapsed time: 748.1858 s 
[epoch: 0/1][iteration: 303/391][rank: 0] Loss_D: 0.4740, Loss_G: 3.9846, D(x): 0.7779, D(G(z)): 0.1553 / 0.0205, iteration time: 2.3600s 
Rank: 0, Epoch: 0, iteration: 303/391, It. time: 2.3600s, Elapsed time: 750.5474 s 
[epoch: 0/1][iteration: 304/391][rank: 0] Loss_D: 0.7428, Loss_G: 2.5637, D(x): 0.5855, D(G(z)): 0.0759 / 0.0916, iteration time: 2.3745s 
Rank: 0, Epoch: 0, iteration: 304/391, It. time: 2.3745s, Elapsed time: 752.9236 s 
[epoch: 0/1][iteration: 305/391][rank: 0] Loss_D: 0.6344, Loss_G: 2.2162, D(x): 0.7792, D(G(z)): 0.2860 / 0.1287, iteration time: 2.3616s 
Rank: 0, Epoch: 0, iteration: 305/391, It. time: 2.3616s, Elapsed time: 755.2870 s 
[epoch: 0/1][iteration: 306/391][rank: 0] Loss_D: 0.7544, Loss_G: 2.7800, D(x): 0.8584, D(G(z)): 0.4071 / 0.0766, iteration time: 2.3488s 
Rank: 0, Epoch: 0, iteration: 306/391, It. time: 2.3488s, Elapsed time: 757.6379 s 
[epoch: 0/1][iteration: 307/391][rank: 0] Loss_D: 0.7389, Loss_G: 2.7304, D(x): 0.6352, D(G(z)): 0.1721 / 0.0772, iteration time: 2.3523s 
Rank: 0, Epoch: 0, iteration: 307/391, It. time: 2.3523s, Elapsed time: 759.9920 s 
[epoch: 0/1][iteration: 308/391][rank: 0] Loss_D: 0.6907, Loss_G: 2.3765, D(x): 0.7120, D(G(z)): 0.2453 / 0.1049, iteration time: 2.3299s 
Rank: 0, Epoch: 0, iteration: 308/391, It. time: 2.3299s, Elapsed time: 762.3236 s 
[epoch: 0/1][iteration: 309/391][rank: 0] Loss_D: 0.6549, Loss_G: 2.9365, D(x): 0.8078, D(G(z)): 0.3246 / 0.0600, iteration time: 2.3672s 
Rank: 0, Epoch: 0, iteration: 309/391, It. time: 2.3672s, Elapsed time: 764.6926 s 
[epoch: 0/1][iteration: 310/391][rank: 0] Loss_D: 0.4994, Loss_G: 2.8546, D(x): 0.7487, D(G(z)): 0.1628 / 0.0672, iteration time: 2.3970s 
Rank: 0, Epoch: 0, iteration: 310/391, It. time: 2.3970s, Elapsed time: 767.0915 s 
[epoch: 0/1][iteration: 311/391][rank: 0] Loss_D: 0.3532, Loss_G: 3.4428, D(x): 0.8607, D(G(z)): 0.1582 / 0.0412, iteration time: 2.3220s 
Rank: 0, Epoch: 0, iteration: 311/391, It. time: 2.3220s, Elapsed time: 769.4153 s 
[epoch: 0/1][iteration: 312/391][rank: 0] Loss_D: 0.3434, Loss_G: 3.2952, D(x): 0.8762, D(G(z)): 0.1796 / 0.0447, iteration time: 2.3082s 
Rank: 0, Epoch: 0, iteration: 312/391, It. time: 2.3082s, Elapsed time: 771.7251 s 
[epoch: 0/1][iteration: 313/391][rank: 0] Loss_D: 0.4324, Loss_G: 2.8532, D(x): 0.7678, D(G(z)): 0.1280 / 0.0743, iteration time: 2.3541s 
Rank: 0, Epoch: 0, iteration: 313/391, It. time: 2.3541s, Elapsed time: 774.0810 s 
[epoch: 0/1][iteration: 314/391][rank: 0] Loss_D: 0.6036, Loss_G: 5.4706, D(x): 0.9630, D(G(z)): 0.3815 / 0.0056, iteration time: 2.3537s 
Rank: 0, Epoch: 0, iteration: 314/391, It. time: 2.3537s, Elapsed time: 776.4364 s 
[epoch: 0/1][iteration: 315/391][rank: 0] Loss_D: 0.8505, Loss_G: 2.5532, D(x): 0.4989, D(G(z)): 0.0320 / 0.1078, iteration time: 2.3344s 
Rank: 0, Epoch: 0, iteration: 315/391, It. time: 2.3344s, Elapsed time: 778.7726 s 
[epoch: 0/1][iteration: 316/391][rank: 0] Loss_D: 0.5090, Loss_G: 3.8820, D(x): 0.8900, D(G(z)): 0.2791 / 0.0276, iteration time: 2.3449s 
Rank: 0, Epoch: 0, iteration: 316/391, It. time: 2.3449s, Elapsed time: 781.1193 s 
[epoch: 0/1][iteration: 317/391][rank: 0] Loss_D: 0.3345, Loss_G: 3.8823, D(x): 0.8487, D(G(z)): 0.1418 / 0.0254, iteration time: 2.3401s 
Rank: 0, Epoch: 0, iteration: 317/391, It. time: 2.3401s, Elapsed time: 783.4611 s 
[epoch: 0/1][iteration: 318/391][rank: 0] Loss_D: 0.2637, Loss_G: 3.6033, D(x): 0.8736, D(G(z)): 0.1017 / 0.0313, iteration time: 2.3605s 
Rank: 0, Epoch: 0, iteration: 318/391, It. time: 2.3605s, Elapsed time: 785.8235 s 
[epoch: 0/1][iteration: 319/391][rank: 0] Loss_D: 0.2843, Loss_G: 3.6243, D(x): 0.8642, D(G(z)): 0.1104 / 0.0304, iteration time: 2.3343s 
Rank: 0, Epoch: 0, iteration: 319/391, It. time: 2.3343s, Elapsed time: 788.1595 s 
[epoch: 0/1][iteration: 320/391][rank: 0] Loss_D: 0.2888, Loss_G: 4.4718, D(x): 0.8695, D(G(z)): 0.1297 / 0.0148, iteration time: 2.3679s 
Rank: 0, Epoch: 0, iteration: 320/391, It. time: 2.3679s, Elapsed time: 790.5292 s 
[epoch: 0/1][iteration: 321/391][rank: 0] Loss_D: 0.3751, Loss_G: 3.1333, D(x): 0.7655, D(G(z)): 0.0669 / 0.0502, iteration time: 2.3595s 
Rank: 0, Epoch: 0, iteration: 321/391, It. time: 2.3595s, Elapsed time: 792.8907 s 
[epoch: 0/1][iteration: 322/391][rank: 0] Loss_D: 0.3731, Loss_G: 5.6179, D(x): 0.9313, D(G(z)): 0.2422 / 0.0046, iteration time: 2.3733s 
Rank: 0, Epoch: 0, iteration: 322/391, It. time: 2.3733s, Elapsed time: 795.2657 s 
[epoch: 0/1][iteration: 323/391][rank: 0] Loss_D: 0.1761, Loss_G: 4.2030, D(x): 0.8625, D(G(z)): 0.0206 / 0.0220, iteration time: 2.3708s 
Rank: 0, Epoch: 0, iteration: 323/391, It. time: 2.3708s, Elapsed time: 797.6383 s 
[epoch: 0/1][iteration: 324/391][rank: 0] Loss_D: 0.2293, Loss_G: 5.3213, D(x): 0.9524, D(G(z)): 0.1561 / 0.0064, iteration time: 2.5136s 
Rank: 0, Epoch: 0, iteration: 324/391, It. time: 2.5136s, Elapsed time: 800.1536 s 
[epoch: 0/1][iteration: 325/391][rank: 0] Loss_D: 0.1287, Loss_G: 3.7578, D(x): 0.9259, D(G(z)): 0.0467 / 0.0317, iteration time: 2.2819s 
Rank: 0, Epoch: 0, iteration: 325/391, It. time: 2.2819s, Elapsed time: 802.4375 s 
[epoch: 0/1][iteration: 326/391][rank: 0] Loss_D: 0.2199, Loss_G: 5.0706, D(x): 0.9519, D(G(z)): 0.1497 / 0.0087, iteration time: 2.3378s 
Rank: 0, Epoch: 0, iteration: 326/391, It. time: 2.3378s, Elapsed time: 804.7772 s 
[epoch: 0/1][iteration: 327/391][rank: 0] Loss_D: 0.1923, Loss_G: 4.4964, D(x): 0.8736, D(G(z)): 0.0477 / 0.0136, iteration time: 2.3727s 
Rank: 0, Epoch: 0, iteration: 327/391, It. time: 2.3727s, Elapsed time: 807.1516 s 
[epoch: 0/1][iteration: 328/391][rank: 0] Loss_D: 0.4001, Loss_G: 6.4721, D(x): 0.9027, D(G(z)): 0.2342 / 0.0021, iteration time: 2.3180s 
Rank: 0, Epoch: 0, iteration: 328/391, It. time: 2.3180s, Elapsed time: 809.4715 s 
[epoch: 0/1][iteration: 329/391][rank: 0] Loss_D: 0.4152, Loss_G: 3.5477, D(x): 0.7120, D(G(z)): 0.0223 / 0.0528, iteration time: 2.5539s 
Rank: 0, Epoch: 0, iteration: 329/391, It. time: 2.5539s, Elapsed time: 812.0271 s 
[epoch: 0/1][iteration: 330/391][rank: 0] Loss_D: 0.6140, Loss_G: 6.7765, D(x): 0.9445, D(G(z)): 0.3776 / 0.0035, iteration time: 2.3127s 
Rank: 0, Epoch: 0, iteration: 330/391, It. time: 2.3127s, Elapsed time: 814.3416 s 
[epoch: 0/1][iteration: 331/391][rank: 0] Loss_D: 0.6134, Loss_G: 5.1800, D(x): 0.6672, D(G(z)): 0.0074 / 0.0087, iteration time: 2.5417s 
Rank: 0, Epoch: 0, iteration: 331/391, It. time: 2.5417s, Elapsed time: 816.8853 s 
[epoch: 0/1][iteration: 332/391][rank: 0] Loss_D: 0.0939, Loss_G: 3.4874, D(x): 0.9730, D(G(z)): 0.0607 / 0.0456, iteration time: 2.3462s 
Rank: 0, Epoch: 0, iteration: 332/391, It. time: 2.3462s, Elapsed time: 819.2335 s 
[epoch: 0/1][iteration: 333/391][rank: 0] Loss_D: 0.2635, Loss_G: 4.6849, D(x): 0.9928, D(G(z)): 0.2127 / 0.0115, iteration time: 2.3466s 
Rank: 0, Epoch: 0, iteration: 333/391, It. time: 2.3466s, Elapsed time: 821.5819 s 
[epoch: 0/1][iteration: 334/391][rank: 0] Loss_D: 0.3606, Loss_G: 4.3435, D(x): 0.8288, D(G(z)): 0.1182 / 0.0230, iteration time: 2.3836s 
Rank: 0, Epoch: 0, iteration: 334/391, It. time: 2.3836s, Elapsed time: 823.9674 s 
[epoch: 0/1][iteration: 335/391][rank: 0] Loss_D: 0.1927, Loss_G: 3.9335, D(x): 0.9104, D(G(z)): 0.0839 / 0.0270, iteration time: 2.3271s 
Rank: 0, Epoch: 0, iteration: 335/391, It. time: 2.3271s, Elapsed time: 826.2964 s 
[epoch: 0/1][iteration: 336/391][rank: 0] Loss_D: 0.2149, Loss_G: 3.5503, D(x): 0.8679, D(G(z)): 0.0608 / 0.0390, iteration time: 2.3583s 
Rank: 0, Epoch: 0, iteration: 336/391, It. time: 2.3583s, Elapsed time: 828.6565 s 
[epoch: 0/1][iteration: 337/391][rank: 0] Loss_D: 0.2702, Loss_G: 4.4590, D(x): 0.9773, D(G(z)): 0.1950 / 0.0160, iteration time: 2.3449s 
Rank: 0, Epoch: 0, iteration: 337/391, It. time: 2.3449s, Elapsed time: 831.0032 s 
[epoch: 0/1][iteration: 338/391][rank: 0] Loss_D: 0.1426, Loss_G: 4.6532, D(x): 0.9391, D(G(z)): 0.0725 / 0.0135, iteration time: 2.3516s 
Rank: 0, Epoch: 0, iteration: 338/391, It. time: 2.3516s, Elapsed time: 833.3566 s 
[epoch: 0/1][iteration: 339/391][rank: 0] Loss_D: 0.2159, Loss_G: 3.9009, D(x): 0.8886, D(G(z)): 0.0552 / 0.0260, iteration time: 2.2931s 
Rank: 0, Epoch: 0, iteration: 339/391, It. time: 2.2931s, Elapsed time: 835.6515 s 
[epoch: 0/1][iteration: 340/391][rank: 0] Loss_D: 0.1829, Loss_G: 4.0224, D(x): 0.9356, D(G(z)): 0.0959 / 0.0234, iteration time: 2.3345s 
Rank: 0, Epoch: 0, iteration: 340/391, It. time: 2.3345s, Elapsed time: 837.9878 s 
[epoch: 0/1][iteration: 341/391][rank: 0] Loss_D: 0.2888, Loss_G: 5.8960, D(x): 0.9209, D(G(z)): 0.1720 / 0.0035, iteration time: 2.3358s 
Rank: 0, Epoch: 0, iteration: 341/391, It. time: 2.3358s, Elapsed time: 840.3254 s 
[epoch: 0/1][iteration: 342/391][rank: 0] Loss_D: 0.1331, Loss_G: 5.2701, D(x): 0.9104, D(G(z)): 0.0161 / 0.0064, iteration time: 2.3773s 
Rank: 0, Epoch: 0, iteration: 342/391, It. time: 2.3773s, Elapsed time: 842.7045 s 
[epoch: 0/1][iteration: 343/391][rank: 0] Loss_D: 0.0836, Loss_G: 4.4700, D(x): 0.9554, D(G(z)): 0.0350 / 0.0143, iteration time: 2.3594s 
Rank: 0, Epoch: 0, iteration: 343/391, It. time: 2.3594s, Elapsed time: 845.0660 s 
[epoch: 0/1][iteration: 344/391][rank: 0] Loss_D: 0.0670, Loss_G: 4.7184, D(x): 0.9944, D(G(z)): 0.0587 / 0.0110, iteration time: 2.3652s 
Rank: 0, Epoch: 0, iteration: 344/391, It. time: 2.3652s, Elapsed time: 847.4330 s 
[epoch: 0/1][iteration: 345/391][rank: 0] Loss_D: 0.1773, Loss_G: 6.9523, D(x): 0.9822, D(G(z)): 0.1424 / 0.0012, iteration time: 2.4912s 
Rank: 0, Epoch: 0, iteration: 345/391, It. time: 2.4912s, Elapsed time: 849.9259 s 
[epoch: 0/1][iteration: 346/391][rank: 0] Loss_D: 0.0694, Loss_G: 6.0858, D(x): 0.9569, D(G(z)): 0.0219 / 0.0029, iteration time: 2.3477s 
Rank: 0, Epoch: 0, iteration: 346/391, It. time: 2.3477s, Elapsed time: 852.2754 s 
[epoch: 0/1][iteration: 347/391][rank: 0] Loss_D: 0.1105, Loss_G: 4.4496, D(x): 0.9264, D(G(z)): 0.0292 / 0.0148, iteration time: 2.3497s 
Rank: 0, Epoch: 0, iteration: 347/391, It. time: 2.3497s, Elapsed time: 854.6268 s 
[epoch: 0/1][iteration: 348/391][rank: 0] Loss_D: 0.2328, Loss_G: 7.3894, D(x): 0.9839, D(G(z)): 0.1855 / 0.0008, iteration time: 2.3169s 
Rank: 0, Epoch: 0, iteration: 348/391, It. time: 2.3169s, Elapsed time: 856.9457 s 
[epoch: 0/1][iteration: 349/391][rank: 0] Loss_D: 0.2039, Loss_G: 5.8260, D(x): 0.8444, D(G(z)): 0.0088 / 0.0041, iteration time: 2.2825s 
Rank: 0, Epoch: 0, iteration: 349/391, It. time: 2.2825s, Elapsed time: 859.2300 s 
[epoch: 0/1][iteration: 350/391][rank: 0] Loss_D: 0.0309, Loss_G: 4.8528, D(x): 0.9854, D(G(z)): 0.0157 / 0.0093, iteration time: 2.3114s 
Rank: 0, Epoch: 0, iteration: 350/391, It. time: 2.3114s, Elapsed time: 861.5431 s 
[epoch: 0/1][iteration: 351/391][rank: 0] Loss_D: 0.0567, Loss_G: 4.7359, D(x): 0.9925, D(G(z)): 0.0469 / 0.0109, iteration time: 2.3263s 
Rank: 0, Epoch: 0, iteration: 351/391, It. time: 2.3263s, Elapsed time: 863.8714 s 
[epoch: 0/1][iteration: 352/391][rank: 0] Loss_D: 0.2280, Loss_G: 7.0055, D(x): 0.9712, D(G(z)): 0.1596 / 0.0016, iteration time: 2.3547s 
Rank: 0, Epoch: 0, iteration: 352/391, It. time: 2.3547s, Elapsed time: 866.2278 s 
[epoch: 0/1][iteration: 353/391][rank: 0] Loss_D: 0.0948, Loss_G: 6.1688, D(x): 0.9573, D(G(z)): 0.0456 / 0.0033, iteration time: 2.3769s 
Rank: 0, Epoch: 0, iteration: 353/391, It. time: 2.3769s, Elapsed time: 868.6064 s 
[epoch: 0/1][iteration: 354/391][rank: 0] Loss_D: 0.2355, Loss_G: 4.5646, D(x): 0.8445, D(G(z)): 0.0326 / 0.0176, iteration time: 2.3523s 
Rank: 0, Epoch: 0, iteration: 354/391, It. time: 2.3523s, Elapsed time: 870.9605 s 
[epoch: 0/1][iteration: 355/391][rank: 0] Loss_D: 0.3609, Loss_G: 7.3977, D(x): 0.9478, D(G(z)): 0.2459 / 0.0007, iteration time: 2.3213s 
Rank: 0, Epoch: 0, iteration: 355/391, It. time: 2.3213s, Elapsed time: 873.2836 s 
[epoch: 0/1][iteration: 356/391][rank: 0] Loss_D: 0.0835, Loss_G: 7.2045, D(x): 0.9293, D(G(z)): 0.0058 / 0.0010, iteration time: 2.5792s 
Rank: 0, Epoch: 0, iteration: 356/391, It. time: 2.5792s, Elapsed time: 875.8646 s 
[epoch: 0/1][iteration: 357/391][rank: 0] Loss_D: 0.0780, Loss_G: 5.3659, D(x): 0.9417, D(G(z)): 0.0121 / 0.0056, iteration time: 2.3403s 
Rank: 0, Epoch: 0, iteration: 357/391, It. time: 2.3403s, Elapsed time: 878.2066 s 
[epoch: 0/1][iteration: 358/391][rank: 0] Loss_D: 0.0794, Loss_G: 4.4264, D(x): 0.9891, D(G(z)): 0.0650 / 0.0149, iteration time: 2.3420s 
Rank: 0, Epoch: 0, iteration: 358/391, It. time: 2.3420s, Elapsed time: 880.5505 s 
[epoch: 0/1][iteration: 359/391][rank: 0] Loss_D: 0.1709, Loss_G: 6.0284, D(x): 0.9862, D(G(z)): 0.1385 / 0.0029, iteration time: 2.3192s 
Rank: 0, Epoch: 0, iteration: 359/391, It. time: 2.3192s, Elapsed time: 882.8715 s 
[epoch: 0/1][iteration: 360/391][rank: 0] Loss_D: 0.0719, Loss_G: 5.8430, D(x): 0.9511, D(G(z)): 0.0199 / 0.0036, iteration time: 2.3576s 
Rank: 0, Epoch: 0, iteration: 360/391, It. time: 2.3576s, Elapsed time: 885.2308 s 
[epoch: 0/1][iteration: 361/391][rank: 0] Loss_D: 0.1894, Loss_G: 5.7328, D(x): 0.9313, D(G(z)): 0.0990 / 0.0042, iteration time: 2.3857s 
Rank: 0, Epoch: 0, iteration: 361/391, It. time: 2.3857s, Elapsed time: 887.6183 s 
[epoch: 0/1][iteration: 362/391][rank: 0] Loss_D: 0.1421, Loss_G: 5.8561, D(x): 0.9318, D(G(z)): 0.0638 / 0.0037, iteration time: 2.3642s 
Rank: 0, Epoch: 0, iteration: 362/391, It. time: 2.3642s, Elapsed time: 889.9843 s 
[epoch: 0/1][iteration: 363/391][rank: 0] Loss_D: 0.1435, Loss_G: 6.8582, D(x): 0.9562, D(G(z)): 0.0891 / 0.0013, iteration time: 2.3624s 
Rank: 0, Epoch: 0, iteration: 363/391, It. time: 2.3624s, Elapsed time: 892.3486 s 
[epoch: 0/1][iteration: 364/391][rank: 0] Loss_D: 0.1147, Loss_G: 6.0323, D(x): 0.9144, D(G(z)): 0.0159 / 0.0035, iteration time: 2.3420s 
Rank: 0, Epoch: 0, iteration: 364/391, It. time: 2.3420s, Elapsed time: 894.6924 s 
[epoch: 0/1][iteration: 365/391][rank: 0] Loss_D: 0.1570, Loss_G: 6.7521, D(x): 0.9696, D(G(z)): 0.1129 / 0.0013, iteration time: 2.3391s 
Rank: 0, Epoch: 0, iteration: 365/391, It. time: 2.3391s, Elapsed time: 897.0333 s 
[epoch: 0/1][iteration: 366/391][rank: 0] Loss_D: 0.2427, Loss_G: 5.5232, D(x): 0.8265, D(G(z)): 0.0254 / 0.0053, iteration time: 2.3168s 
Rank: 0, Epoch: 0, iteration: 366/391, It. time: 2.3168s, Elapsed time: 899.3519 s 
[epoch: 0/1][iteration: 367/391][rank: 0] Loss_D: 0.1564, Loss_G: 6.5653, D(x): 0.9525, D(G(z)): 0.0910 / 0.0018, iteration time: 2.5120s 
Rank: 0, Epoch: 0, iteration: 367/391, It. time: 2.5120s, Elapsed time: 901.8658 s 
[epoch: 0/1][iteration: 368/391][rank: 0] Loss_D: 0.0650, Loss_G: 6.2827, D(x): 0.9627, D(G(z)): 0.0203 / 0.0024, iteration time: 2.3829s 
Rank: 0, Epoch: 0, iteration: 368/391, It. time: 2.3829s, Elapsed time: 904.2504 s 
[epoch: 0/1][iteration: 369/391][rank: 0] Loss_D: 0.0610, Loss_G: 5.6589, D(x): 0.9708, D(G(z)): 0.0288 / 0.0048, iteration time: 2.3513s 
Rank: 0, Epoch: 0, iteration: 369/391, It. time: 2.3513s, Elapsed time: 906.6035 s 
[epoch: 0/1][iteration: 370/391][rank: 0] Loss_D: 0.0984, Loss_G: 6.0711, D(x): 0.9796, D(G(z)): 0.0726 / 0.0027, iteration time: 2.3427s 
Rank: 0, Epoch: 0, iteration: 370/391, It. time: 2.3427s, Elapsed time: 908.9480 s 
[epoch: 0/1][iteration: 371/391][rank: 0] Loss_D: 0.0991, Loss_G: 5.9662, D(x): 0.9498, D(G(z)): 0.0400 / 0.0031, iteration time: 2.3396s 
Rank: 0, Epoch: 0, iteration: 371/391, It. time: 2.3396s, Elapsed time: 911.2894 s 
[epoch: 0/1][iteration: 372/391][rank: 0] Loss_D: 0.1060, Loss_G: 6.2785, D(x): 0.9764, D(G(z)): 0.0764 / 0.0022, iteration time: 2.3305s 
Rank: 0, Epoch: 0, iteration: 372/391, It. time: 2.3305s, Elapsed time: 913.6217 s 
[epoch: 0/1][iteration: 373/391][rank: 0] Loss_D: 0.0397, Loss_G: 6.0139, D(x): 0.9854, D(G(z)): 0.0242 / 0.0029, iteration time: 2.3418s 
Rank: 0, Epoch: 0, iteration: 373/391, It. time: 2.3418s, Elapsed time: 915.9653 s 
[epoch: 0/1][iteration: 374/391][rank: 0] Loss_D: 0.0860, Loss_G: 5.7356, D(x): 0.9742, D(G(z)): 0.0563 / 0.0041, iteration time: 2.3158s 
Rank: 0, Epoch: 0, iteration: 374/391, It. time: 2.3158s, Elapsed time: 918.2830 s 
[epoch: 0/1][iteration: 375/391][rank: 0] Loss_D: 0.0917, Loss_G: 6.3226, D(x): 0.9779, D(G(z)): 0.0641 / 0.0023, iteration time: 2.3607s 
Rank: 0, Epoch: 0, iteration: 375/391, It. time: 2.3607s, Elapsed time: 920.6455 s 
[epoch: 0/1][iteration: 376/391][rank: 0] Loss_D: 0.1676, Loss_G: 5.8250, D(x): 0.8978, D(G(z)): 0.0301 / 0.0039, iteration time: 2.3725s 
Rank: 0, Epoch: 0, iteration: 376/391, It. time: 2.3725s, Elapsed time: 923.0198 s 
[epoch: 0/1][iteration: 377/391][rank: 0] Loss_D: 0.0617, Loss_G: 6.2435, D(x): 0.9887, D(G(z)): 0.0480 / 0.0025, iteration time: 2.3359s 
Rank: 0, Epoch: 0, iteration: 377/391, It. time: 2.3359s, Elapsed time: 925.3574 s 
[epoch: 0/1][iteration: 378/391][rank: 0] Loss_D: 0.0549, Loss_G: 6.4236, D(x): 0.9895, D(G(z)): 0.0426 / 0.0021, iteration time: 2.2864s 
Rank: 0, Epoch: 0, iteration: 378/391, It. time: 2.2864s, Elapsed time: 927.6455 s 
[epoch: 0/1][iteration: 379/391][rank: 0] Loss_D: 0.1042, Loss_G: 5.9136, D(x): 0.9330, D(G(z)): 0.0263 / 0.0033, iteration time: 2.3297s 
Rank: 0, Epoch: 0, iteration: 379/391, It. time: 2.3297s, Elapsed time: 929.9770 s 
[epoch: 0/1][iteration: 380/391][rank: 0] Loss_D: 0.0830, Loss_G: 6.5319, D(x): 0.9731, D(G(z)): 0.0515 / 0.0018, iteration time: 2.5343s 
Rank: 0, Epoch: 0, iteration: 380/391, It. time: 2.5343s, Elapsed time: 932.5131 s 
[epoch: 0/1][iteration: 381/391][rank: 0] Loss_D: 0.0379, Loss_G: 6.5528, D(x): 0.9859, D(G(z)): 0.0230 / 0.0017, iteration time: 2.3300s 
Rank: 0, Epoch: 0, iteration: 381/391, It. time: 2.3300s, Elapsed time: 934.8448 s 
[epoch: 0/1][iteration: 382/391][rank: 0] Loss_D: 0.0326, Loss_G: 5.5628, D(x): 0.9951, D(G(z)): 0.0271 / 0.0049, iteration time: 2.3448s 
Rank: 0, Epoch: 0, iteration: 382/391, It. time: 2.3448s, Elapsed time: 937.1913 s 
[epoch: 0/1][iteration: 383/391][rank: 0] Loss_D: 0.3558, Loss_G: 13.4551, D(x): 0.9882, D(G(z)): 0.2694 / 0.0000, iteration time: 2.3386s 
Rank: 0, Epoch: 0, iteration: 383/391, It. time: 2.3386s, Elapsed time: 939.5317 s 
[epoch: 0/1][iteration: 384/391][rank: 0] Loss_D: 1.7443, Loss_G: 8.6620, D(x): 0.3989, D(G(z)): 0.0000 / 0.0012, iteration time: 2.3145s 
Rank: 0, Epoch: 0, iteration: 384/391, It. time: 2.3145s, Elapsed time: 941.8478 s 
[epoch: 0/1][iteration: 385/391][rank: 0] Loss_D: 0.0835, Loss_G: 4.3172, D(x): 0.9699, D(G(z)): 0.0414 / 0.0525, iteration time: 2.3510s 
Rank: 0, Epoch: 0, iteration: 385/391, It. time: 2.3510s, Elapsed time: 944.2006 s 
[epoch: 0/1][iteration: 386/391][rank: 0] Loss_D: 0.7789, Loss_G: 12.0240, D(x): 0.9974, D(G(z)): 0.4584 / 0.0000, iteration time: 2.3281s 
Rank: 0, Epoch: 0, iteration: 386/391, It. time: 2.3281s, Elapsed time: 946.5304 s 
[epoch: 0/1][iteration: 387/391][rank: 0] Loss_D: 2.4490, Loss_G: 7.5094, D(x): 0.2432, D(G(z)): 0.0000 / 0.0056, iteration time: 2.5447s 
Rank: 0, Epoch: 0, iteration: 387/391, It. time: 2.5447s, Elapsed time: 949.0769 s 
[epoch: 0/1][iteration: 388/391][rank: 0] Loss_D: 0.1845, Loss_G: 3.8967, D(x): 0.8884, D(G(z)): 0.0277 / 0.1142, iteration time: 2.3351s 
Rank: 0, Epoch: 0, iteration: 388/391, It. time: 2.3351s, Elapsed time: 951.4141 s 
[epoch: 0/1][iteration: 389/391][rank: 0] Loss_D: 0.9283, Loss_G: 7.1444, D(x): 0.9968, D(G(z)): 0.4711 / 0.0171, iteration time: 2.3451s 
Rank: 0, Epoch: 0, iteration: 389/391, It. time: 2.3451s, Elapsed time: 953.7612 s 
[epoch: 0/1][iteration: 390/391][rank: 0] Loss_D: 0.8555, Loss_G: 6.1580, D(x): 0.6466, D(G(z)): 0.0169 / 0.0094, iteration time: 1.6437s 
Rank: 0, Epoch: 0, iteration: 390/391, It. time: 1.6437s, Elapsed time: 955.4065 s 
[Rank: 0] Epoch 0 took: 925.2236 seconds 
Rank: 0, Epoch: 0, Epoch time: 925.2236s, Elapsed time: 955.4177 s